15-06-2021 16:00:33.920 [Gauge] [DEBUG] Created gauge_screenshots_dir at C:\Users\testinium\Desktop\Workspace\GirişEğitimi\ApiumAndBDD\MobileTesting_w_Appium\.gauge\screenshots
15-06-2021 16:00:34.121 [Gauge] [DEBUG] Plugin java is already installed.
15-06-2021 16:00:34.135 [Gauge] [DEBUG] Plugin html-report is already installed.
15-06-2021 16:00:34.138 [Gauge] [DEBUG] Parsing started.
15-06-2021 16:00:34.139 [Gauge] [DEBUG] Started concepts parsing.
15-06-2021 16:00:34.143 [Gauge] [DEBUG] 1 concepts parsing completed.
15-06-2021 16:00:34.144 [Gauge] [DEBUG] Started specifications parsing.
15-06-2021 16:00:34.146 [Gauge] [DEBUG] 1 specifications parsing completed.
15-06-2021 16:00:34.146 [Gauge] [DEBUG] Parsing completed.
15-06-2021 16:00:34.720 [Gauge] [DEBUG] Checking updates...
15-06-2021 16:00:34.722 [Gauge] [DEBUG] Downloading https://downloads.gauge.org/plugin/html-report?l=java&p=html-report,java,screenshot,spectacle,xml-report&o=windows&a=amd64
15-06-2021 16:00:35.161 [java] [DEBUG] ***** Printing Properties/Env Values *****
15-06-2021 16:00:35.162 [java] [DEBUG] PATH: C:\Program Files (x86)\Common Files\Oracle\Java\javapath;C:\Windows\system32;C:\Windows;C:\Windows\System32\Wbem;C:\Windows\System32\WindowsPowerShell\v1.0\;C:\Windows\System32\OpenSSH\;C:\Program Files\nodejs\;C:\Program Files\maven\apache-maven-3.8.1\bin;C:\Program Files\Java\jdk1.8.0_291\bin;C:\Program Files\Gauge\bin;C:\WINDOWS\system32;C:\WINDOWS;C:\WINDOWS\System32\Wbem;C:\WINDOWS\System32\WindowsPowerShell\v1.0\;C:\WINDOWS\System32\OpenSSH\;C:\Program Files\Git\cmd;C:\Users\testinium\AppData\Local\Android\Sdk\platform-tools;C:\Users\testinium\AppData\Local\Android\Sdk\tools;C:\Users\testinium\AppData\Local\Android\Sdk\build-tools\30.0.3;C:\Users\testinium\AppData\Local\Microsoft\WindowsApps;C:\Users\testinium\AppData\Roaming\npm;;C:\Users\testinium\AppData\Roaming\gauge\plugins\screenshot\0.0.1
15-06-2021 16:00:35.162 [java] [DEBUG] JAVA_HOME: C:\Program Files\Java\jdk1.8.0_291
15-06-2021 16:00:35.162 [java] [DEBUG] gauge_project_root: C:\Users\testinium\Desktop\Workspace\GirişEğitimi\ApiumAndBDD\MobileTesting_w_Appium
15-06-2021 16:00:35.162 [java] [DEBUG] gauge_parallel_streams_count: 
15-06-2021 16:00:35.162 [java] [DEBUG] gauge_reports_dir: reports
15-06-2021 16:00:35.162 [java] [DEBUG] overwrite_reports: true
15-06-2021 16:00:35.162 [java] [DEBUG] logs_directory: logs
15-06-2021 16:00:35.162 [java] [DEBUG] enable_multithreading: 
15-06-2021 16:00:35.162 [java] [DEBUG] gauge_specs_dir: specs
15-06-2021 16:00:35.162 [java] [DEBUG] csv_delimiter: ,
15-06-2021 16:00:35.162 [java] [DEBUG] gauge_java_home: 
15-06-2021 16:00:35.162 [java] [DEBUG] gauge_custom_build_path: 
15-06-2021 16:00:35.162 [java] [DEBUG] gauge_additional_libs: libs/*
15-06-2021 16:00:35.162 [java] [DEBUG] gauge_jvm_args: 
15-06-2021 16:00:35.162 [java] [DEBUG] gauge_custom_compile_dir: 
15-06-2021 16:00:35.162 [java] [DEBUG] gauge_clear_state_level: scenario
15-06-2021 16:00:35.162 [java] [DEBUG] ***** END *****
15-06-2021 16:00:35.464 [Gauge] [DEBUG] Downloading https://downloads.gauge.org/plugin/java?l=java&p=html-report,java,screenshot,spectacle,xml-report&o=windows&a=amd64
15-06-2021 16:00:35.696 [Gauge] [DEBUG] Downloading https://downloads.gauge.org/plugin/screenshot?l=java&p=html-report,java,screenshot,spectacle,xml-report&o=windows&a=amd64
15-06-2021 16:00:36.035 [Gauge] [DEBUG] Downloading https://downloads.gauge.org/plugin/spectacle?l=java&p=html-report,java,screenshot,spectacle,xml-report&o=windows&a=amd64
15-06-2021 16:00:36.282 [Gauge] [DEBUG] Downloading https://downloads.gauge.org/plugin/xml-report?l=java&p=html-report,java,screenshot,spectacle,xml-report&o=windows&a=amd64
15-06-2021 16:00:54.117 [java] [ERROR] Installed version of gauge-java (0.7.15) does not match with dependency gauge-java (0.7.3) specified in pom.xml file
15-06-2021 16:00:54.117 [java] [DEBUG] classpath set to C:\Program Files\Java\jdk1.8.0_291\jre\lib\charsets.jar;C:\Program Files\Java\jdk1.8.0_291\jre\lib\deploy.jar;C:\Program Files\Java\jdk1.8.0_291\jre\lib\ext\access-bridge-64.jar;C:\Program Files\Java\jdk1.8.0_291\jre\lib\ext\cldrdata.jar;C:\Program Files\Java\jdk1.8.0_291\jre\lib\ext\dnsns.jar;C:\Program Files\Java\jdk1.8.0_291\jre\lib\ext\jaccess.jar;C:\Program Files\Java\jdk1.8.0_291\jre\lib\ext\jfxrt.jar;C:\Program Files\Java\jdk1.8.0_291\jre\lib\ext\localedata.jar;C:\Program Files\Java\jdk1.8.0_291\jre\lib\ext\nashorn.jar;C:\Program Files\Java\jdk1.8.0_291\jre\lib\ext\sunec.jar;C:\Program Files\Java\jdk1.8.0_291\jre\lib\ext\sunjce_provider.jar;C:\Program Files\Java\jdk1.8.0_291\jre\lib\ext\sunmscapi.jar;C:\Program Files\Java\jdk1.8.0_291\jre\lib\ext\sunpkcs11.jar;C:\Program Files\Java\jdk1.8.0_291\jre\lib\ext\zipfs.jar;C:\Program Files\Java\jdk1.8.0_291\jre\lib\javaws.jar;C:\Program Files\Java\jdk1.8.0_291\jre\lib\jce.jar;C:\Program Files\Java\jdk1.8.0_291\jre\lib\jfr.jar;C:\Program Files\Java\jdk1.8.0_291\jre\lib\jfxswt.jar;C:\Program Files\Java\jdk1.8.0_291\jre\lib\jsse.jar;C:\Program Files\Java\jdk1.8.0_291\jre\lib\management-agent.jar;C:\Program Files\Java\jdk1.8.0_291\jre\lib\plugin.jar;C:\Program Files\Java\jdk1.8.0_291\jre\lib\resources.jar;C:\Program Files\Java\jdk1.8.0_291\jre\lib\rt.jar;C:\Users\testinium\Desktop\Workspace\GirişEğitimi\ApiumAndBDD\MobileTesting_w_Appium\target\test-classes;C:\Users\testinium\.m2\repository\junit\junit\4.12\junit-4.12.jar;C:\Users\testinium\.m2\repository\org\hamcrest\hamcrest-core\1.3\hamcrest-core-1.3.jar;C:\Users\testinium\.m2\repository\com\thoughtworks\gauge\gauge-java\0.7.3\gauge-java-0.7.3.jar;C:\Users\testinium\.m2\repository\org\assertj\assertj-core\3.14.0\assertj-core-3.14.0.jar;C:\Users\testinium\.m2\repository\org\reflections\reflections\0.9.11\reflections-0.9.11.jar;C:\Users\testinium\.m2\repository\org\javassist\javassist\3.21.0-GA\javassist-3.21.0-GA.jar;C:\Users\testinium\.m2\repository\com\github\javaparser\javaparser-core\2.5.1\javaparser-core-2.5.1.jar;C:\Users\testinium\.m2\repository\commons-io\commons-io\2.6\commons-io-2.6.jar;C:\Users\testinium\.m2\repository\commons-lang\commons-lang\2.6\commons-lang-2.6.jar;C:\Users\testinium\.m2\repository\org\json\json\20190722\json-20190722.jar;C:\Users\testinium\.m2\repository\com\google\protobuf\protobuf-java\3.10.0\protobuf-java-3.10.0.jar;C:\Users\testinium\.m2\repository\com\google\guava\guava\28.1-jre\guava-28.1-jre.jar;C:\Users\testinium\.m2\repository\com\google\guava\failureaccess\1.0.1\failureaccess-1.0.1.jar;C:\Users\testinium\.m2\repository\com\google\guava\listenablefuture\9999.0-empty-to-avoid-conflict-with-guava\listenablefuture-9999.0-empty-to-avoid-conflict-with-guava.jar;C:\Users\testinium\.m2\repository\com\google\code\findbugs\jsr305\3.0.2\jsr305-3.0.2.jar;C:\Users\testinium\.m2\repository\org\checkerframework\checker-qual\2.8.1\checker-qual-2.8.1.jar;C:\Users\testinium\.m2\repository\com\google\errorprone\error_prone_annotations\2.3.2\error_prone_annotations-2.3.2.jar;C:\Users\testinium\.m2\repository\com\google\j2objc\j2objc-annotations\1.3\j2objc-annotations-1.3.jar;C:\Users\testinium\.m2\repository\org\codehaus\mojo\animal-sniffer-annotations\1.18\animal-sniffer-annotations-1.18.jar;C:\Users\testinium\.m2\repository\io\grpc\grpc-netty-shaded\1.25.0\grpc-netty-shaded-1.25.0.jar;C:\Users\testinium\.m2\repository\io\grpc\grpc-core\1.25.0\grpc-core-1.25.0.jar;C:\Users\testinium\.m2\repository\io\grpc\grpc-api\1.25.0\grpc-api-1.25.0.jar;C:\Users\testinium\.m2\repository\io\grpc\grpc-context\1.25.0\grpc-context-1.25.0.jar;C:\Users\testinium\.m2\repository\com\google\android\annotations\4.1.1.4\annotations-4.1.1.4.jar;C:\Users\testinium\.m2\repository\io\perfmark\perfmark-api\0.19.0\perfmark-api-0.19.0.jar;C:\Users\testinium\.m2\repository\io\opencensus\opencensus-api\0.21.0\opencensus-api-0.21.0.jar;C:\Users\testinium\.m2\repository\io\opencensus\opencensus-contrib-grpc-metrics\0.21.0\opencensus-contrib-grpc-metrics-0.21.0.jar;C:\Users\testinium\.m2\repository\io\grpc\grpc-protobuf\1.24.1\grpc-protobuf-1.24.1.jar;C:\Users\testinium\.m2\repository\com\google\api\grpc\proto-google-common-protos\1.12.0\proto-google-common-protos-1.12.0.jar;C:\Users\testinium\.m2\repository\io\grpc\grpc-protobuf-lite\1.24.1\grpc-protobuf-lite-1.24.1.jar;C:\Users\testinium\.m2\repository\io\grpc\grpc-stub\1.24.1\grpc-stub-1.24.1.jar;C:\Users\testinium\.m2\repository\javax\annotation\javax.annotation-api\1.3.2\javax.annotation-api-1.3.2.jar;C:\Users\testinium\.m2\repository\io\appium\java-client\7.3.0\java-client-7.3.0.jar;C:\Users\testinium\.m2\repository\org\seleniumhq\selenium\selenium-java\3.141.59\selenium-java-3.141.59.jar;C:\Users\testinium\.m2\repository\org\seleniumhq\selenium\selenium-chrome-driver\3.141.59\selenium-chrome-driver-3.141.59.jar;C:\Users\testinium\.m2\repository\org\seleniumhq\selenium\selenium-edge-driver\3.141.59\selenium-edge-driver-3.141.59.jar;C:\Users\testinium\.m2\repository\org\seleniumhq\selenium\selenium-firefox-driver\3.141.59\selenium-firefox-driver-3.141.59.jar;C:\Users\testinium\.m2\repository\org\seleniumhq\selenium\selenium-ie-driver\3.141.59\selenium-ie-driver-3.141.59.jar;C:\Users\testinium\.m2\repository\org\seleniumhq\selenium\selenium-opera-driver\3.141.59\selenium-opera-driver-3.141.59.jar;C:\Users\testinium\.m2\repository\org\seleniumhq\selenium\selenium-remote-driver\3.141.59\selenium-remote-driver-3.141.59.jar;C:\Users\testinium\.m2\repository\org\seleniumhq\selenium\selenium-safari-driver\3.141.59\selenium-safari-driver-3.141.59.jar;C:\Users\testinium\.m2\repository\net\bytebuddy\byte-buddy\1.8.15\byte-buddy-1.8.15.jar;C:\Users\testinium\.m2\repository\org\apache\commons\commons-exec\1.3\commons-exec-1.3.jar;C:\Users\testinium\.m2\repository\com\squareup\okhttp3\okhttp\3.11.0\okhttp-3.11.0.jar;C:\Users\testinium\.m2\repository\com\squareup\okio\okio\1.14.0\okio-1.14.0.jar;C:\Users\testinium\.m2\repository\org\seleniumhq\selenium\selenium-support\3.141.59\selenium-support-3.141.59.jar;C:\Users\testinium\.m2\repository\org\seleniumhq\selenium\selenium-api\3.141.59\selenium-api-3.141.59.jar;C:\Users\testinium\.m2\repository\com\google\code\gson\gson\2.8.5\gson-2.8.5.jar;C:\Users\testinium\.m2\repository\org\apache\httpcomponents\httpclient\4.5.9\httpclient-4.5.9.jar;C:\Users\testinium\.m2\repository\org\apache\httpcomponents\httpcore\4.4.11\httpcore-4.4.11.jar;C:\Users\testinium\.m2\repository\commons-logging\commons-logging\1.2\commons-logging-1.2.jar;C:\Users\testinium\.m2\repository\commons-codec\commons-codec\1.11\commons-codec-1.11.jar;C:\Users\testinium\.m2\repository\cglib\cglib\3.2.12\cglib-3.2.12.jar;C:\Users\testinium\.m2\repository\org\ow2\asm\asm\7.1\asm-7.1.jar;C:\Users\testinium\.m2\repository\commons-validator\commons-validator\1.6\commons-validator-1.6.jar;C:\Users\testinium\.m2\repository\commons-beanutils\commons-beanutils\1.9.2\commons-beanutils-1.9.2.jar;C:\Users\testinium\.m2\repository\commons-digester\commons-digester\1.8.1\commons-digester-1.8.1.jar;C:\Users\testinium\.m2\repository\commons-collections\commons-collections\3.2.2\commons-collections-3.2.2.jar;C:\Users\testinium\.m2\repository\org\apache\commons\commons-lang3\3.9\commons-lang3-3.9.jar;C:\Users\testinium\.m2\repository\org\springframework\spring-context\5.1.8.RELEASE\spring-context-5.1.8.RELEASE.jar;C:\Users\testinium\.m2\repository\org\springframework\spring-aop\5.1.8.RELEASE\spring-aop-5.1.8.RELEASE.jar;C:\Users\testinium\.m2\repository\org\springframework\spring-beans\5.1.8.RELEASE\spring-beans-5.1.8.RELEASE.jar;C:\Users\testinium\.m2\repository\org\springframework\spring-core\5.1.8.RELEASE\spring-core-5.1.8.RELEASE.jar;C:\Users\testinium\.m2\repository\org\springframework\spring-jcl\5.1.8.RELEASE\spring-jcl-5.1.8.RELEASE.jar;C:\Users\testinium\.m2\repository\org\springframework\spring-expression\5.1.8.RELEASE\spring-expression-5.1.8.RELEASE.jar;C:\Users\testinium\.m2\repository\org\aspectj\aspectjweaver\1.9.4\aspectjweaver-1.9.4.jar;C:\Users\testinium\.m2\repository\org\slf4j\slf4j-api\1.7.30\slf4j-api-1.7.30.jar;C:\Users\testinium\.m2\repository\org\slf4j\slf4j-log4j12\1.7.30\slf4j-log4j12-1.7.30.jar;C:\Users\testinium\.m2\repository\log4j\log4j\1.2.17\log4j-1.2.17.jar
15-06-2021 16:00:54.315 [java] [DEBUG] found java executable in C:\Program Files\Java\jdk1.8.0_291\jre\bin\java.exe
15-06-2021 16:00:54.315 [java] [DEBUG] running - C:\Program Files\Java\jdk1.8.0_291\jre\bin\java.exe [-Dfile.encoding=UTF-8 com.thoughtworks.gauge.GaugeRuntime --start]
15-06-2021 16:00:54.315 [java] [DEBUG] stdout/stderr is logged to logs\19204-java.exe.out
15-06-2021 16:00:54.705 [java] [DEBUG] Connecting to port: 0
15-06-2021 16:00:54.718 [java] [CRITICAL] Error in thread 1
Format specifier '%!s(MISSING)'
java.util.MissingFormatArgumentException: Format specifier '%!s(MISSING)'
	at java.util.Formatter.format(Formatter.java:2519)
	at java.util.Formatter.format(Formatter.java:2455)
	at java.lang.String.format(String.java:2940)
	at com.thoughtworks.gauge.connection.GaugeConnector.connect(GaugeConnector.java:45)
	at com.thoughtworks.gauge.connection.GaugeConnector.makeConnectionsToGaugeCore(GaugeConnector.java:35)
	at com.thoughtworks.gauge.GaugeRuntime.makeConnection(GaugeRuntime.java:120)
	at com.thoughtworks.gauge.GaugeRuntime.connectSynchronously(GaugeRuntime.java:106)
	at com.thoughtworks.gauge.GaugeRuntime.startGaugeServer(GaugeRuntime.java:76)
	at com.thoughtworks.gauge.GaugeRuntime.main(GaugeRuntime.java:53)
15-06-2021 16:00:54.753 [java] [CRITICAL] process C:\Program Files\Java\jdk1.8.0_291\jre\bin\java.exe with pid 6856 quit unexpectedly. exit status 1
15-06-2021 16:00:54.771 [Gauge] [ERROR] Error occurred while waiting for runner process to finish.
Error : exit status 1
15-06-2021 16:01:05.154 [Gauge] [CRITICAL] Failed to start gauge API: Timed out connecting to java
15-06-2021 16:07:46.063 [Gauge] [DEBUG] Created gauge_screenshots_dir at C:\Users\testinium\Desktop\Workspace\GirişEğitimi\ApiumAndBDD\MobileTesting_w_Appium\.gauge\screenshots
15-06-2021 16:07:46.070 [Gauge] [DEBUG] Plugin java is already installed.
15-06-2021 16:07:46.071 [Gauge] [DEBUG] Plugin html-report is already installed.
15-06-2021 16:07:46.072 [Gauge] [DEBUG] Parsing started.
15-06-2021 16:07:46.073 [Gauge] [DEBUG] Started concepts parsing.
15-06-2021 16:07:46.078 [Gauge] [DEBUG] 1 concepts parsing completed.
15-06-2021 16:07:46.078 [Gauge] [DEBUG] Started specifications parsing.
15-06-2021 16:07:46.080 [Gauge] [DEBUG] 1 specifications parsing completed.
15-06-2021 16:07:46.080 [Gauge] [DEBUG] Parsing completed.
15-06-2021 16:07:46.119 [java] [DEBUG] ***** Printing Properties/Env Values *****
15-06-2021 16:07:46.119 [java] [DEBUG] PATH: C:\Program Files (x86)\Common Files\Oracle\Java\javapath;C:\Windows\system32;C:\Windows;C:\Windows\System32\Wbem;C:\Windows\System32\WindowsPowerShell\v1.0\;C:\Windows\System32\OpenSSH\;C:\Program Files\nodejs\;C:\Program Files\maven\apache-maven-3.8.1\bin;C:\Program Files\Java\jdk1.8.0_291\bin;C:\Program Files\Gauge\bin;C:\WINDOWS\system32;C:\WINDOWS;C:\WINDOWS\System32\Wbem;C:\WINDOWS\System32\WindowsPowerShell\v1.0\;C:\WINDOWS\System32\OpenSSH\;C:\Program Files\Git\cmd;C:\Users\testinium\AppData\Local\Android\Sdk\platform-tools;C:\Users\testinium\AppData\Local\Android\Sdk\tools;C:\Users\testinium\AppData\Local\Android\Sdk\build-tools\30.0.3;C:\Users\testinium\AppData\Local\Microsoft\WindowsApps;C:\Users\testinium\AppData\Roaming\npm;;C:\Users\testinium\AppData\Roaming\gauge\plugins\screenshot\0.0.1
15-06-2021 16:07:46.119 [java] [DEBUG] JAVA_HOME: C:\Program Files\Java\jdk1.8.0_291
15-06-2021 16:07:46.119 [java] [DEBUG] gauge_project_root: C:\Users\testinium\Desktop\Workspace\GirişEğitimi\ApiumAndBDD\MobileTesting_w_Appium
15-06-2021 16:07:46.119 [java] [DEBUG] gauge_parallel_streams_count: 
15-06-2021 16:07:46.119 [java] [DEBUG] gauge_reports_dir: reports
15-06-2021 16:07:46.120 [java] [DEBUG] overwrite_reports: true
15-06-2021 16:07:46.120 [java] [DEBUG] logs_directory: logs
15-06-2021 16:07:46.120 [java] [DEBUG] enable_multithreading: 
15-06-2021 16:07:46.120 [java] [DEBUG] gauge_specs_dir: specs
15-06-2021 16:07:46.120 [java] [DEBUG] csv_delimiter: ,
15-06-2021 16:07:46.120 [java] [DEBUG] gauge_java_home: 
15-06-2021 16:07:46.120 [java] [DEBUG] gauge_custom_build_path: 
15-06-2021 16:07:46.120 [java] [DEBUG] gauge_additional_libs: libs/*
15-06-2021 16:07:46.120 [java] [DEBUG] gauge_jvm_args: 
15-06-2021 16:07:46.120 [java] [DEBUG] gauge_custom_compile_dir: 
15-06-2021 16:07:46.120 [java] [DEBUG] gauge_clear_state_level: scenario
15-06-2021 16:07:46.120 [java] [DEBUG] ***** END *****
15-06-2021 16:07:46.478 [Gauge] [DEBUG] Checking updates...
15-06-2021 16:07:46.480 [Gauge] [DEBUG] Downloading https://downloads.gauge.org/plugin/html-report?l=java&p=html-report,java,screenshot,spectacle,xml-report&o=windows&a=amd64
15-06-2021 16:07:47.154 [Gauge] [DEBUG] Downloading https://downloads.gauge.org/plugin/java?l=java&p=html-report,java,screenshot,spectacle,xml-report&o=windows&a=amd64
15-06-2021 16:07:47.391 [Gauge] [DEBUG] Downloading https://downloads.gauge.org/plugin/screenshot?l=java&p=html-report,java,screenshot,spectacle,xml-report&o=windows&a=amd64
15-06-2021 16:07:47.608 [Gauge] [DEBUG] Downloading https://downloads.gauge.org/plugin/spectacle?l=java&p=html-report,java,screenshot,spectacle,xml-report&o=windows&a=amd64
15-06-2021 16:07:47.840 [Gauge] [DEBUG] Downloading https://downloads.gauge.org/plugin/xml-report?l=java&p=html-report,java,screenshot,spectacle,xml-report&o=windows&a=amd64
15-06-2021 16:07:49.825 [java] [DEBUG] classpath set to C:\Program Files\Java\jdk1.8.0_291\jre\lib\charsets.jar;C:\Program Files\Java\jdk1.8.0_291\jre\lib\deploy.jar;C:\Program Files\Java\jdk1.8.0_291\jre\lib\ext\access-bridge-64.jar;C:\Program Files\Java\jdk1.8.0_291\jre\lib\ext\cldrdata.jar;C:\Program Files\Java\jdk1.8.0_291\jre\lib\ext\dnsns.jar;C:\Program Files\Java\jdk1.8.0_291\jre\lib\ext\jaccess.jar;C:\Program Files\Java\jdk1.8.0_291\jre\lib\ext\jfxrt.jar;C:\Program Files\Java\jdk1.8.0_291\jre\lib\ext\localedata.jar;C:\Program Files\Java\jdk1.8.0_291\jre\lib\ext\nashorn.jar;C:\Program Files\Java\jdk1.8.0_291\jre\lib\ext\sunec.jar;C:\Program Files\Java\jdk1.8.0_291\jre\lib\ext\sunjce_provider.jar;C:\Program Files\Java\jdk1.8.0_291\jre\lib\ext\sunmscapi.jar;C:\Program Files\Java\jdk1.8.0_291\jre\lib\ext\sunpkcs11.jar;C:\Program Files\Java\jdk1.8.0_291\jre\lib\ext\zipfs.jar;C:\Program Files\Java\jdk1.8.0_291\jre\lib\javaws.jar;C:\Program Files\Java\jdk1.8.0_291\jre\lib\jce.jar;C:\Program Files\Java\jdk1.8.0_291\jre\lib\jfr.jar;C:\Program Files\Java\jdk1.8.0_291\jre\lib\jfxswt.jar;C:\Program Files\Java\jdk1.8.0_291\jre\lib\jsse.jar;C:\Program Files\Java\jdk1.8.0_291\jre\lib\management-agent.jar;C:\Program Files\Java\jdk1.8.0_291\jre\lib\plugin.jar;C:\Program Files\Java\jdk1.8.0_291\jre\lib\resources.jar;C:\Program Files\Java\jdk1.8.0_291\jre\lib\rt.jar;C:\Users\testinium\Desktop\Workspace\GirişEğitimi\ApiumAndBDD\MobileTesting_w_Appium\target\test-classes;C:\Users\testinium\.m2\repository\junit\junit\4.12\junit-4.12.jar;C:\Users\testinium\.m2\repository\org\hamcrest\hamcrest-core\1.3\hamcrest-core-1.3.jar;C:\Users\testinium\.m2\repository\com\thoughtworks\gauge\gauge-java\0.7.15\gauge-java-0.7.15.jar;C:\Users\testinium\.m2\repository\org\assertj\assertj-core\3.19.0\assertj-core-3.19.0.jar;C:\Users\testinium\.m2\repository\org\reflections\reflections\0.9.9\reflections-0.9.9.jar;C:\Users\testinium\.m2\repository\org\javassist\javassist\3.18.2-GA\javassist-3.18.2-GA.jar;C:\Users\testinium\.m2\repository\com\google\code\findbugs\annotations\2.0.1\annotations-2.0.1.jar;C:\Users\testinium\.m2\repository\com\github\javaparser\javaparser-core\3.16.3\javaparser-core-3.16.3.jar;C:\Users\testinium\.m2\repository\commons-io\commons-io\2.8.0\commons-io-2.8.0.jar;C:\Users\testinium\.m2\repository\commons-lang\commons-lang\2.6\commons-lang-2.6.jar;C:\Users\testinium\.m2\repository\org\json\json\20210307\json-20210307.jar;C:\Users\testinium\.m2\repository\com\google\protobuf\protobuf-java\3.15.8\protobuf-java-3.15.8.jar;C:\Users\testinium\.m2\repository\com\google\guava\guava\30.1.1-jre\guava-30.1.1-jre.jar;C:\Users\testinium\.m2\repository\com\google\guava\failureaccess\1.0.1\failureaccess-1.0.1.jar;C:\Users\testinium\.m2\repository\com\google\guava\listenablefuture\9999.0-empty-to-avoid-conflict-with-guava\listenablefuture-9999.0-empty-to-avoid-conflict-with-guava.jar;C:\Users\testinium\.m2\repository\com\google\code\findbugs\jsr305\3.0.2\jsr305-3.0.2.jar;C:\Users\testinium\.m2\repository\org\checkerframework\checker-qual\3.8.0\checker-qual-3.8.0.jar;C:\Users\testinium\.m2\repository\com\google\errorprone\error_prone_annotations\2.5.1\error_prone_annotations-2.5.1.jar;C:\Users\testinium\.m2\repository\com\google\j2objc\j2objc-annotations\1.3\j2objc-annotations-1.3.jar;C:\Users\testinium\.m2\repository\io\grpc\grpc-netty-shaded\1.37.0\grpc-netty-shaded-1.37.0.jar;C:\Users\testinium\.m2\repository\io\grpc\grpc-core\1.37.0\grpc-core-1.37.0.jar;C:\Users\testinium\.m2\repository\com\google\android\annotations\4.1.1.4\annotations-4.1.1.4.jar;C:\Users\testinium\.m2\repository\io\perfmark\perfmark-api\0.23.0\perfmark-api-0.23.0.jar;C:\Users\testinium\.m2\repository\io\grpc\grpc-protobuf\1.37.0\grpc-protobuf-1.37.0.jar;C:\Users\testinium\.m2\repository\io\grpc\grpc-api\1.37.0\grpc-api-1.37.0.jar;C:\Users\testinium\.m2\repository\io\grpc\grpc-context\1.37.0\grpc-context-1.37.0.jar;C:\Users\testinium\.m2\repository\com\google\api\grpc\proto-google-common-protos\2.0.1\proto-google-common-protos-2.0.1.jar;C:\Users\testinium\.m2\repository\io\grpc\grpc-protobuf-lite\1.37.0\grpc-protobuf-lite-1.37.0.jar;C:\Users\testinium\.m2\repository\org\codehaus\mojo\animal-sniffer-annotations\1.19\animal-sniffer-annotations-1.19.jar;C:\Users\testinium\.m2\repository\io\grpc\grpc-stub\1.37.0\grpc-stub-1.37.0.jar;C:\Users\testinium\.m2\repository\javax\annotation\javax.annotation-api\1.3.2\javax.annotation-api-1.3.2.jar;C:\Users\testinium\.m2\repository\io\appium\java-client\7.3.0\java-client-7.3.0.jar;C:\Users\testinium\.m2\repository\org\seleniumhq\selenium\selenium-java\3.141.59\selenium-java-3.141.59.jar;C:\Users\testinium\.m2\repository\org\seleniumhq\selenium\selenium-chrome-driver\3.141.59\selenium-chrome-driver-3.141.59.jar;C:\Users\testinium\.m2\repository\org\seleniumhq\selenium\selenium-edge-driver\3.141.59\selenium-edge-driver-3.141.59.jar;C:\Users\testinium\.m2\repository\org\seleniumhq\selenium\selenium-firefox-driver\3.141.59\selenium-firefox-driver-3.141.59.jar;C:\Users\testinium\.m2\repository\org\seleniumhq\selenium\selenium-ie-driver\3.141.59\selenium-ie-driver-3.141.59.jar;C:\Users\testinium\.m2\repository\org\seleniumhq\selenium\selenium-opera-driver\3.141.59\selenium-opera-driver-3.141.59.jar;C:\Users\testinium\.m2\repository\org\seleniumhq\selenium\selenium-remote-driver\3.141.59\selenium-remote-driver-3.141.59.jar;C:\Users\testinium\.m2\repository\org\seleniumhq\selenium\selenium-safari-driver\3.141.59\selenium-safari-driver-3.141.59.jar;C:\Users\testinium\.m2\repository\net\bytebuddy\byte-buddy\1.8.15\byte-buddy-1.8.15.jar;C:\Users\testinium\.m2\repository\org\apache\commons\commons-exec\1.3\commons-exec-1.3.jar;C:\Users\testinium\.m2\repository\com\squareup\okhttp3\okhttp\3.11.0\okhttp-3.11.0.jar;C:\Users\testinium\.m2\repository\com\squareup\okio\okio\1.14.0\okio-1.14.0.jar;C:\Users\testinium\.m2\repository\org\seleniumhq\selenium\selenium-support\3.141.59\selenium-support-3.141.59.jar;C:\Users\testinium\.m2\repository\org\seleniumhq\selenium\selenium-api\3.141.59\selenium-api-3.141.59.jar;C:\Users\testinium\.m2\repository\com\google\code\gson\gson\2.8.5\gson-2.8.5.jar;C:\Users\testinium\.m2\repository\org\apache\httpcomponents\httpclient\4.5.9\httpclient-4.5.9.jar;C:\Users\testinium\.m2\repository\org\apache\httpcomponents\httpcore\4.4.11\httpcore-4.4.11.jar;C:\Users\testinium\.m2\repository\commons-logging\commons-logging\1.2\commons-logging-1.2.jar;C:\Users\testinium\.m2\repository\commons-codec\commons-codec\1.11\commons-codec-1.11.jar;C:\Users\testinium\.m2\repository\cglib\cglib\3.2.12\cglib-3.2.12.jar;C:\Users\testinium\.m2\repository\org\ow2\asm\asm\7.1\asm-7.1.jar;C:\Users\testinium\.m2\repository\commons-validator\commons-validator\1.6\commons-validator-1.6.jar;C:\Users\testinium\.m2\repository\commons-beanutils\commons-beanutils\1.9.2\commons-beanutils-1.9.2.jar;C:\Users\testinium\.m2\repository\commons-digester\commons-digester\1.8.1\commons-digester-1.8.1.jar;C:\Users\testinium\.m2\repository\commons-collections\commons-collections\3.2.2\commons-collections-3.2.2.jar;C:\Users\testinium\.m2\repository\org\apache\commons\commons-lang3\3.9\commons-lang3-3.9.jar;C:\Users\testinium\.m2\repository\org\springframework\spring-context\5.1.8.RELEASE\spring-context-5.1.8.RELEASE.jar;C:\Users\testinium\.m2\repository\org\springframework\spring-aop\5.1.8.RELEASE\spring-aop-5.1.8.RELEASE.jar;C:\Users\testinium\.m2\repository\org\springframework\spring-beans\5.1.8.RELEASE\spring-beans-5.1.8.RELEASE.jar;C:\Users\testinium\.m2\repository\org\springframework\spring-core\5.1.8.RELEASE\spring-core-5.1.8.RELEASE.jar;C:\Users\testinium\.m2\repository\org\springframework\spring-jcl\5.1.8.RELEASE\spring-jcl-5.1.8.RELEASE.jar;C:\Users\testinium\.m2\repository\org\springframework\spring-expression\5.1.8.RELEASE\spring-expression-5.1.8.RELEASE.jar;C:\Users\testinium\.m2\repository\org\aspectj\aspectjweaver\1.9.4\aspectjweaver-1.9.4.jar;C:\Users\testinium\.m2\repository\org\slf4j\slf4j-api\1.7.30\slf4j-api-1.7.30.jar;C:\Users\testinium\.m2\repository\org\slf4j\slf4j-log4j12\1.7.30\slf4j-log4j12-1.7.30.jar;C:\Users\testinium\.m2\repository\log4j\log4j\1.2.17\log4j-1.2.17.jar
15-06-2021 16:07:49.931 [java] [DEBUG] found java executable in C:\Program Files\Java\jdk1.8.0_291\jre\bin\java.exe
15-06-2021 16:07:49.931 [java] [DEBUG] running - C:\Program Files\Java\jdk1.8.0_291\jre\bin\java.exe [-Dfile.encoding=UTF-8 com.thoughtworks.gauge.GaugeRuntime --start]
15-06-2021 16:07:49.931 [java] [DEBUG] stdout/stderr is logged to logs\20076-java.exe.out
15-06-2021 16:07:50.120 [java] [DEBUG] multithreading is set to false
15-06-2021 16:07:50.670 [java] [DEBUG] Using reflection to scan dependencies for gauge implementations...
15-06-2021 16:07:51.428 [java] [DEBUG] gauge-java took 1307milliseconds to load and scan. This should be less than 'runner_connection_timeout' config value.
15-06-2021 16:07:51.428 [java] [DEBUG] run 'gauge config runner_connection_timeout' and verify that it is < 1307
15-06-2021 16:07:51.428 [java] [DEBUG] starting gRPC server...
15-06-2021 16:07:52.095 [java] [DEBUG] started gRPC server on port 57529
15-06-2021 16:07:52.096 [Gauge] [DEBUG] Attempting to connect to grpc server at port: 57529
15-06-2021 16:07:52.247 [Gauge] [DEBUG] Successfully made the connection with runner with port: 57529
15-06-2021 16:07:52.247 [Gauge] [DEBUG] Validation started.
15-06-2021 16:07:55.216 [java] [DEBUG] Scanning packages for steps
15-06-2021 16:07:55.265 [java] [DEBUG] Comparing 'HomePage.goToBookFlightById' and 'HomePage.goToBookFlightById'
15-06-2021 16:07:55.265 [java] [DEBUG] Found {} id'li elemana tıkla ve bilet al sayfasına git in current project scope.
15-06-2021 16:07:55.266 [java] [DEBUG] Comparing 'HomePage.acceptById' and 'HomePage.acceptById'
15-06-2021 16:07:55.266 [java] [DEBUG] Found {} id'li elemana tıkla ve izni kabul et in current project scope.
15-06-2021 16:07:55.266 [java] [DEBUG] Scanning packages for hooks
15-06-2021 16:07:55.271 [java] [DEBUG] Scanned steps (using static parsing + reflections): 
15-06-2021 16:07:55.271 [java] [DEBUG] 	{} id'li elemana tıkla ve bilet al sayfasına git : public void goToBookFlightById(String key)
15-06-2021 16:07:55.271 [java] [DEBUG] 	{} id'li elemana tıkla ve izni kabul et : public void acceptById(String key)
15-06-2021 16:07:59.191 [Gauge] [ERROR] [ValidationError] C:\Users\testinium\Desktop\Workspace\GirişEğitimi\ApiumAndBDD\MobileTesting_w_Appium\specs\example.spec:14 Step implementation not found => 'Uygulamayı aç, izinleri kabul et ve bilet al sayfasına git'
15-06-2021 16:07:59.195 [Gauge] [DEBUG] Run started
15-06-2021 16:07:59.199 [Gauge] [DEBUG] Starting Html Report plugin
15-06-2021 16:08:00.450 [Gauge] [DEBUG] Attempting to connect to grpc server at port: 57534
15-06-2021 16:08:00.451 [Gauge] [DEBUG] Successfully made the connection with plugin with port: 57534
15-06-2021 16:08:00.451 [Gauge] [DEBUG] Initialising suite data store.
15-06-2021 16:08:00.514 [html-report] [DEBUG] Transformed SuiteResult to report structure
15-06-2021 16:08:01.524 [Gauge] [DEBUG] Sending kill message to Html Report plugin.
15-06-2021 16:08:01.524 [html-report] [INFO] Successfully generated html-report to => C:\Users\testinium\Desktop\Workspace\GirişEğitimi\ApiumAndBDD\MobileTesting_w_Appium\reports\html-report\index.html
15-06-2021 16:08:01.524 [html-report] [DEBUG] Done generating HTML report using theme from C:\Users\testinium\AppData\Roaming\gauge\plugins\html-report\4.0.12\themes\default
15-06-2021 16:08:01.529 [java] [DEBUG] Killing Java runner...
15-06-2021 16:08:01.531 [java] [DEBUG] Stopping execution pool...
15-06-2021 16:08:01.532 [java] [DEBUG] Shutting down grpc server...
15-06-2021 16:08:01.553 [java] [DEBUG] Runner killed gracefully.
15-06-2021 16:08:02.249 [Gauge] [DEBUG] Runner with PID:20076 has exited
15-06-2021 16:08:02.249 [Gauge] [INFO] Specifications:	0 executed	0 passed	0 failed	1 skipped
15-06-2021 16:08:02.249 [Gauge] [INFO] Scenarios:	0 executed	0 passed	0 failed	1 skipped
15-06-2021 16:08:02.249 [Gauge] [INFO] 
Total time taken: 1.315s
15-06-2021 16:08:02.250 [Gauge] [INFO] Updates are available. Run `gauge update -c` for more info.
15-06-2021 16:10:27.623 [Gauge] [DEBUG] Created gauge_screenshots_dir at C:\Users\testinium\Desktop\Workspace\GirişEğitimi\ApiumAndBDD\MobileTesting_w_Appium\.gauge\screenshots
15-06-2021 16:10:27.627 [Gauge] [DEBUG] Plugin java is already installed.
15-06-2021 16:10:27.628 [Gauge] [DEBUG] Plugin html-report is already installed.
15-06-2021 16:10:27.629 [Gauge] [DEBUG] Parsing started.
15-06-2021 16:10:27.629 [Gauge] [DEBUG] Started concepts parsing.
15-06-2021 16:10:27.632 [Gauge] [DEBUG] 1 concepts parsing completed.
15-06-2021 16:10:27.632 [Gauge] [DEBUG] Started specifications parsing.
15-06-2021 16:10:27.633 [Gauge] [DEBUG] 1 specifications parsing completed.
15-06-2021 16:10:27.633 [Gauge] [DEBUG] Parsing completed.
15-06-2021 16:10:27.661 [java] [DEBUG] ***** Printing Properties/Env Values *****
15-06-2021 16:10:27.661 [java] [DEBUG] PATH: C:\Program Files (x86)\Common Files\Oracle\Java\javapath;C:\Windows\system32;C:\Windows;C:\Windows\System32\Wbem;C:\Windows\System32\WindowsPowerShell\v1.0\;C:\Windows\System32\OpenSSH\;C:\Program Files\nodejs\;C:\Program Files\maven\apache-maven-3.8.1\bin;C:\Program Files\Java\jdk1.8.0_291\bin;C:\Program Files\Gauge\bin;C:\WINDOWS\system32;C:\WINDOWS;C:\WINDOWS\System32\Wbem;C:\WINDOWS\System32\WindowsPowerShell\v1.0\;C:\WINDOWS\System32\OpenSSH\;C:\Program Files\Git\cmd;C:\Users\testinium\AppData\Local\Android\Sdk\platform-tools;C:\Users\testinium\AppData\Local\Android\Sdk\tools;C:\Users\testinium\AppData\Local\Android\Sdk\build-tools\30.0.3;C:\Users\testinium\AppData\Local\Microsoft\WindowsApps;C:\Users\testinium\AppData\Roaming\npm;;C:\Users\testinium\AppData\Roaming\gauge\plugins\screenshot\0.0.1
15-06-2021 16:10:27.662 [java] [DEBUG] JAVA_HOME: C:\Program Files\Java\jdk1.8.0_291
15-06-2021 16:10:27.662 [java] [DEBUG] gauge_project_root: C:\Users\testinium\Desktop\Workspace\GirişEğitimi\ApiumAndBDD\MobileTesting_w_Appium
15-06-2021 16:10:27.662 [java] [DEBUG] gauge_parallel_streams_count: 
15-06-2021 16:10:27.662 [java] [DEBUG] gauge_reports_dir: reports
15-06-2021 16:10:27.662 [java] [DEBUG] overwrite_reports: true
15-06-2021 16:10:27.662 [java] [DEBUG] logs_directory: logs
15-06-2021 16:10:27.662 [java] [DEBUG] enable_multithreading: 
15-06-2021 16:10:27.662 [java] [DEBUG] gauge_specs_dir: specs
15-06-2021 16:10:27.662 [java] [DEBUG] csv_delimiter: ,
15-06-2021 16:10:27.662 [java] [DEBUG] gauge_java_home: 
15-06-2021 16:10:27.662 [java] [DEBUG] gauge_custom_build_path: 
15-06-2021 16:10:27.662 [java] [DEBUG] gauge_additional_libs: libs/*
15-06-2021 16:10:27.662 [java] [DEBUG] gauge_jvm_args: 
15-06-2021 16:10:27.662 [java] [DEBUG] gauge_custom_compile_dir: 
15-06-2021 16:10:27.662 [java] [DEBUG] gauge_clear_state_level: scenario
15-06-2021 16:10:27.662 [java] [DEBUG] ***** END *****
15-06-2021 16:10:28.024 [Gauge] [DEBUG] Checking updates...
15-06-2021 16:10:28.025 [Gauge] [DEBUG] Downloading https://downloads.gauge.org/plugin/html-report?l=java&p=html-report,java,screenshot,spectacle,xml-report&o=windows&a=amd64
15-06-2021 16:10:28.501 [Gauge] [DEBUG] Downloading https://downloads.gauge.org/plugin/java?l=java&p=html-report,java,screenshot,spectacle,xml-report&o=windows&a=amd64
15-06-2021 16:10:28.669 [Gauge] [DEBUG] Downloading https://downloads.gauge.org/plugin/screenshot?l=java&p=html-report,java,screenshot,spectacle,xml-report&o=windows&a=amd64
15-06-2021 16:10:28.853 [Gauge] [DEBUG] Downloading https://downloads.gauge.org/plugin/spectacle?l=java&p=html-report,java,screenshot,spectacle,xml-report&o=windows&a=amd64
15-06-2021 16:10:29.379 [Gauge] [DEBUG] Downloading https://downloads.gauge.org/plugin/xml-report?l=java&p=html-report,java,screenshot,spectacle,xml-report&o=windows&a=amd64
15-06-2021 16:10:30.591 [java] [DEBUG] classpath set to C:\Program Files\Java\jdk1.8.0_291\jre\lib\charsets.jar;C:\Program Files\Java\jdk1.8.0_291\jre\lib\deploy.jar;C:\Program Files\Java\jdk1.8.0_291\jre\lib\ext\access-bridge-64.jar;C:\Program Files\Java\jdk1.8.0_291\jre\lib\ext\cldrdata.jar;C:\Program Files\Java\jdk1.8.0_291\jre\lib\ext\dnsns.jar;C:\Program Files\Java\jdk1.8.0_291\jre\lib\ext\jaccess.jar;C:\Program Files\Java\jdk1.8.0_291\jre\lib\ext\jfxrt.jar;C:\Program Files\Java\jdk1.8.0_291\jre\lib\ext\localedata.jar;C:\Program Files\Java\jdk1.8.0_291\jre\lib\ext\nashorn.jar;C:\Program Files\Java\jdk1.8.0_291\jre\lib\ext\sunec.jar;C:\Program Files\Java\jdk1.8.0_291\jre\lib\ext\sunjce_provider.jar;C:\Program Files\Java\jdk1.8.0_291\jre\lib\ext\sunmscapi.jar;C:\Program Files\Java\jdk1.8.0_291\jre\lib\ext\sunpkcs11.jar;C:\Program Files\Java\jdk1.8.0_291\jre\lib\ext\zipfs.jar;C:\Program Files\Java\jdk1.8.0_291\jre\lib\javaws.jar;C:\Program Files\Java\jdk1.8.0_291\jre\lib\jce.jar;C:\Program Files\Java\jdk1.8.0_291\jre\lib\jfr.jar;C:\Program Files\Java\jdk1.8.0_291\jre\lib\jfxswt.jar;C:\Program Files\Java\jdk1.8.0_291\jre\lib\jsse.jar;C:\Program Files\Java\jdk1.8.0_291\jre\lib\management-agent.jar;C:\Program Files\Java\jdk1.8.0_291\jre\lib\plugin.jar;C:\Program Files\Java\jdk1.8.0_291\jre\lib\resources.jar;C:\Program Files\Java\jdk1.8.0_291\jre\lib\rt.jar;C:\Users\testinium\Desktop\Workspace\GirişEğitimi\ApiumAndBDD\MobileTesting_w_Appium\target\test-classes;C:\Users\testinium\.m2\repository\junit\junit\4.12\junit-4.12.jar;C:\Users\testinium\.m2\repository\org\hamcrest\hamcrest-core\1.3\hamcrest-core-1.3.jar;C:\Users\testinium\.m2\repository\com\thoughtworks\gauge\gauge-java\0.7.15\gauge-java-0.7.15.jar;C:\Users\testinium\.m2\repository\org\assertj\assertj-core\3.19.0\assertj-core-3.19.0.jar;C:\Users\testinium\.m2\repository\org\reflections\reflections\0.9.9\reflections-0.9.9.jar;C:\Users\testinium\.m2\repository\org\javassist\javassist\3.18.2-GA\javassist-3.18.2-GA.jar;C:\Users\testinium\.m2\repository\com\google\code\findbugs\annotations\2.0.1\annotations-2.0.1.jar;C:\Users\testinium\.m2\repository\com\github\javaparser\javaparser-core\3.16.3\javaparser-core-3.16.3.jar;C:\Users\testinium\.m2\repository\commons-io\commons-io\2.8.0\commons-io-2.8.0.jar;C:\Users\testinium\.m2\repository\commons-lang\commons-lang\2.6\commons-lang-2.6.jar;C:\Users\testinium\.m2\repository\org\json\json\20210307\json-20210307.jar;C:\Users\testinium\.m2\repository\com\google\protobuf\protobuf-java\3.15.8\protobuf-java-3.15.8.jar;C:\Users\testinium\.m2\repository\com\google\guava\guava\30.1.1-jre\guava-30.1.1-jre.jar;C:\Users\testinium\.m2\repository\com\google\guava\failureaccess\1.0.1\failureaccess-1.0.1.jar;C:\Users\testinium\.m2\repository\com\google\guava\listenablefuture\9999.0-empty-to-avoid-conflict-with-guava\listenablefuture-9999.0-empty-to-avoid-conflict-with-guava.jar;C:\Users\testinium\.m2\repository\com\google\code\findbugs\jsr305\3.0.2\jsr305-3.0.2.jar;C:\Users\testinium\.m2\repository\org\checkerframework\checker-qual\3.8.0\checker-qual-3.8.0.jar;C:\Users\testinium\.m2\repository\com\google\errorprone\error_prone_annotations\2.5.1\error_prone_annotations-2.5.1.jar;C:\Users\testinium\.m2\repository\com\google\j2objc\j2objc-annotations\1.3\j2objc-annotations-1.3.jar;C:\Users\testinium\.m2\repository\io\grpc\grpc-netty-shaded\1.37.0\grpc-netty-shaded-1.37.0.jar;C:\Users\testinium\.m2\repository\io\grpc\grpc-core\1.37.0\grpc-core-1.37.0.jar;C:\Users\testinium\.m2\repository\com\google\android\annotations\4.1.1.4\annotations-4.1.1.4.jar;C:\Users\testinium\.m2\repository\io\perfmark\perfmark-api\0.23.0\perfmark-api-0.23.0.jar;C:\Users\testinium\.m2\repository\io\grpc\grpc-protobuf\1.37.0\grpc-protobuf-1.37.0.jar;C:\Users\testinium\.m2\repository\io\grpc\grpc-api\1.37.0\grpc-api-1.37.0.jar;C:\Users\testinium\.m2\repository\io\grpc\grpc-context\1.37.0\grpc-context-1.37.0.jar;C:\Users\testinium\.m2\repository\com\google\api\grpc\proto-google-common-protos\2.0.1\proto-google-common-protos-2.0.1.jar;C:\Users\testinium\.m2\repository\io\grpc\grpc-protobuf-lite\1.37.0\grpc-protobuf-lite-1.37.0.jar;C:\Users\testinium\.m2\repository\org\codehaus\mojo\animal-sniffer-annotations\1.19\animal-sniffer-annotations-1.19.jar;C:\Users\testinium\.m2\repository\io\grpc\grpc-stub\1.37.0\grpc-stub-1.37.0.jar;C:\Users\testinium\.m2\repository\javax\annotation\javax.annotation-api\1.3.2\javax.annotation-api-1.3.2.jar;C:\Users\testinium\.m2\repository\io\appium\java-client\7.3.0\java-client-7.3.0.jar;C:\Users\testinium\.m2\repository\org\seleniumhq\selenium\selenium-java\3.141.59\selenium-java-3.141.59.jar;C:\Users\testinium\.m2\repository\org\seleniumhq\selenium\selenium-chrome-driver\3.141.59\selenium-chrome-driver-3.141.59.jar;C:\Users\testinium\.m2\repository\org\seleniumhq\selenium\selenium-edge-driver\3.141.59\selenium-edge-driver-3.141.59.jar;C:\Users\testinium\.m2\repository\org\seleniumhq\selenium\selenium-firefox-driver\3.141.59\selenium-firefox-driver-3.141.59.jar;C:\Users\testinium\.m2\repository\org\seleniumhq\selenium\selenium-ie-driver\3.141.59\selenium-ie-driver-3.141.59.jar;C:\Users\testinium\.m2\repository\org\seleniumhq\selenium\selenium-opera-driver\3.141.59\selenium-opera-driver-3.141.59.jar;C:\Users\testinium\.m2\repository\org\seleniumhq\selenium\selenium-remote-driver\3.141.59\selenium-remote-driver-3.141.59.jar;C:\Users\testinium\.m2\repository\org\seleniumhq\selenium\selenium-safari-driver\3.141.59\selenium-safari-driver-3.141.59.jar;C:\Users\testinium\.m2\repository\net\bytebuddy\byte-buddy\1.8.15\byte-buddy-1.8.15.jar;C:\Users\testinium\.m2\repository\org\apache\commons\commons-exec\1.3\commons-exec-1.3.jar;C:\Users\testinium\.m2\repository\com\squareup\okhttp3\okhttp\3.11.0\okhttp-3.11.0.jar;C:\Users\testinium\.m2\repository\com\squareup\okio\okio\1.14.0\okio-1.14.0.jar;C:\Users\testinium\.m2\repository\org\seleniumhq\selenium\selenium-support\3.141.59\selenium-support-3.141.59.jar;C:\Users\testinium\.m2\repository\org\seleniumhq\selenium\selenium-api\3.141.59\selenium-api-3.141.59.jar;C:\Users\testinium\.m2\repository\com\google\code\gson\gson\2.8.5\gson-2.8.5.jar;C:\Users\testinium\.m2\repository\org\apache\httpcomponents\httpclient\4.5.9\httpclient-4.5.9.jar;C:\Users\testinium\.m2\repository\org\apache\httpcomponents\httpcore\4.4.11\httpcore-4.4.11.jar;C:\Users\testinium\.m2\repository\commons-logging\commons-logging\1.2\commons-logging-1.2.jar;C:\Users\testinium\.m2\repository\commons-codec\commons-codec\1.11\commons-codec-1.11.jar;C:\Users\testinium\.m2\repository\cglib\cglib\3.2.12\cglib-3.2.12.jar;C:\Users\testinium\.m2\repository\org\ow2\asm\asm\7.1\asm-7.1.jar;C:\Users\testinium\.m2\repository\commons-validator\commons-validator\1.6\commons-validator-1.6.jar;C:\Users\testinium\.m2\repository\commons-beanutils\commons-beanutils\1.9.2\commons-beanutils-1.9.2.jar;C:\Users\testinium\.m2\repository\commons-digester\commons-digester\1.8.1\commons-digester-1.8.1.jar;C:\Users\testinium\.m2\repository\commons-collections\commons-collections\3.2.2\commons-collections-3.2.2.jar;C:\Users\testinium\.m2\repository\org\apache\commons\commons-lang3\3.9\commons-lang3-3.9.jar;C:\Users\testinium\.m2\repository\org\springframework\spring-context\5.1.8.RELEASE\spring-context-5.1.8.RELEASE.jar;C:\Users\testinium\.m2\repository\org\springframework\spring-aop\5.1.8.RELEASE\spring-aop-5.1.8.RELEASE.jar;C:\Users\testinium\.m2\repository\org\springframework\spring-beans\5.1.8.RELEASE\spring-beans-5.1.8.RELEASE.jar;C:\Users\testinium\.m2\repository\org\springframework\spring-core\5.1.8.RELEASE\spring-core-5.1.8.RELEASE.jar;C:\Users\testinium\.m2\repository\org\springframework\spring-jcl\5.1.8.RELEASE\spring-jcl-5.1.8.RELEASE.jar;C:\Users\testinium\.m2\repository\org\springframework\spring-expression\5.1.8.RELEASE\spring-expression-5.1.8.RELEASE.jar;C:\Users\testinium\.m2\repository\org\aspectj\aspectjweaver\1.9.4\aspectjweaver-1.9.4.jar;C:\Users\testinium\.m2\repository\org\slf4j\slf4j-api\1.7.30\slf4j-api-1.7.30.jar;C:\Users\testinium\.m2\repository\org\slf4j\slf4j-log4j12\1.7.30\slf4j-log4j12-1.7.30.jar;C:\Users\testinium\.m2\repository\log4j\log4j\1.2.17\log4j-1.2.17.jar
15-06-2021 16:10:30.656 [java] [DEBUG] found java executable in C:\Program Files\Java\jdk1.8.0_291\jre\bin\java.exe
15-06-2021 16:10:30.656 [java] [DEBUG] running - C:\Program Files\Java\jdk1.8.0_291\jre\bin\java.exe [-Dfile.encoding=UTF-8 com.thoughtworks.gauge.GaugeRuntime --start]
15-06-2021 16:10:30.656 [java] [DEBUG] stdout/stderr is logged to logs\4832-java.exe.out
15-06-2021 16:10:30.840 [java] [DEBUG] multithreading is set to false
15-06-2021 16:10:31.145 [java] [DEBUG] Using reflection to scan dependencies for gauge implementations...
15-06-2021 16:10:31.599 [java] [DEBUG] gauge-java took 760milliseconds to load and scan. This should be less than 'runner_connection_timeout' config value.
15-06-2021 16:10:31.599 [java] [DEBUG] run 'gauge config runner_connection_timeout' and verify that it is < 760
15-06-2021 16:10:31.599 [java] [DEBUG] starting gRPC server...
15-06-2021 16:10:31.938 [java] [DEBUG] started gRPC server on port 54603
15-06-2021 16:10:31.939 [Gauge] [DEBUG] Attempting to connect to grpc server at port: 54603
15-06-2021 16:10:32.130 [Gauge] [DEBUG] Successfully made the connection with runner with port: 54603
15-06-2021 16:10:32.130 [Gauge] [DEBUG] Validation started.
15-06-2021 16:10:34.925 [java] [DEBUG] Scanning packages for steps
15-06-2021 16:10:34.960 [java] [DEBUG] Comparing 'HomePage.goToBookFlightById' and 'HomePage.goToBookFlightById'
15-06-2021 16:10:34.960 [java] [DEBUG] Found {} id'li elemana tıkla ve bilet al sayfasına git in current project scope.
15-06-2021 16:10:34.960 [java] [DEBUG] Comparing 'HomePage.acceptById' and 'HomePage.acceptById'
15-06-2021 16:10:34.960 [java] [DEBUG] Found {} id'li elemana tıkla ve izni kabul et in current project scope.
15-06-2021 16:10:34.960 [java] [DEBUG] Scanning packages for hooks
15-06-2021 16:10:34.965 [java] [DEBUG] Scanned steps (using static parsing + reflections): 
15-06-2021 16:10:34.965 [java] [DEBUG] 	{} id'li elemana tıkla ve bilet al sayfasına git : public void goToBookFlightById(String key)
15-06-2021 16:10:34.965 [java] [DEBUG] 	{} id'li elemana tıkla ve izni kabul et : public void acceptById(String key)
15-06-2021 16:10:38.205 [Gauge] [DEBUG] Validation completed.
15-06-2021 16:10:38.209 [Gauge] [DEBUG] Run started
15-06-2021 16:10:38.211 [Gauge] [DEBUG] Starting Html Report plugin
15-06-2021 16:10:38.266 [Gauge] [DEBUG] Attempting to connect to grpc server at port: 54607
15-06-2021 16:10:38.267 [Gauge] [DEBUG] Successfully made the connection with plugin with port: 54607
15-06-2021 16:10:38.267 [Gauge] [DEBUG] Initialising suite data store.
15-06-2021 16:10:51.311 [java] [DEBUG] Executing '{} id'li elemana tıkla ve izni kabul et' using 'class HomePage.acceptById
15-06-2021 16:10:52.616 [java] [DEBUG] Executing '{} id'li elemana tıkla ve izni kabul et' using 'class HomePage.acceptById
15-06-2021 16:10:54.532 [html-report] [DEBUG] Transformed SuiteResult to report structure
15-06-2021 16:10:54.632 [html-report] [INFO] Successfully generated html-report to => C:\Users\testinium\Desktop\Workspace\GirişEğitimi\ApiumAndBDD\MobileTesting_w_Appium\reports\html-report\index.html
15-06-2021 16:10:54.632 [html-report] [DEBUG] Done generating HTML report using theme from C:\Users\testinium\AppData\Roaming\gauge\plugins\html-report\4.0.12\themes\default
15-06-2021 16:10:54.632 [Gauge] [DEBUG] Sending kill message to Html Report plugin.
15-06-2021 16:10:54.652 [java] [DEBUG] Killing Java runner...
15-06-2021 16:10:54.657 [java] [DEBUG] Stopping execution pool...
15-06-2021 16:10:54.657 [java] [DEBUG] Shutting down grpc server...
15-06-2021 16:10:54.685 [java] [DEBUG] Runner killed gracefully.
15-06-2021 16:10:55.597 [Gauge] [DEBUG] Runner with PID:4832 has exited
15-06-2021 16:10:55.598 [Gauge] [INFO] Specifications:	1 executed	0 passed	1 failed	0 skipped
15-06-2021 16:10:55.598 [Gauge] [INFO] Scenarios:	1 executed	0 passed	1 failed	0 skipped
15-06-2021 16:10:55.598 [Gauge] [INFO] 
Total time taken: 16.309s
15-06-2021 16:10:55.600 [Gauge] [INFO] Updates are available. Run `gauge update -c` for more info.
15-06-2021 16:18:01.158 [Gauge] [DEBUG] Created gauge_screenshots_dir at C:\Users\testinium\Desktop\Workspace\GirişEğitimi\ApiumAndBDD\MobileTesting_w_Appium\.gauge\screenshots
15-06-2021 16:18:01.163 [Gauge] [DEBUG] Plugin java is already installed.
15-06-2021 16:18:01.163 [Gauge] [DEBUG] Plugin html-report is already installed.
15-06-2021 16:18:01.164 [Gauge] [DEBUG] Parsing started.
15-06-2021 16:18:01.164 [Gauge] [DEBUG] Started concepts parsing.
15-06-2021 16:18:01.167 [Gauge] [DEBUG] 2 concepts parsing completed.
15-06-2021 16:18:01.167 [Gauge] [DEBUG] Started specifications parsing.
15-06-2021 16:18:01.167 [Gauge] [DEBUG] 1 specifications parsing completed.
15-06-2021 16:18:01.168 [Gauge] [DEBUG] Parsing completed.
15-06-2021 16:18:01.197 [java] [DEBUG] ***** Printing Properties/Env Values *****
15-06-2021 16:18:01.197 [java] [DEBUG] PATH: C:\Program Files (x86)\Common Files\Oracle\Java\javapath;C:\Windows\system32;C:\Windows;C:\Windows\System32\Wbem;C:\Windows\System32\WindowsPowerShell\v1.0\;C:\Windows\System32\OpenSSH\;C:\Program Files\nodejs\;C:\Program Files\maven\apache-maven-3.8.1\bin;C:\Program Files\Java\jdk1.8.0_291\bin;C:\Program Files\Gauge\bin;C:\WINDOWS\system32;C:\WINDOWS;C:\WINDOWS\System32\Wbem;C:\WINDOWS\System32\WindowsPowerShell\v1.0\;C:\WINDOWS\System32\OpenSSH\;C:\Program Files\Git\cmd;C:\Users\testinium\AppData\Local\Android\Sdk\platform-tools;C:\Users\testinium\AppData\Local\Android\Sdk\tools;C:\Users\testinium\AppData\Local\Android\Sdk\build-tools\30.0.3;C:\Users\testinium\AppData\Local\Microsoft\WindowsApps;C:\Users\testinium\AppData\Roaming\npm;;C:\Users\testinium\AppData\Roaming\gauge\plugins\screenshot\0.0.1
15-06-2021 16:18:01.197 [java] [DEBUG] JAVA_HOME: C:\Program Files\Java\jdk1.8.0_291
15-06-2021 16:18:01.197 [java] [DEBUG] gauge_project_root: C:\Users\testinium\Desktop\Workspace\GirişEğitimi\ApiumAndBDD\MobileTesting_w_Appium
15-06-2021 16:18:01.197 [java] [DEBUG] gauge_parallel_streams_count: 
15-06-2021 16:18:01.197 [java] [DEBUG] gauge_reports_dir: reports
15-06-2021 16:18:01.197 [java] [DEBUG] overwrite_reports: true
15-06-2021 16:18:01.197 [java] [DEBUG] logs_directory: logs
15-06-2021 16:18:01.197 [java] [DEBUG] enable_multithreading: 
15-06-2021 16:18:01.197 [java] [DEBUG] gauge_specs_dir: specs
15-06-2021 16:18:01.197 [java] [DEBUG] csv_delimiter: ,
15-06-2021 16:18:01.197 [java] [DEBUG] gauge_java_home: 
15-06-2021 16:18:01.197 [java] [DEBUG] gauge_custom_build_path: 
15-06-2021 16:18:01.197 [java] [DEBUG] gauge_additional_libs: libs/*
15-06-2021 16:18:01.198 [java] [DEBUG] gauge_jvm_args: 
15-06-2021 16:18:01.198 [java] [DEBUG] gauge_custom_compile_dir: 
15-06-2021 16:18:01.198 [java] [DEBUG] gauge_clear_state_level: scenario
15-06-2021 16:18:01.198 [java] [DEBUG] ***** END *****
15-06-2021 16:18:01.538 [Gauge] [DEBUG] Checking updates...
15-06-2021 16:18:01.539 [Gauge] [DEBUG] Downloading https://downloads.gauge.org/plugin/html-report?l=java&p=html-report,java,screenshot,spectacle,xml-report&o=windows&a=amd64
15-06-2021 16:18:02.297 [Gauge] [DEBUG] Downloading https://downloads.gauge.org/plugin/java?l=java&p=html-report,java,screenshot,spectacle,xml-report&o=windows&a=amd64
15-06-2021 16:18:02.495 [Gauge] [DEBUG] Downloading https://downloads.gauge.org/plugin/screenshot?l=java&p=html-report,java,screenshot,spectacle,xml-report&o=windows&a=amd64
15-06-2021 16:18:02.764 [Gauge] [DEBUG] Downloading https://downloads.gauge.org/plugin/spectacle?l=java&p=html-report,java,screenshot,spectacle,xml-report&o=windows&a=amd64
15-06-2021 16:18:03.023 [Gauge] [DEBUG] Downloading https://downloads.gauge.org/plugin/xml-report?l=java&p=html-report,java,screenshot,spectacle,xml-report&o=windows&a=amd64
15-06-2021 16:18:04.018 [java] [DEBUG] classpath set to C:\Program Files\Java\jdk1.8.0_291\jre\lib\charsets.jar;C:\Program Files\Java\jdk1.8.0_291\jre\lib\deploy.jar;C:\Program Files\Java\jdk1.8.0_291\jre\lib\ext\access-bridge-64.jar;C:\Program Files\Java\jdk1.8.0_291\jre\lib\ext\cldrdata.jar;C:\Program Files\Java\jdk1.8.0_291\jre\lib\ext\dnsns.jar;C:\Program Files\Java\jdk1.8.0_291\jre\lib\ext\jaccess.jar;C:\Program Files\Java\jdk1.8.0_291\jre\lib\ext\jfxrt.jar;C:\Program Files\Java\jdk1.8.0_291\jre\lib\ext\localedata.jar;C:\Program Files\Java\jdk1.8.0_291\jre\lib\ext\nashorn.jar;C:\Program Files\Java\jdk1.8.0_291\jre\lib\ext\sunec.jar;C:\Program Files\Java\jdk1.8.0_291\jre\lib\ext\sunjce_provider.jar;C:\Program Files\Java\jdk1.8.0_291\jre\lib\ext\sunmscapi.jar;C:\Program Files\Java\jdk1.8.0_291\jre\lib\ext\sunpkcs11.jar;C:\Program Files\Java\jdk1.8.0_291\jre\lib\ext\zipfs.jar;C:\Program Files\Java\jdk1.8.0_291\jre\lib\javaws.jar;C:\Program Files\Java\jdk1.8.0_291\jre\lib\jce.jar;C:\Program Files\Java\jdk1.8.0_291\jre\lib\jfr.jar;C:\Program Files\Java\jdk1.8.0_291\jre\lib\jfxswt.jar;C:\Program Files\Java\jdk1.8.0_291\jre\lib\jsse.jar;C:\Program Files\Java\jdk1.8.0_291\jre\lib\management-agent.jar;C:\Program Files\Java\jdk1.8.0_291\jre\lib\plugin.jar;C:\Program Files\Java\jdk1.8.0_291\jre\lib\resources.jar;C:\Program Files\Java\jdk1.8.0_291\jre\lib\rt.jar;C:\Users\testinium\Desktop\Workspace\GirişEğitimi\ApiumAndBDD\MobileTesting_w_Appium\target\test-classes;C:\Users\testinium\.m2\repository\junit\junit\4.12\junit-4.12.jar;C:\Users\testinium\.m2\repository\org\hamcrest\hamcrest-core\1.3\hamcrest-core-1.3.jar;C:\Users\testinium\.m2\repository\com\thoughtworks\gauge\gauge-java\0.7.15\gauge-java-0.7.15.jar;C:\Users\testinium\.m2\repository\org\assertj\assertj-core\3.19.0\assertj-core-3.19.0.jar;C:\Users\testinium\.m2\repository\org\reflections\reflections\0.9.9\reflections-0.9.9.jar;C:\Users\testinium\.m2\repository\org\javassist\javassist\3.18.2-GA\javassist-3.18.2-GA.jar;C:\Users\testinium\.m2\repository\com\google\code\findbugs\annotations\2.0.1\annotations-2.0.1.jar;C:\Users\testinium\.m2\repository\com\github\javaparser\javaparser-core\3.16.3\javaparser-core-3.16.3.jar;C:\Users\testinium\.m2\repository\commons-io\commons-io\2.8.0\commons-io-2.8.0.jar;C:\Users\testinium\.m2\repository\commons-lang\commons-lang\2.6\commons-lang-2.6.jar;C:\Users\testinium\.m2\repository\org\json\json\20210307\json-20210307.jar;C:\Users\testinium\.m2\repository\com\google\protobuf\protobuf-java\3.15.8\protobuf-java-3.15.8.jar;C:\Users\testinium\.m2\repository\com\google\guava\guava\30.1.1-jre\guava-30.1.1-jre.jar;C:\Users\testinium\.m2\repository\com\google\guava\failureaccess\1.0.1\failureaccess-1.0.1.jar;C:\Users\testinium\.m2\repository\com\google\guava\listenablefuture\9999.0-empty-to-avoid-conflict-with-guava\listenablefuture-9999.0-empty-to-avoid-conflict-with-guava.jar;C:\Users\testinium\.m2\repository\com\google\code\findbugs\jsr305\3.0.2\jsr305-3.0.2.jar;C:\Users\testinium\.m2\repository\org\checkerframework\checker-qual\3.8.0\checker-qual-3.8.0.jar;C:\Users\testinium\.m2\repository\com\google\errorprone\error_prone_annotations\2.5.1\error_prone_annotations-2.5.1.jar;C:\Users\testinium\.m2\repository\com\google\j2objc\j2objc-annotations\1.3\j2objc-annotations-1.3.jar;C:\Users\testinium\.m2\repository\io\grpc\grpc-netty-shaded\1.37.0\grpc-netty-shaded-1.37.0.jar;C:\Users\testinium\.m2\repository\io\grpc\grpc-core\1.37.0\grpc-core-1.37.0.jar;C:\Users\testinium\.m2\repository\com\google\android\annotations\4.1.1.4\annotations-4.1.1.4.jar;C:\Users\testinium\.m2\repository\io\perfmark\perfmark-api\0.23.0\perfmark-api-0.23.0.jar;C:\Users\testinium\.m2\repository\io\grpc\grpc-protobuf\1.37.0\grpc-protobuf-1.37.0.jar;C:\Users\testinium\.m2\repository\io\grpc\grpc-api\1.37.0\grpc-api-1.37.0.jar;C:\Users\testinium\.m2\repository\io\grpc\grpc-context\1.37.0\grpc-context-1.37.0.jar;C:\Users\testinium\.m2\repository\com\google\api\grpc\proto-google-common-protos\2.0.1\proto-google-common-protos-2.0.1.jar;C:\Users\testinium\.m2\repository\io\grpc\grpc-protobuf-lite\1.37.0\grpc-protobuf-lite-1.37.0.jar;C:\Users\testinium\.m2\repository\org\codehaus\mojo\animal-sniffer-annotations\1.19\animal-sniffer-annotations-1.19.jar;C:\Users\testinium\.m2\repository\io\grpc\grpc-stub\1.37.0\grpc-stub-1.37.0.jar;C:\Users\testinium\.m2\repository\javax\annotation\javax.annotation-api\1.3.2\javax.annotation-api-1.3.2.jar;C:\Users\testinium\.m2\repository\io\appium\java-client\7.3.0\java-client-7.3.0.jar;C:\Users\testinium\.m2\repository\org\seleniumhq\selenium\selenium-java\3.141.59\selenium-java-3.141.59.jar;C:\Users\testinium\.m2\repository\org\seleniumhq\selenium\selenium-chrome-driver\3.141.59\selenium-chrome-driver-3.141.59.jar;C:\Users\testinium\.m2\repository\org\seleniumhq\selenium\selenium-edge-driver\3.141.59\selenium-edge-driver-3.141.59.jar;C:\Users\testinium\.m2\repository\org\seleniumhq\selenium\selenium-firefox-driver\3.141.59\selenium-firefox-driver-3.141.59.jar;C:\Users\testinium\.m2\repository\org\seleniumhq\selenium\selenium-ie-driver\3.141.59\selenium-ie-driver-3.141.59.jar;C:\Users\testinium\.m2\repository\org\seleniumhq\selenium\selenium-opera-driver\3.141.59\selenium-opera-driver-3.141.59.jar;C:\Users\testinium\.m2\repository\org\seleniumhq\selenium\selenium-remote-driver\3.141.59\selenium-remote-driver-3.141.59.jar;C:\Users\testinium\.m2\repository\org\seleniumhq\selenium\selenium-safari-driver\3.141.59\selenium-safari-driver-3.141.59.jar;C:\Users\testinium\.m2\repository\net\bytebuddy\byte-buddy\1.8.15\byte-buddy-1.8.15.jar;C:\Users\testinium\.m2\repository\org\apache\commons\commons-exec\1.3\commons-exec-1.3.jar;C:\Users\testinium\.m2\repository\com\squareup\okhttp3\okhttp\3.11.0\okhttp-3.11.0.jar;C:\Users\testinium\.m2\repository\com\squareup\okio\okio\1.14.0\okio-1.14.0.jar;C:\Users\testinium\.m2\repository\org\seleniumhq\selenium\selenium-support\3.141.59\selenium-support-3.141.59.jar;C:\Users\testinium\.m2\repository\org\seleniumhq\selenium\selenium-api\3.141.59\selenium-api-3.141.59.jar;C:\Users\testinium\.m2\repository\com\google\code\gson\gson\2.8.5\gson-2.8.5.jar;C:\Users\testinium\.m2\repository\org\apache\httpcomponents\httpclient\4.5.9\httpclient-4.5.9.jar;C:\Users\testinium\.m2\repository\org\apache\httpcomponents\httpcore\4.4.11\httpcore-4.4.11.jar;C:\Users\testinium\.m2\repository\commons-logging\commons-logging\1.2\commons-logging-1.2.jar;C:\Users\testinium\.m2\repository\commons-codec\commons-codec\1.11\commons-codec-1.11.jar;C:\Users\testinium\.m2\repository\cglib\cglib\3.2.12\cglib-3.2.12.jar;C:\Users\testinium\.m2\repository\org\ow2\asm\asm\7.1\asm-7.1.jar;C:\Users\testinium\.m2\repository\commons-validator\commons-validator\1.6\commons-validator-1.6.jar;C:\Users\testinium\.m2\repository\commons-beanutils\commons-beanutils\1.9.2\commons-beanutils-1.9.2.jar;C:\Users\testinium\.m2\repository\commons-digester\commons-digester\1.8.1\commons-digester-1.8.1.jar;C:\Users\testinium\.m2\repository\commons-collections\commons-collections\3.2.2\commons-collections-3.2.2.jar;C:\Users\testinium\.m2\repository\org\apache\commons\commons-lang3\3.9\commons-lang3-3.9.jar;C:\Users\testinium\.m2\repository\org\springframework\spring-context\5.1.8.RELEASE\spring-context-5.1.8.RELEASE.jar;C:\Users\testinium\.m2\repository\org\springframework\spring-aop\5.1.8.RELEASE\spring-aop-5.1.8.RELEASE.jar;C:\Users\testinium\.m2\repository\org\springframework\spring-beans\5.1.8.RELEASE\spring-beans-5.1.8.RELEASE.jar;C:\Users\testinium\.m2\repository\org\springframework\spring-core\5.1.8.RELEASE\spring-core-5.1.8.RELEASE.jar;C:\Users\testinium\.m2\repository\org\springframework\spring-jcl\5.1.8.RELEASE\spring-jcl-5.1.8.RELEASE.jar;C:\Users\testinium\.m2\repository\org\springframework\spring-expression\5.1.8.RELEASE\spring-expression-5.1.8.RELEASE.jar;C:\Users\testinium\.m2\repository\org\aspectj\aspectjweaver\1.9.4\aspectjweaver-1.9.4.jar;C:\Users\testinium\.m2\repository\org\slf4j\slf4j-api\1.7.30\slf4j-api-1.7.30.jar;C:\Users\testinium\.m2\repository\org\slf4j\slf4j-log4j12\1.7.30\slf4j-log4j12-1.7.30.jar;C:\Users\testinium\.m2\repository\log4j\log4j\1.2.17\log4j-1.2.17.jar
15-06-2021 16:18:04.104 [java] [DEBUG] found java executable in C:\Program Files\Java\jdk1.8.0_291\jre\bin\java.exe
15-06-2021 16:18:04.104 [java] [DEBUG] running - C:\Program Files\Java\jdk1.8.0_291\jre\bin\java.exe [-Dfile.encoding=UTF-8 com.thoughtworks.gauge.GaugeRuntime --start]
15-06-2021 16:18:04.104 [java] [DEBUG] stdout/stderr is logged to logs\4528-java.exe.out
15-06-2021 16:18:04.263 [java] [DEBUG] multithreading is set to false
15-06-2021 16:18:04.518 [java] [DEBUG] Using reflection to scan dependencies for gauge implementations...
15-06-2021 16:18:04.894 [java] [DEBUG] gauge-java took 631milliseconds to load and scan. This should be less than 'runner_connection_timeout' config value.
15-06-2021 16:18:04.894 [java] [DEBUG] run 'gauge config runner_connection_timeout' and verify that it is < 631
15-06-2021 16:18:04.894 [java] [DEBUG] starting gRPC server...
15-06-2021 16:18:05.226 [java] [DEBUG] started gRPC server on port 53500
15-06-2021 16:18:05.226 [Gauge] [DEBUG] Attempting to connect to grpc server at port: 53500
15-06-2021 16:18:05.345 [Gauge] [DEBUG] Successfully made the connection with runner with port: 53500
15-06-2021 16:18:05.345 [Gauge] [DEBUG] Validation started.
15-06-2021 16:18:07.970 [java] [DEBUG] Scanning packages for steps
15-06-2021 16:18:08.046 [java] [DEBUG] Comparing 'HomePage.goToBookFlightById' and 'HomePage.goToBookFlightById'
15-06-2021 16:18:08.046 [java] [DEBUG] Found {} id'li elemana tıkla ve bilet al sayfasına git in current project scope.
15-06-2021 16:18:08.047 [java] [DEBUG] Comparing 'HomePage.acceptById' and 'HomePage.acceptById'
15-06-2021 16:18:08.047 [java] [DEBUG] Found Sayfa güncellemesi için {} sn bekle in current project scope.
15-06-2021 16:18:08.047 [java] [DEBUG] Comparing 'HomePage.acceptById' and 'HomePage.acceptById'
15-06-2021 16:18:08.047 [java] [DEBUG] Found {} id'li elemana tıkla ve izni kabul et in current project scope.
15-06-2021 16:18:08.047 [java] [DEBUG] Scanning packages for hooks
15-06-2021 16:18:08.060 [java] [DEBUG] Scanned steps (using static parsing + reflections): 
15-06-2021 16:18:08.060 [java] [DEBUG] 	Sayfa güncellemesi için {} sn bekle : public void acceptById(ınt second)
15-06-2021 16:18:08.060 [java] [DEBUG] 	{} id'li elemana tıkla ve bilet al sayfasına git : public void goToBookFlightById(String key)
15-06-2021 16:18:08.060 [java] [DEBUG] 	{} id'li elemana tıkla ve izni kabul et : public void acceptById(String key)
15-06-2021 16:18:10.543 [Gauge] [DEBUG] Validation completed.
15-06-2021 16:18:10.545 [Gauge] [DEBUG] Run started
15-06-2021 16:18:10.547 [Gauge] [DEBUG] Starting Html Report plugin
15-06-2021 16:18:10.574 [Gauge] [DEBUG] Attempting to connect to grpc server at port: 53505
15-06-2021 16:18:10.576 [Gauge] [DEBUG] Successfully made the connection with plugin with port: 53505
15-06-2021 16:18:10.577 [Gauge] [DEBUG] Initialising suite data store.
15-06-2021 16:18:22.190 [java] [DEBUG] Executing 'Sayfa güncellemesi için {} sn bekle' using 'class HomePage.acceptById
15-06-2021 16:18:22.229 [java] [DEBUG] Executing '{} id'li elemana tıkla ve izni kabul et' using 'class HomePage.acceptById
15-06-2021 16:18:23.665 [java] [DEBUG] Executing 'Sayfa güncellemesi için {} sn bekle' using 'class HomePage.acceptById
15-06-2021 16:18:23.688 [java] [DEBUG] Executing '{} id'li elemana tıkla ve izni kabul et' using 'class HomePage.acceptById
15-06-2021 16:18:34.722 [html-report] [DEBUG] Transformed SuiteResult to report structure
15-06-2021 16:18:34.855 [html-report] [INFO] Successfully generated html-report to => C:\Users\testinium\Desktop\Workspace\GirişEğitimi\ApiumAndBDD\MobileTesting_w_Appium\reports\html-report\index.html
15-06-2021 16:18:34.855 [html-report] [DEBUG] Done generating HTML report using theme from C:\Users\testinium\AppData\Roaming\gauge\plugins\html-report\4.0.12\themes\default
15-06-2021 16:18:34.855 [Gauge] [DEBUG] Sending kill message to Html Report plugin.
15-06-2021 16:18:34.870 [java] [DEBUG] Killing Java runner...
15-06-2021 16:18:34.870 [java] [DEBUG] Stopping execution pool...
15-06-2021 16:18:34.871 [java] [DEBUG] Shutting down grpc server...
15-06-2021 16:18:34.904 [java] [DEBUG] Runner killed gracefully.
15-06-2021 16:18:35.799 [Gauge] [DEBUG] Runner with PID:4528 has exited
15-06-2021 16:18:35.800 [Gauge] [INFO] Specifications:	1 executed	0 passed	1 failed	0 skipped
15-06-2021 16:18:35.800 [Gauge] [INFO] Scenarios:	1 executed	0 passed	1 failed	0 skipped
15-06-2021 16:18:35.800 [Gauge] [INFO] 
Total time taken: 24.173s
15-06-2021 16:18:35.808 [Gauge] [INFO] Updates are available. Run `gauge update -c` for more info.
15-06-2021 16:19:06.749 [Gauge] [DEBUG] Created gauge_screenshots_dir at C:\Users\testinium\Desktop\Workspace\GirişEğitimi\ApiumAndBDD\MobileTesting_w_Appium\.gauge\screenshots
15-06-2021 16:19:06.754 [Gauge] [DEBUG] Plugin java is already installed.
15-06-2021 16:19:06.754 [Gauge] [DEBUG] Plugin html-report is already installed.
15-06-2021 16:19:06.755 [Gauge] [DEBUG] Parsing started.
15-06-2021 16:19:06.756 [Gauge] [DEBUG] Started concepts parsing.
15-06-2021 16:19:06.760 [Gauge] [DEBUG] 2 concepts parsing completed.
15-06-2021 16:19:06.761 [Gauge] [DEBUG] Started specifications parsing.
15-06-2021 16:19:06.762 [Gauge] [DEBUG] 1 specifications parsing completed.
15-06-2021 16:19:06.762 [Gauge] [DEBUG] Parsing completed.
15-06-2021 16:19:06.790 [java] [DEBUG] ***** Printing Properties/Env Values *****
15-06-2021 16:19:06.790 [java] [DEBUG] PATH: C:\Program Files (x86)\Common Files\Oracle\Java\javapath;C:\Windows\system32;C:\Windows;C:\Windows\System32\Wbem;C:\Windows\System32\WindowsPowerShell\v1.0\;C:\Windows\System32\OpenSSH\;C:\Program Files\nodejs\;C:\Program Files\maven\apache-maven-3.8.1\bin;C:\Program Files\Java\jdk1.8.0_291\bin;C:\Program Files\Gauge\bin;C:\WINDOWS\system32;C:\WINDOWS;C:\WINDOWS\System32\Wbem;C:\WINDOWS\System32\WindowsPowerShell\v1.0\;C:\WINDOWS\System32\OpenSSH\;C:\Program Files\Git\cmd;C:\Users\testinium\AppData\Local\Android\Sdk\platform-tools;C:\Users\testinium\AppData\Local\Android\Sdk\tools;C:\Users\testinium\AppData\Local\Android\Sdk\build-tools\30.0.3;C:\Users\testinium\AppData\Local\Microsoft\WindowsApps;C:\Users\testinium\AppData\Roaming\npm;;C:\Users\testinium\AppData\Roaming\gauge\plugins\screenshot\0.0.1
15-06-2021 16:19:06.790 [java] [DEBUG] JAVA_HOME: C:\Program Files\Java\jdk1.8.0_291
15-06-2021 16:19:06.790 [java] [DEBUG] gauge_project_root: C:\Users\testinium\Desktop\Workspace\GirişEğitimi\ApiumAndBDD\MobileTesting_w_Appium
15-06-2021 16:19:06.791 [java] [DEBUG] gauge_parallel_streams_count: 
15-06-2021 16:19:06.791 [java] [DEBUG] gauge_reports_dir: reports
15-06-2021 16:19:06.791 [java] [DEBUG] overwrite_reports: true
15-06-2021 16:19:06.791 [java] [DEBUG] logs_directory: logs
15-06-2021 16:19:06.791 [java] [DEBUG] enable_multithreading: 
15-06-2021 16:19:06.791 [java] [DEBUG] gauge_specs_dir: specs
15-06-2021 16:19:06.791 [java] [DEBUG] csv_delimiter: ,
15-06-2021 16:19:06.791 [java] [DEBUG] gauge_java_home: 
15-06-2021 16:19:06.791 [java] [DEBUG] gauge_custom_build_path: 
15-06-2021 16:19:06.791 [java] [DEBUG] gauge_additional_libs: libs/*
15-06-2021 16:19:06.791 [java] [DEBUG] gauge_jvm_args: 
15-06-2021 16:19:06.791 [java] [DEBUG] gauge_custom_compile_dir: 
15-06-2021 16:19:06.791 [java] [DEBUG] gauge_clear_state_level: scenario
15-06-2021 16:19:06.791 [java] [DEBUG] ***** END *****
15-06-2021 16:19:07.270 [Gauge] [DEBUG] Checking updates...
15-06-2021 16:19:07.272 [Gauge] [DEBUG] Downloading https://downloads.gauge.org/plugin/html-report?l=java&p=html-report,java,screenshot,spectacle,xml-report&o=windows&a=amd64
15-06-2021 16:19:08.147 [Gauge] [DEBUG] Downloading https://downloads.gauge.org/plugin/java?l=java&p=html-report,java,screenshot,spectacle,xml-report&o=windows&a=amd64
15-06-2021 16:19:08.339 [Gauge] [DEBUG] Downloading https://downloads.gauge.org/plugin/screenshot?l=java&p=html-report,java,screenshot,spectacle,xml-report&o=windows&a=amd64
15-06-2021 16:19:08.550 [Gauge] [DEBUG] Downloading https://downloads.gauge.org/plugin/spectacle?l=java&p=html-report,java,screenshot,spectacle,xml-report&o=windows&a=amd64
15-06-2021 16:19:08.789 [Gauge] [DEBUG] Downloading https://downloads.gauge.org/plugin/xml-report?l=java&p=html-report,java,screenshot,spectacle,xml-report&o=windows&a=amd64
15-06-2021 16:19:09.351 [java] [DEBUG] classpath set to C:\Program Files\Java\jdk1.8.0_291\jre\lib\charsets.jar;C:\Program Files\Java\jdk1.8.0_291\jre\lib\deploy.jar;C:\Program Files\Java\jdk1.8.0_291\jre\lib\ext\access-bridge-64.jar;C:\Program Files\Java\jdk1.8.0_291\jre\lib\ext\cldrdata.jar;C:\Program Files\Java\jdk1.8.0_291\jre\lib\ext\dnsns.jar;C:\Program Files\Java\jdk1.8.0_291\jre\lib\ext\jaccess.jar;C:\Program Files\Java\jdk1.8.0_291\jre\lib\ext\jfxrt.jar;C:\Program Files\Java\jdk1.8.0_291\jre\lib\ext\localedata.jar;C:\Program Files\Java\jdk1.8.0_291\jre\lib\ext\nashorn.jar;C:\Program Files\Java\jdk1.8.0_291\jre\lib\ext\sunec.jar;C:\Program Files\Java\jdk1.8.0_291\jre\lib\ext\sunjce_provider.jar;C:\Program Files\Java\jdk1.8.0_291\jre\lib\ext\sunmscapi.jar;C:\Program Files\Java\jdk1.8.0_291\jre\lib\ext\sunpkcs11.jar;C:\Program Files\Java\jdk1.8.0_291\jre\lib\ext\zipfs.jar;C:\Program Files\Java\jdk1.8.0_291\jre\lib\javaws.jar;C:\Program Files\Java\jdk1.8.0_291\jre\lib\jce.jar;C:\Program Files\Java\jdk1.8.0_291\jre\lib\jfr.jar;C:\Program Files\Java\jdk1.8.0_291\jre\lib\jfxswt.jar;C:\Program Files\Java\jdk1.8.0_291\jre\lib\jsse.jar;C:\Program Files\Java\jdk1.8.0_291\jre\lib\management-agent.jar;C:\Program Files\Java\jdk1.8.0_291\jre\lib\plugin.jar;C:\Program Files\Java\jdk1.8.0_291\jre\lib\resources.jar;C:\Program Files\Java\jdk1.8.0_291\jre\lib\rt.jar;C:\Users\testinium\Desktop\Workspace\GirişEğitimi\ApiumAndBDD\MobileTesting_w_Appium\target\test-classes;C:\Users\testinium\.m2\repository\junit\junit\4.12\junit-4.12.jar;C:\Users\testinium\.m2\repository\org\hamcrest\hamcrest-core\1.3\hamcrest-core-1.3.jar;C:\Users\testinium\.m2\repository\com\thoughtworks\gauge\gauge-java\0.7.15\gauge-java-0.7.15.jar;C:\Users\testinium\.m2\repository\org\assertj\assertj-core\3.19.0\assertj-core-3.19.0.jar;C:\Users\testinium\.m2\repository\org\reflections\reflections\0.9.9\reflections-0.9.9.jar;C:\Users\testinium\.m2\repository\org\javassist\javassist\3.18.2-GA\javassist-3.18.2-GA.jar;C:\Users\testinium\.m2\repository\com\google\code\findbugs\annotations\2.0.1\annotations-2.0.1.jar;C:\Users\testinium\.m2\repository\com\github\javaparser\javaparser-core\3.16.3\javaparser-core-3.16.3.jar;C:\Users\testinium\.m2\repository\commons-io\commons-io\2.8.0\commons-io-2.8.0.jar;C:\Users\testinium\.m2\repository\commons-lang\commons-lang\2.6\commons-lang-2.6.jar;C:\Users\testinium\.m2\repository\org\json\json\20210307\json-20210307.jar;C:\Users\testinium\.m2\repository\com\google\protobuf\protobuf-java\3.15.8\protobuf-java-3.15.8.jar;C:\Users\testinium\.m2\repository\com\google\guava\guava\30.1.1-jre\guava-30.1.1-jre.jar;C:\Users\testinium\.m2\repository\com\google\guava\failureaccess\1.0.1\failureaccess-1.0.1.jar;C:\Users\testinium\.m2\repository\com\google\guava\listenablefuture\9999.0-empty-to-avoid-conflict-with-guava\listenablefuture-9999.0-empty-to-avoid-conflict-with-guava.jar;C:\Users\testinium\.m2\repository\com\google\code\findbugs\jsr305\3.0.2\jsr305-3.0.2.jar;C:\Users\testinium\.m2\repository\org\checkerframework\checker-qual\3.8.0\checker-qual-3.8.0.jar;C:\Users\testinium\.m2\repository\com\google\errorprone\error_prone_annotations\2.5.1\error_prone_annotations-2.5.1.jar;C:\Users\testinium\.m2\repository\com\google\j2objc\j2objc-annotations\1.3\j2objc-annotations-1.3.jar;C:\Users\testinium\.m2\repository\io\grpc\grpc-netty-shaded\1.37.0\grpc-netty-shaded-1.37.0.jar;C:\Users\testinium\.m2\repository\io\grpc\grpc-core\1.37.0\grpc-core-1.37.0.jar;C:\Users\testinium\.m2\repository\com\google\android\annotations\4.1.1.4\annotations-4.1.1.4.jar;C:\Users\testinium\.m2\repository\io\perfmark\perfmark-api\0.23.0\perfmark-api-0.23.0.jar;C:\Users\testinium\.m2\repository\io\grpc\grpc-protobuf\1.37.0\grpc-protobuf-1.37.0.jar;C:\Users\testinium\.m2\repository\io\grpc\grpc-api\1.37.0\grpc-api-1.37.0.jar;C:\Users\testinium\.m2\repository\io\grpc\grpc-context\1.37.0\grpc-context-1.37.0.jar;C:\Users\testinium\.m2\repository\com\google\api\grpc\proto-google-common-protos\2.0.1\proto-google-common-protos-2.0.1.jar;C:\Users\testinium\.m2\repository\io\grpc\grpc-protobuf-lite\1.37.0\grpc-protobuf-lite-1.37.0.jar;C:\Users\testinium\.m2\repository\org\codehaus\mojo\animal-sniffer-annotations\1.19\animal-sniffer-annotations-1.19.jar;C:\Users\testinium\.m2\repository\io\grpc\grpc-stub\1.37.0\grpc-stub-1.37.0.jar;C:\Users\testinium\.m2\repository\javax\annotation\javax.annotation-api\1.3.2\javax.annotation-api-1.3.2.jar;C:\Users\testinium\.m2\repository\io\appium\java-client\7.3.0\java-client-7.3.0.jar;C:\Users\testinium\.m2\repository\org\seleniumhq\selenium\selenium-java\3.141.59\selenium-java-3.141.59.jar;C:\Users\testinium\.m2\repository\org\seleniumhq\selenium\selenium-chrome-driver\3.141.59\selenium-chrome-driver-3.141.59.jar;C:\Users\testinium\.m2\repository\org\seleniumhq\selenium\selenium-edge-driver\3.141.59\selenium-edge-driver-3.141.59.jar;C:\Users\testinium\.m2\repository\org\seleniumhq\selenium\selenium-firefox-driver\3.141.59\selenium-firefox-driver-3.141.59.jar;C:\Users\testinium\.m2\repository\org\seleniumhq\selenium\selenium-ie-driver\3.141.59\selenium-ie-driver-3.141.59.jar;C:\Users\testinium\.m2\repository\org\seleniumhq\selenium\selenium-opera-driver\3.141.59\selenium-opera-driver-3.141.59.jar;C:\Users\testinium\.m2\repository\org\seleniumhq\selenium\selenium-remote-driver\3.141.59\selenium-remote-driver-3.141.59.jar;C:\Users\testinium\.m2\repository\org\seleniumhq\selenium\selenium-safari-driver\3.141.59\selenium-safari-driver-3.141.59.jar;C:\Users\testinium\.m2\repository\net\bytebuddy\byte-buddy\1.8.15\byte-buddy-1.8.15.jar;C:\Users\testinium\.m2\repository\org\apache\commons\commons-exec\1.3\commons-exec-1.3.jar;C:\Users\testinium\.m2\repository\com\squareup\okhttp3\okhttp\3.11.0\okhttp-3.11.0.jar;C:\Users\testinium\.m2\repository\com\squareup\okio\okio\1.14.0\okio-1.14.0.jar;C:\Users\testinium\.m2\repository\org\seleniumhq\selenium\selenium-support\3.141.59\selenium-support-3.141.59.jar;C:\Users\testinium\.m2\repository\org\seleniumhq\selenium\selenium-api\3.141.59\selenium-api-3.141.59.jar;C:\Users\testinium\.m2\repository\com\google\code\gson\gson\2.8.5\gson-2.8.5.jar;C:\Users\testinium\.m2\repository\org\apache\httpcomponents\httpclient\4.5.9\httpclient-4.5.9.jar;C:\Users\testinium\.m2\repository\org\apache\httpcomponents\httpcore\4.4.11\httpcore-4.4.11.jar;C:\Users\testinium\.m2\repository\commons-logging\commons-logging\1.2\commons-logging-1.2.jar;C:\Users\testinium\.m2\repository\commons-codec\commons-codec\1.11\commons-codec-1.11.jar;C:\Users\testinium\.m2\repository\cglib\cglib\3.2.12\cglib-3.2.12.jar;C:\Users\testinium\.m2\repository\org\ow2\asm\asm\7.1\asm-7.1.jar;C:\Users\testinium\.m2\repository\commons-validator\commons-validator\1.6\commons-validator-1.6.jar;C:\Users\testinium\.m2\repository\commons-beanutils\commons-beanutils\1.9.2\commons-beanutils-1.9.2.jar;C:\Users\testinium\.m2\repository\commons-digester\commons-digester\1.8.1\commons-digester-1.8.1.jar;C:\Users\testinium\.m2\repository\commons-collections\commons-collections\3.2.2\commons-collections-3.2.2.jar;C:\Users\testinium\.m2\repository\org\apache\commons\commons-lang3\3.9\commons-lang3-3.9.jar;C:\Users\testinium\.m2\repository\org\springframework\spring-context\5.1.8.RELEASE\spring-context-5.1.8.RELEASE.jar;C:\Users\testinium\.m2\repository\org\springframework\spring-aop\5.1.8.RELEASE\spring-aop-5.1.8.RELEASE.jar;C:\Users\testinium\.m2\repository\org\springframework\spring-beans\5.1.8.RELEASE\spring-beans-5.1.8.RELEASE.jar;C:\Users\testinium\.m2\repository\org\springframework\spring-core\5.1.8.RELEASE\spring-core-5.1.8.RELEASE.jar;C:\Users\testinium\.m2\repository\org\springframework\spring-jcl\5.1.8.RELEASE\spring-jcl-5.1.8.RELEASE.jar;C:\Users\testinium\.m2\repository\org\springframework\spring-expression\5.1.8.RELEASE\spring-expression-5.1.8.RELEASE.jar;C:\Users\testinium\.m2\repository\org\aspectj\aspectjweaver\1.9.4\aspectjweaver-1.9.4.jar;C:\Users\testinium\.m2\repository\org\slf4j\slf4j-api\1.7.30\slf4j-api-1.7.30.jar;C:\Users\testinium\.m2\repository\org\slf4j\slf4j-log4j12\1.7.30\slf4j-log4j12-1.7.30.jar;C:\Users\testinium\.m2\repository\log4j\log4j\1.2.17\log4j-1.2.17.jar
15-06-2021 16:19:09.402 [java] [DEBUG] found java executable in C:\Program Files\Java\jdk1.8.0_291\jre\bin\java.exe
15-06-2021 16:19:09.402 [java] [DEBUG] running - C:\Program Files\Java\jdk1.8.0_291\jre\bin\java.exe [-Dfile.encoding=UTF-8 com.thoughtworks.gauge.GaugeRuntime --start]
15-06-2021 16:19:09.402 [java] [DEBUG] stdout/stderr is logged to logs\8504-java.exe.out
15-06-2021 16:19:09.576 [java] [DEBUG] multithreading is set to false
15-06-2021 16:19:09.835 [java] [DEBUG] Using reflection to scan dependencies for gauge implementations...
15-06-2021 16:19:10.189 [java] [DEBUG] gauge-java took 613milliseconds to load and scan. This should be less than 'runner_connection_timeout' config value.
15-06-2021 16:19:10.189 [java] [DEBUG] run 'gauge config runner_connection_timeout' and verify that it is < 613
15-06-2021 16:19:10.189 [java] [DEBUG] starting gRPC server...
15-06-2021 16:19:10.469 [java] [DEBUG] started gRPC server on port 53640
15-06-2021 16:19:10.469 [Gauge] [DEBUG] Attempting to connect to grpc server at port: 53640
15-06-2021 16:19:10.612 [Gauge] [DEBUG] Successfully made the connection with runner with port: 53640
15-06-2021 16:19:10.612 [Gauge] [DEBUG] Validation started.
15-06-2021 16:19:12.775 [java] [DEBUG] Scanning packages for steps
15-06-2021 16:19:12.808 [java] [DEBUG] Comparing 'HomePage.goToBookFlightById' and 'HomePage.goToBookFlightById'
15-06-2021 16:19:12.808 [java] [DEBUG] Found {} id'li elemana tıkla ve bilet al sayfasına git in current project scope.
15-06-2021 16:19:12.809 [java] [DEBUG] Comparing 'HomePage.acceptById' and 'HomePage.acceptById'
15-06-2021 16:19:12.809 [java] [DEBUG] Found Sayfa güncellemesi için {} sn bekle in current project scope.
15-06-2021 16:19:12.809 [java] [DEBUG] Comparing 'HomePage.acceptById' and 'HomePage.acceptById'
15-06-2021 16:19:12.809 [java] [DEBUG] Found {} id'li elemana tıkla ve izni kabul et in current project scope.
15-06-2021 16:19:12.809 [java] [DEBUG] Scanning packages for hooks
15-06-2021 16:19:12.815 [java] [DEBUG] Scanned steps (using static parsing + reflections): 
15-06-2021 16:19:12.815 [java] [DEBUG] 	Sayfa güncellemesi için {} sn bekle : public void acceptById(ınt second)
15-06-2021 16:19:12.815 [java] [DEBUG] 	{} id'li elemana tıkla ve bilet al sayfasına git : public void goToBookFlightById(String key)
15-06-2021 16:19:12.815 [java] [DEBUG] 	{} id'li elemana tıkla ve izni kabul et : public void acceptById(String key)
15-06-2021 16:19:14.919 [Gauge] [DEBUG] Validation completed.
15-06-2021 16:19:14.921 [Gauge] [DEBUG] Run started
15-06-2021 16:19:14.922 [Gauge] [DEBUG] Starting Html Report plugin
15-06-2021 16:19:14.948 [Gauge] [DEBUG] Attempting to connect to grpc server at port: 53644
15-06-2021 16:19:14.949 [Gauge] [DEBUG] Successfully made the connection with plugin with port: 53644
15-06-2021 16:19:14.949 [Gauge] [DEBUG] Initialising suite data store.
15-06-2021 16:19:25.338 [java] [DEBUG] Executing 'Sayfa güncellemesi için {} sn bekle' using 'class HomePage.acceptById
15-06-2021 16:19:25.396 [java] [DEBUG] Executing '{} id'li elemana tıkla ve izni kabul et' using 'class HomePage.acceptById
15-06-2021 16:19:26.716 [java] [DEBUG] Executing 'Sayfa güncellemesi için {} sn bekle' using 'class HomePage.acceptById
15-06-2021 16:19:26.732 [java] [DEBUG] Executing '{} id'li elemana tıkla ve izni kabul et' using 'class HomePage.acceptById
15-06-2021 16:19:28.092 [java] [DEBUG] Executing 'Sayfa güncellemesi için {} sn bekle' using 'class HomePage.acceptById
15-06-2021 16:19:28.112 [java] [DEBUG] Executing '{} id'li elemana tıkla ve bilet al sayfasına git' using 'class HomePage.goToBookFlightById
15-06-2021 16:19:29.697 [html-report] [DEBUG] Transformed SuiteResult to report structure
15-06-2021 16:19:29.752 [html-report] [INFO] Successfully generated html-report to => C:\Users\testinium\Desktop\Workspace\GirişEğitimi\ApiumAndBDD\MobileTesting_w_Appium\reports\html-report\index.html
15-06-2021 16:19:29.752 [html-report] [DEBUG] Done generating HTML report using theme from C:\Users\testinium\AppData\Roaming\gauge\plugins\html-report\4.0.12\themes\default
15-06-2021 16:19:29.752 [Gauge] [DEBUG] Sending kill message to Html Report plugin.
15-06-2021 16:19:29.759 [java] [DEBUG] Killing Java runner...
15-06-2021 16:19:29.761 [java] [DEBUG] Stopping execution pool...
15-06-2021 16:19:29.762 [java] [DEBUG] Shutting down grpc server...
15-06-2021 16:19:29.787 [java] [DEBUG] Runner killed gracefully.
15-06-2021 16:19:30.582 [Gauge] [DEBUG] Runner with PID:8504 has exited
15-06-2021 16:19:30.583 [Gauge] [INFO] Specifications:	1 executed	1 passed	0 failed	0 skipped
15-06-2021 16:19:30.584 [Gauge] [INFO] Scenarios:	1 executed	1 passed	0 failed	0 skipped
15-06-2021 16:19:30.584 [Gauge] [INFO] 
Total time taken: 14.77s
15-06-2021 16:19:30.585 [Gauge] [INFO] Updates are available. Run `gauge update -c` for more info.
15-06-2021 17:19:11.610 [Gauge] [DEBUG] Created gauge_screenshots_dir at C:\Users\testinium\Desktop\Workspace\GirişEğitimi\ApiumAndBDD\MobileTesting_w_Appium\.gauge\screenshots
15-06-2021 17:19:11.617 [Gauge] [DEBUG] Plugin java is already installed.
15-06-2021 17:19:11.618 [Gauge] [DEBUG] Plugin html-report is already installed.
15-06-2021 17:19:11.619 [Gauge] [DEBUG] Parsing started.
15-06-2021 17:19:11.619 [Gauge] [DEBUG] Started concepts parsing.
15-06-2021 17:19:11.623 [Gauge] [DEBUG] 6 concepts parsing completed.
15-06-2021 17:19:11.623 [Gauge] [DEBUG] Started specifications parsing.
15-06-2021 17:19:11.625 [Gauge] [DEBUG] 1 specifications parsing completed.
15-06-2021 17:19:11.625 [Gauge] [DEBUG] Parsing completed.
15-06-2021 17:19:11.652 [java] [DEBUG] ***** Printing Properties/Env Values *****
15-06-2021 17:19:11.652 [java] [DEBUG] PATH: C:\Program Files (x86)\Common Files\Oracle\Java\javapath;C:\Windows\system32;C:\Windows;C:\Windows\System32\Wbem;C:\Windows\System32\WindowsPowerShell\v1.0\;C:\Windows\System32\OpenSSH\;C:\Program Files\nodejs\;C:\Program Files\maven\apache-maven-3.8.1\bin;C:\Program Files\Java\jdk1.8.0_291\bin;C:\Program Files\Gauge\bin;C:\WINDOWS\system32;C:\WINDOWS;C:\WINDOWS\System32\Wbem;C:\WINDOWS\System32\WindowsPowerShell\v1.0\;C:\WINDOWS\System32\OpenSSH\;C:\Program Files\Git\cmd;C:\Users\testinium\AppData\Local\Android\Sdk\platform-tools;C:\Users\testinium\AppData\Local\Android\Sdk\tools;C:\Users\testinium\AppData\Local\Android\Sdk\build-tools\30.0.3;C:\Users\testinium\AppData\Local\Microsoft\WindowsApps;C:\Users\testinium\AppData\Roaming\npm;;C:\Users\testinium\AppData\Roaming\gauge\plugins\screenshot\0.0.1
15-06-2021 17:19:11.652 [java] [DEBUG] JAVA_HOME: C:\Program Files\Java\jdk1.8.0_291
15-06-2021 17:19:11.652 [java] [DEBUG] gauge_project_root: C:\Users\testinium\Desktop\Workspace\GirişEğitimi\ApiumAndBDD\MobileTesting_w_Appium
15-06-2021 17:19:11.652 [java] [DEBUG] gauge_parallel_streams_count: 
15-06-2021 17:19:11.652 [java] [DEBUG] gauge_reports_dir: reports
15-06-2021 17:19:11.652 [java] [DEBUG] overwrite_reports: true
15-06-2021 17:19:11.652 [java] [DEBUG] logs_directory: logs
15-06-2021 17:19:11.652 [java] [DEBUG] enable_multithreading: 
15-06-2021 17:19:11.652 [java] [DEBUG] gauge_specs_dir: specs
15-06-2021 17:19:11.652 [java] [DEBUG] csv_delimiter: ,
15-06-2021 17:19:11.652 [java] [DEBUG] gauge_java_home: 
15-06-2021 17:19:11.652 [java] [DEBUG] gauge_custom_build_path: 
15-06-2021 17:19:11.652 [java] [DEBUG] gauge_additional_libs: libs/*
15-06-2021 17:19:11.652 [java] [DEBUG] gauge_jvm_args: 
15-06-2021 17:19:11.652 [java] [DEBUG] gauge_custom_compile_dir: 
15-06-2021 17:19:11.652 [java] [DEBUG] gauge_clear_state_level: scenario
15-06-2021 17:19:11.652 [java] [DEBUG] ***** END *****
15-06-2021 17:19:11.994 [Gauge] [DEBUG] Checking updates...
15-06-2021 17:19:11.996 [Gauge] [DEBUG] Downloading https://downloads.gauge.org/plugin/html-report?l=java&p=html-report,java,screenshot,spectacle,xml-report&o=windows&a=amd64
15-06-2021 17:19:12.689 [Gauge] [DEBUG] Downloading https://downloads.gauge.org/plugin/java?l=java&p=html-report,java,screenshot,spectacle,xml-report&o=windows&a=amd64
15-06-2021 17:19:12.873 [Gauge] [DEBUG] Downloading https://downloads.gauge.org/plugin/screenshot?l=java&p=html-report,java,screenshot,spectacle,xml-report&o=windows&a=amd64
15-06-2021 17:19:14.437 [Gauge] [DEBUG] Downloading https://downloads.gauge.org/plugin/spectacle?l=java&p=html-report,java,screenshot,spectacle,xml-report&o=windows&a=amd64
15-06-2021 17:19:14.597 [java] [DEBUG] classpath set to C:\Program Files\Java\jdk1.8.0_291\jre\lib\charsets.jar;C:\Program Files\Java\jdk1.8.0_291\jre\lib\deploy.jar;C:\Program Files\Java\jdk1.8.0_291\jre\lib\ext\access-bridge-64.jar;C:\Program Files\Java\jdk1.8.0_291\jre\lib\ext\cldrdata.jar;C:\Program Files\Java\jdk1.8.0_291\jre\lib\ext\dnsns.jar;C:\Program Files\Java\jdk1.8.0_291\jre\lib\ext\jaccess.jar;C:\Program Files\Java\jdk1.8.0_291\jre\lib\ext\jfxrt.jar;C:\Program Files\Java\jdk1.8.0_291\jre\lib\ext\localedata.jar;C:\Program Files\Java\jdk1.8.0_291\jre\lib\ext\nashorn.jar;C:\Program Files\Java\jdk1.8.0_291\jre\lib\ext\sunec.jar;C:\Program Files\Java\jdk1.8.0_291\jre\lib\ext\sunjce_provider.jar;C:\Program Files\Java\jdk1.8.0_291\jre\lib\ext\sunmscapi.jar;C:\Program Files\Java\jdk1.8.0_291\jre\lib\ext\sunpkcs11.jar;C:\Program Files\Java\jdk1.8.0_291\jre\lib\ext\zipfs.jar;C:\Program Files\Java\jdk1.8.0_291\jre\lib\javaws.jar;C:\Program Files\Java\jdk1.8.0_291\jre\lib\jce.jar;C:\Program Files\Java\jdk1.8.0_291\jre\lib\jfr.jar;C:\Program Files\Java\jdk1.8.0_291\jre\lib\jfxswt.jar;C:\Program Files\Java\jdk1.8.0_291\jre\lib\jsse.jar;C:\Program Files\Java\jdk1.8.0_291\jre\lib\management-agent.jar;C:\Program Files\Java\jdk1.8.0_291\jre\lib\plugin.jar;C:\Program Files\Java\jdk1.8.0_291\jre\lib\resources.jar;C:\Program Files\Java\jdk1.8.0_291\jre\lib\rt.jar;C:\Users\testinium\Desktop\Workspace\GirişEğitimi\ApiumAndBDD\MobileTesting_w_Appium\target\test-classes;C:\Users\testinium\.m2\repository\junit\junit\4.12\junit-4.12.jar;C:\Users\testinium\.m2\repository\org\hamcrest\hamcrest-core\1.3\hamcrest-core-1.3.jar;C:\Users\testinium\.m2\repository\com\thoughtworks\gauge\gauge-java\0.7.15\gauge-java-0.7.15.jar;C:\Users\testinium\.m2\repository\org\assertj\assertj-core\3.19.0\assertj-core-3.19.0.jar;C:\Users\testinium\.m2\repository\org\reflections\reflections\0.9.9\reflections-0.9.9.jar;C:\Users\testinium\.m2\repository\org\javassist\javassist\3.18.2-GA\javassist-3.18.2-GA.jar;C:\Users\testinium\.m2\repository\com\google\code\findbugs\annotations\2.0.1\annotations-2.0.1.jar;C:\Users\testinium\.m2\repository\com\github\javaparser\javaparser-core\3.16.3\javaparser-core-3.16.3.jar;C:\Users\testinium\.m2\repository\commons-io\commons-io\2.8.0\commons-io-2.8.0.jar;C:\Users\testinium\.m2\repository\commons-lang\commons-lang\2.6\commons-lang-2.6.jar;C:\Users\testinium\.m2\repository\org\json\json\20210307\json-20210307.jar;C:\Users\testinium\.m2\repository\com\google\protobuf\protobuf-java\3.15.8\protobuf-java-3.15.8.jar;C:\Users\testinium\.m2\repository\com\google\guava\guava\30.1.1-jre\guava-30.1.1-jre.jar;C:\Users\testinium\.m2\repository\com\google\guava\failureaccess\1.0.1\failureaccess-1.0.1.jar;C:\Users\testinium\.m2\repository\com\google\guava\listenablefuture\9999.0-empty-to-avoid-conflict-with-guava\listenablefuture-9999.0-empty-to-avoid-conflict-with-guava.jar;C:\Users\testinium\.m2\repository\com\google\code\findbugs\jsr305\3.0.2\jsr305-3.0.2.jar;C:\Users\testinium\.m2\repository\org\checkerframework\checker-qual\3.8.0\checker-qual-3.8.0.jar;C:\Users\testinium\.m2\repository\com\google\errorprone\error_prone_annotations\2.5.1\error_prone_annotations-2.5.1.jar;C:\Users\testinium\.m2\repository\com\google\j2objc\j2objc-annotations\1.3\j2objc-annotations-1.3.jar;C:\Users\testinium\.m2\repository\io\grpc\grpc-netty-shaded\1.37.0\grpc-netty-shaded-1.37.0.jar;C:\Users\testinium\.m2\repository\io\grpc\grpc-core\1.37.0\grpc-core-1.37.0.jar;C:\Users\testinium\.m2\repository\com\google\android\annotations\4.1.1.4\annotations-4.1.1.4.jar;C:\Users\testinium\.m2\repository\io\perfmark\perfmark-api\0.23.0\perfmark-api-0.23.0.jar;C:\Users\testinium\.m2\repository\io\grpc\grpc-protobuf\1.37.0\grpc-protobuf-1.37.0.jar;C:\Users\testinium\.m2\repository\io\grpc\grpc-api\1.37.0\grpc-api-1.37.0.jar;C:\Users\testinium\.m2\repository\io\grpc\grpc-context\1.37.0\grpc-context-1.37.0.jar;C:\Users\testinium\.m2\repository\com\google\api\grpc\proto-google-common-protos\2.0.1\proto-google-common-protos-2.0.1.jar;C:\Users\testinium\.m2\repository\io\grpc\grpc-protobuf-lite\1.37.0\grpc-protobuf-lite-1.37.0.jar;C:\Users\testinium\.m2\repository\org\codehaus\mojo\animal-sniffer-annotations\1.19\animal-sniffer-annotations-1.19.jar;C:\Users\testinium\.m2\repository\io\grpc\grpc-stub\1.37.0\grpc-stub-1.37.0.jar;C:\Users\testinium\.m2\repository\javax\annotation\javax.annotation-api\1.3.2\javax.annotation-api-1.3.2.jar;C:\Users\testinium\.m2\repository\io\appium\java-client\7.3.0\java-client-7.3.0.jar;C:\Users\testinium\.m2\repository\org\seleniumhq\selenium\selenium-java\3.141.59\selenium-java-3.141.59.jar;C:\Users\testinium\.m2\repository\org\seleniumhq\selenium\selenium-chrome-driver\3.141.59\selenium-chrome-driver-3.141.59.jar;C:\Users\testinium\.m2\repository\org\seleniumhq\selenium\selenium-edge-driver\3.141.59\selenium-edge-driver-3.141.59.jar;C:\Users\testinium\.m2\repository\org\seleniumhq\selenium\selenium-firefox-driver\3.141.59\selenium-firefox-driver-3.141.59.jar;C:\Users\testinium\.m2\repository\org\seleniumhq\selenium\selenium-ie-driver\3.141.59\selenium-ie-driver-3.141.59.jar;C:\Users\testinium\.m2\repository\org\seleniumhq\selenium\selenium-opera-driver\3.141.59\selenium-opera-driver-3.141.59.jar;C:\Users\testinium\.m2\repository\org\seleniumhq\selenium\selenium-remote-driver\3.141.59\selenium-remote-driver-3.141.59.jar;C:\Users\testinium\.m2\repository\org\seleniumhq\selenium\selenium-safari-driver\3.141.59\selenium-safari-driver-3.141.59.jar;C:\Users\testinium\.m2\repository\net\bytebuddy\byte-buddy\1.8.15\byte-buddy-1.8.15.jar;C:\Users\testinium\.m2\repository\org\apache\commons\commons-exec\1.3\commons-exec-1.3.jar;C:\Users\testinium\.m2\repository\com\squareup\okhttp3\okhttp\3.11.0\okhttp-3.11.0.jar;C:\Users\testinium\.m2\repository\com\squareup\okio\okio\1.14.0\okio-1.14.0.jar;C:\Users\testinium\.m2\repository\org\seleniumhq\selenium\selenium-support\3.141.59\selenium-support-3.141.59.jar;C:\Users\testinium\.m2\repository\org\seleniumhq\selenium\selenium-api\3.141.59\selenium-api-3.141.59.jar;C:\Users\testinium\.m2\repository\com\google\code\gson\gson\2.8.5\gson-2.8.5.jar;C:\Users\testinium\.m2\repository\org\apache\httpcomponents\httpclient\4.5.9\httpclient-4.5.9.jar;C:\Users\testinium\.m2\repository\org\apache\httpcomponents\httpcore\4.4.11\httpcore-4.4.11.jar;C:\Users\testinium\.m2\repository\commons-logging\commons-logging\1.2\commons-logging-1.2.jar;C:\Users\testinium\.m2\repository\commons-codec\commons-codec\1.11\commons-codec-1.11.jar;C:\Users\testinium\.m2\repository\cglib\cglib\3.2.12\cglib-3.2.12.jar;C:\Users\testinium\.m2\repository\org\ow2\asm\asm\7.1\asm-7.1.jar;C:\Users\testinium\.m2\repository\commons-validator\commons-validator\1.6\commons-validator-1.6.jar;C:\Users\testinium\.m2\repository\commons-beanutils\commons-beanutils\1.9.2\commons-beanutils-1.9.2.jar;C:\Users\testinium\.m2\repository\commons-digester\commons-digester\1.8.1\commons-digester-1.8.1.jar;C:\Users\testinium\.m2\repository\commons-collections\commons-collections\3.2.2\commons-collections-3.2.2.jar;C:\Users\testinium\.m2\repository\org\apache\commons\commons-lang3\3.9\commons-lang3-3.9.jar;C:\Users\testinium\.m2\repository\org\springframework\spring-context\5.1.8.RELEASE\spring-context-5.1.8.RELEASE.jar;C:\Users\testinium\.m2\repository\org\springframework\spring-aop\5.1.8.RELEASE\spring-aop-5.1.8.RELEASE.jar;C:\Users\testinium\.m2\repository\org\springframework\spring-beans\5.1.8.RELEASE\spring-beans-5.1.8.RELEASE.jar;C:\Users\testinium\.m2\repository\org\springframework\spring-core\5.1.8.RELEASE\spring-core-5.1.8.RELEASE.jar;C:\Users\testinium\.m2\repository\org\springframework\spring-jcl\5.1.8.RELEASE\spring-jcl-5.1.8.RELEASE.jar;C:\Users\testinium\.m2\repository\org\springframework\spring-expression\5.1.8.RELEASE\spring-expression-5.1.8.RELEASE.jar;C:\Users\testinium\.m2\repository\org\aspectj\aspectjweaver\1.9.4\aspectjweaver-1.9.4.jar;C:\Users\testinium\.m2\repository\org\slf4j\slf4j-api\1.7.30\slf4j-api-1.7.30.jar;C:\Users\testinium\.m2\repository\org\slf4j\slf4j-log4j12\1.7.30\slf4j-log4j12-1.7.30.jar;C:\Users\testinium\.m2\repository\log4j\log4j\1.2.17\log4j-1.2.17.jar
15-06-2021 17:19:14.642 [Gauge] [DEBUG] Downloading https://downloads.gauge.org/plugin/xml-report?l=java&p=html-report,java,screenshot,spectacle,xml-report&o=windows&a=amd64
15-06-2021 17:19:14.722 [java] [DEBUG] found java executable in C:\Program Files\Java\jdk1.8.0_291\jre\bin\java.exe
15-06-2021 17:19:14.722 [java] [INFO] 
Runner Ready for Debugging
15-06-2021 17:19:14.722 [java] [DEBUG] running - C:\Program Files\Java\jdk1.8.0_291\jre\bin\java.exe [-agentlib:jdwp=transport=dt_socket,server=y,suspend=y,address=65152,timeout=25000 -Dfile.encoding=UTF-8 com.thoughtworks.gauge.GaugeRuntime --start]
15-06-2021 17:19:14.722 [java] [DEBUG] stdout/stderr is logged to logs\6068-java.exe.out
15-06-2021 17:19:19.620 [java] [DEBUG] multithreading is set to false
15-06-2021 17:19:20.128 [java] [DEBUG] Using reflection to scan dependencies for gauge implementations...
15-06-2021 17:19:20.823 [java] [DEBUG] gauge-java took 1200milliseconds to load and scan. This should be less than 'runner_connection_timeout' config value.
15-06-2021 17:19:20.823 [java] [DEBUG] run 'gauge config runner_connection_timeout' and verify that it is < 1200
15-06-2021 17:19:20.823 [java] [DEBUG] starting gRPC server...
15-06-2021 17:19:21.383 [java] [DEBUG] started gRPC server on port 65182
15-06-2021 17:19:21.383 [Gauge] [DEBUG] Attempting to connect to grpc server at port: 65182
15-06-2021 17:19:21.743 [Gauge] [DEBUG] Successfully made the connection with runner with port: 65182
15-06-2021 17:19:21.749 [Gauge] [DEBUG] Validation started.
15-06-2021 17:19:23.700 [java] [DEBUG] Scanning packages for steps
15-06-2021 17:19:23.766 [java] [DEBUG] Comparing 'HomePage.goToBookFlightById' and 'HomePage.goToBookFlightById'
15-06-2021 17:19:23.766 [java] [DEBUG] Found {} id'li elemana tıkla ve bilet al sayfasına git in current project scope.
15-06-2021 17:19:23.767 [java] [DEBUG] Comparing 'Booking.getDayByXpath' and 'Booking.getDayByXpath'
15-06-2021 17:19:23.767 [java] [DEBUG] Found {} xpath'li elemana {} defa tıklanır ve yetişkin sayısı arttırılır in current project scope.
15-06-2021 17:19:23.767 [java] [DEBUG] Comparing 'Booking.getDayByXpath' and 'Booking.getDayByXpath'
15-06-2021 17:19:23.767 [java] [DEBUG] Found {} xpath ile şu an seçili günü al ve {} gün sonraki tarihi {} ile seç in current project scope.
15-06-2021 17:19:23.767 [java] [DEBUG] Comparing 'Booking.clickById' and 'Booking.clickById'
15-06-2021 17:19:23.767 [java] [DEBUG] Found {} id'li elemana tıkla in current project scope.
15-06-2021 17:19:23.767 [java] [DEBUG] Comparing 'Booking.selectByXpath' and 'Booking.selectByXpath'
15-06-2021 17:19:23.767 [java] [DEBUG] Found {} xpath'li elemanı seç in current project scope.
15-06-2021 17:19:23.767 [java] [DEBUG] Comparing 'HomePage.acceptById' and 'HomePage.acceptById'
15-06-2021 17:19:23.767 [java] [DEBUG] Found {} id'li elemana tıkla ve izni kabul et in current project scope.
15-06-2021 17:19:23.767 [java] [DEBUG] Comparing 'GeneralCases.acceptById' and 'GeneralCases.acceptById'
15-06-2021 17:19:23.767 [java] [DEBUG] Found Sayfa güncellemesi için {} sn bekle in current project scope.
15-06-2021 17:19:23.767 [java] [DEBUG] Comparing 'Booking.selectOneWayById' and 'Booking.selectOneWayById'
15-06-2021 17:19:23.767 [java] [DEBUG] Found {} id'li elemana tıkla ve tek gidiş seç in current project scope.
15-06-2021 17:19:23.767 [java] [DEBUG] Comparing 'FlightList.checkFlyList' and 'FlightList.checkFlyList'
15-06-2021 17:19:23.767 [java] [DEBUG] Found {} xpath ile uçuşların listelendiği kontrol edilir in current project scope.
15-06-2021 17:19:23.767 [java] [DEBUG] Comparing 'Booking.searchById' and 'Booking.searchById'
15-06-2021 17:19:23.767 [java] [DEBUG] Found {} id'li arama bölümüne {} verisini gönder in current project scope.
15-06-2021 17:19:23.768 [java] [DEBUG] Scanning packages for hooks
15-06-2021 17:19:23.775 [java] [DEBUG] Scanned steps (using static parsing + reflections): 
15-06-2021 17:19:23.775 [java] [DEBUG] 	{} id'li arama bölümüne {} verisini gönder : public void searchById(String key, String search)
15-06-2021 17:19:23.775 [java] [DEBUG] 	{} id'li elemana tıkla ve tek gidiş seç : public void selectOneWayById(String key)
15-06-2021 17:19:23.775 [java] [DEBUG] 	Sayfa güncellemesi için {} sn bekle : public void acceptById(ınt second)
15-06-2021 17:19:23.775 [java] [DEBUG] 	{} xpath'li elemanı seç : public void selectByXpath(String key)
15-06-2021 17:19:23.775 [java] [DEBUG] 	{} id'li elemana tıkla : public void clickById(String key)
15-06-2021 17:19:23.775 [java] [DEBUG] 	{} id'li elemana tıkla ve bilet al sayfasına git : public void goToBookFlightById(String key)
15-06-2021 17:19:23.775 [java] [DEBUG] 	{} xpath'li elemana {} defa tıklanır ve yetişkin sayısı arttırılır : public void getDayByXpath(String key, ınt n)
15-06-2021 17:19:23.775 [java] [DEBUG] 	{} xpath ile uçuşların listelendiği kontrol edilir : public void checkFlyList(String key)
15-06-2021 17:19:23.775 [java] [DEBUG] 	{} id'li elemana tıkla ve izni kabul et : public void acceptById(String key)
15-06-2021 17:19:23.775 [java] [DEBUG] 	{} xpath ile şu an seçili günü al ve {} gün sonraki tarihi {} ile seç : public void getDayByXpath(String key, ınt day, String target)
15-06-2021 17:19:27.936 [Gauge] [DEBUG] Validation completed.
15-06-2021 17:19:27.939 [Gauge] [DEBUG] Run started
15-06-2021 17:19:27.940 [Gauge] [DEBUG] Starting Html Report plugin
15-06-2021 17:19:27.965 [Gauge] [DEBUG] Attempting to connect to grpc server at port: 65186
15-06-2021 17:19:27.967 [Gauge] [DEBUG] Successfully made the connection with plugin with port: 65186
15-06-2021 17:19:27.968 [Gauge] [DEBUG] Initialising suite data store.
15-06-2021 17:19:38.120 [java] [DEBUG] Executing 'Sayfa güncellemesi için {} sn bekle' using 'class GeneralCases.acceptById
15-06-2021 17:19:38.165 [java] [DEBUG] Executing '{} id'li elemana tıkla ve izni kabul et' using 'class HomePage.acceptById
15-06-2021 17:19:39.312 [java] [DEBUG] Executing 'Sayfa güncellemesi için {} sn bekle' using 'class GeneralCases.acceptById
15-06-2021 17:19:39.328 [java] [DEBUG] Executing '{} id'li elemana tıkla ve izni kabul et' using 'class HomePage.acceptById
15-06-2021 17:19:40.791 [java] [DEBUG] Executing 'Sayfa güncellemesi için {} sn bekle' using 'class GeneralCases.acceptById
15-06-2021 17:19:40.814 [java] [DEBUG] Executing '{} id'li elemana tıkla ve bilet al sayfasına git' using 'class HomePage.goToBookFlightById
15-06-2021 17:19:41.889 [java] [DEBUG] Executing 'Sayfa güncellemesi için {} sn bekle' using 'class GeneralCases.acceptById
15-06-2021 17:19:41.903 [java] [DEBUG] Executing '{} id'li elemana tıkla ve tek gidiş seç' using 'class Booking.selectOneWayById
15-06-2021 17:19:43.118 [java] [DEBUG] Executing '{} id'li elemana tıkla' using 'class Booking.clickById
15-06-2021 17:19:44.067 [java] [DEBUG] Executing 'Sayfa güncellemesi için {} sn bekle' using 'class GeneralCases.acceptById
15-06-2021 17:19:44.089 [java] [DEBUG] Executing '{} id'li arama bölümüne {} verisini gönder' using 'class Booking.searchById
15-06-2021 17:19:46.906 [java] [DEBUG] Executing '{} xpath'li elemanı seç' using 'class Booking.selectByXpath
15-06-2021 17:19:47.829 [java] [DEBUG] Executing 'Sayfa güncellemesi için {} sn bekle' using 'class GeneralCases.acceptById
15-06-2021 17:19:47.844 [java] [DEBUG] Executing '{} id'li elemana tıkla' using 'class Booking.clickById
15-06-2021 17:19:48.739 [java] [DEBUG] Executing 'Sayfa güncellemesi için {} sn bekle' using 'class GeneralCases.acceptById
15-06-2021 17:19:48.758 [java] [DEBUG] Executing '{} id'li arama bölümüne {} verisini gönder' using 'class Booking.searchById
15-06-2021 17:19:57.564 [html-report] [DEBUG] Transformed SuiteResult to report structure
15-06-2021 17:19:57.655 [Gauge] [DEBUG] Sending kill message to Html Report plugin.
15-06-2021 17:19:57.655 [html-report] [INFO] Successfully generated html-report to => C:\Users\testinium\Desktop\Workspace\GirişEğitimi\ApiumAndBDD\MobileTesting_w_Appium\reports\html-report\index.html
15-06-2021 17:19:57.655 [html-report] [DEBUG] Done generating HTML report using theme from C:\Users\testinium\AppData\Roaming\gauge\plugins\html-report\4.0.12\themes\default
15-06-2021 17:19:57.659 [java] [DEBUG] Killing Java runner...
15-06-2021 17:19:57.662 [java] [DEBUG] Stopping execution pool...
15-06-2021 17:19:57.664 [java] [DEBUG] Shutting down grpc server...
15-06-2021 17:19:57.689 [java] [DEBUG] Runner killed gracefully.
15-06-2021 17:19:58.490 [Gauge] [DEBUG] Runner with PID:6068 has exited
15-06-2021 17:19:58.490 [Gauge] [INFO] Specifications:	1 executed	0 passed	1 failed	0 skipped
15-06-2021 17:19:58.491 [Gauge] [INFO] Scenarios:	1 executed	0 passed	1 failed	0 skipped
15-06-2021 17:19:58.491 [Gauge] [INFO] 
Total time taken: 29.614s
15-06-2021 17:19:58.491 [Gauge] [INFO] Updates are available. Run `gauge update -c` for more info.
15-06-2021 17:20:24.658 [Gauge] [DEBUG] Created gauge_screenshots_dir at C:\Users\testinium\Desktop\Workspace\GirişEğitimi\ApiumAndBDD\MobileTesting_w_Appium\.gauge\screenshots
15-06-2021 17:20:24.669 [Gauge] [DEBUG] Plugin java is already installed.
15-06-2021 17:20:24.670 [Gauge] [DEBUG] Plugin html-report is already installed.
15-06-2021 17:20:24.671 [Gauge] [DEBUG] Parsing started.
15-06-2021 17:20:24.672 [Gauge] [DEBUG] Started concepts parsing.
15-06-2021 17:20:24.681 [Gauge] [DEBUG] 6 concepts parsing completed.
15-06-2021 17:20:24.681 [Gauge] [DEBUG] Started specifications parsing.
15-06-2021 17:20:24.684 [Gauge] [DEBUG] 1 specifications parsing completed.
15-06-2021 17:20:24.685 [Gauge] [DEBUG] Parsing completed.
15-06-2021 17:20:24.728 [java] [DEBUG] ***** Printing Properties/Env Values *****
15-06-2021 17:20:24.728 [java] [DEBUG] PATH: C:\Program Files (x86)\Common Files\Oracle\Java\javapath;C:\Windows\system32;C:\Windows;C:\Windows\System32\Wbem;C:\Windows\System32\WindowsPowerShell\v1.0\;C:\Windows\System32\OpenSSH\;C:\Program Files\nodejs\;C:\Program Files\maven\apache-maven-3.8.1\bin;C:\Program Files\Java\jdk1.8.0_291\bin;C:\Program Files\Gauge\bin;C:\WINDOWS\system32;C:\WINDOWS;C:\WINDOWS\System32\Wbem;C:\WINDOWS\System32\WindowsPowerShell\v1.0\;C:\WINDOWS\System32\OpenSSH\;C:\Program Files\Git\cmd;C:\Users\testinium\AppData\Local\Android\Sdk\platform-tools;C:\Users\testinium\AppData\Local\Android\Sdk\tools;C:\Users\testinium\AppData\Local\Android\Sdk\build-tools\30.0.3;C:\Users\testinium\AppData\Local\Microsoft\WindowsApps;C:\Users\testinium\AppData\Roaming\npm;;C:\Users\testinium\AppData\Roaming\gauge\plugins\screenshot\0.0.1
15-06-2021 17:20:24.728 [java] [DEBUG] JAVA_HOME: C:\Program Files\Java\jdk1.8.0_291
15-06-2021 17:20:24.728 [java] [DEBUG] gauge_project_root: C:\Users\testinium\Desktop\Workspace\GirişEğitimi\ApiumAndBDD\MobileTesting_w_Appium
15-06-2021 17:20:24.728 [java] [DEBUG] gauge_parallel_streams_count: 
15-06-2021 17:20:24.728 [java] [DEBUG] gauge_reports_dir: reports
15-06-2021 17:20:24.728 [java] [DEBUG] overwrite_reports: true
15-06-2021 17:20:24.728 [java] [DEBUG] logs_directory: logs
15-06-2021 17:20:24.728 [java] [DEBUG] enable_multithreading: 
15-06-2021 17:20:24.728 [java] [DEBUG] gauge_specs_dir: specs
15-06-2021 17:20:24.728 [java] [DEBUG] csv_delimiter: ,
15-06-2021 17:20:24.728 [java] [DEBUG] gauge_java_home: 
15-06-2021 17:20:24.728 [java] [DEBUG] gauge_custom_build_path: 
15-06-2021 17:20:24.728 [java] [DEBUG] gauge_additional_libs: libs/*
15-06-2021 17:20:24.728 [java] [DEBUG] gauge_jvm_args: 
15-06-2021 17:20:24.728 [java] [DEBUG] gauge_custom_compile_dir: 
15-06-2021 17:20:24.728 [java] [DEBUG] gauge_clear_state_level: scenario
15-06-2021 17:20:24.728 [java] [DEBUG] ***** END *****
15-06-2021 17:20:25.140 [Gauge] [DEBUG] Checking updates...
15-06-2021 17:20:25.146 [Gauge] [DEBUG] Downloading https://downloads.gauge.org/plugin/html-report?l=java&p=html-report,java,screenshot,spectacle,xml-report&o=windows&a=amd64
15-06-2021 17:20:25.677 [Gauge] [DEBUG] Downloading https://downloads.gauge.org/plugin/java?l=java&p=html-report,java,screenshot,spectacle,xml-report&o=windows&a=amd64
15-06-2021 17:20:25.877 [Gauge] [DEBUG] Downloading https://downloads.gauge.org/plugin/screenshot?l=java&p=html-report,java,screenshot,spectacle,xml-report&o=windows&a=amd64
15-06-2021 17:20:26.144 [Gauge] [DEBUG] Downloading https://downloads.gauge.org/plugin/spectacle?l=java&p=html-report,java,screenshot,spectacle,xml-report&o=windows&a=amd64
15-06-2021 17:20:26.380 [Gauge] [DEBUG] Downloading https://downloads.gauge.org/plugin/xml-report?l=java&p=html-report,java,screenshot,spectacle,xml-report&o=windows&a=amd64
15-06-2021 17:20:27.557 [java] [DEBUG] classpath set to C:\Program Files\Java\jdk1.8.0_291\jre\lib\charsets.jar;C:\Program Files\Java\jdk1.8.0_291\jre\lib\deploy.jar;C:\Program Files\Java\jdk1.8.0_291\jre\lib\ext\access-bridge-64.jar;C:\Program Files\Java\jdk1.8.0_291\jre\lib\ext\cldrdata.jar;C:\Program Files\Java\jdk1.8.0_291\jre\lib\ext\dnsns.jar;C:\Program Files\Java\jdk1.8.0_291\jre\lib\ext\jaccess.jar;C:\Program Files\Java\jdk1.8.0_291\jre\lib\ext\jfxrt.jar;C:\Program Files\Java\jdk1.8.0_291\jre\lib\ext\localedata.jar;C:\Program Files\Java\jdk1.8.0_291\jre\lib\ext\nashorn.jar;C:\Program Files\Java\jdk1.8.0_291\jre\lib\ext\sunec.jar;C:\Program Files\Java\jdk1.8.0_291\jre\lib\ext\sunjce_provider.jar;C:\Program Files\Java\jdk1.8.0_291\jre\lib\ext\sunmscapi.jar;C:\Program Files\Java\jdk1.8.0_291\jre\lib\ext\sunpkcs11.jar;C:\Program Files\Java\jdk1.8.0_291\jre\lib\ext\zipfs.jar;C:\Program Files\Java\jdk1.8.0_291\jre\lib\javaws.jar;C:\Program Files\Java\jdk1.8.0_291\jre\lib\jce.jar;C:\Program Files\Java\jdk1.8.0_291\jre\lib\jfr.jar;C:\Program Files\Java\jdk1.8.0_291\jre\lib\jfxswt.jar;C:\Program Files\Java\jdk1.8.0_291\jre\lib\jsse.jar;C:\Program Files\Java\jdk1.8.0_291\jre\lib\management-agent.jar;C:\Program Files\Java\jdk1.8.0_291\jre\lib\plugin.jar;C:\Program Files\Java\jdk1.8.0_291\jre\lib\resources.jar;C:\Program Files\Java\jdk1.8.0_291\jre\lib\rt.jar;C:\Users\testinium\Desktop\Workspace\GirişEğitimi\ApiumAndBDD\MobileTesting_w_Appium\target\test-classes;C:\Users\testinium\.m2\repository\junit\junit\4.12\junit-4.12.jar;C:\Users\testinium\.m2\repository\org\hamcrest\hamcrest-core\1.3\hamcrest-core-1.3.jar;C:\Users\testinium\.m2\repository\com\thoughtworks\gauge\gauge-java\0.7.15\gauge-java-0.7.15.jar;C:\Users\testinium\.m2\repository\org\assertj\assertj-core\3.19.0\assertj-core-3.19.0.jar;C:\Users\testinium\.m2\repository\org\reflections\reflections\0.9.9\reflections-0.9.9.jar;C:\Users\testinium\.m2\repository\org\javassist\javassist\3.18.2-GA\javassist-3.18.2-GA.jar;C:\Users\testinium\.m2\repository\com\google\code\findbugs\annotations\2.0.1\annotations-2.0.1.jar;C:\Users\testinium\.m2\repository\com\github\javaparser\javaparser-core\3.16.3\javaparser-core-3.16.3.jar;C:\Users\testinium\.m2\repository\commons-io\commons-io\2.8.0\commons-io-2.8.0.jar;C:\Users\testinium\.m2\repository\commons-lang\commons-lang\2.6\commons-lang-2.6.jar;C:\Users\testinium\.m2\repository\org\json\json\20210307\json-20210307.jar;C:\Users\testinium\.m2\repository\com\google\protobuf\protobuf-java\3.15.8\protobuf-java-3.15.8.jar;C:\Users\testinium\.m2\repository\com\google\guava\guava\30.1.1-jre\guava-30.1.1-jre.jar;C:\Users\testinium\.m2\repository\com\google\guava\failureaccess\1.0.1\failureaccess-1.0.1.jar;C:\Users\testinium\.m2\repository\com\google\guava\listenablefuture\9999.0-empty-to-avoid-conflict-with-guava\listenablefuture-9999.0-empty-to-avoid-conflict-with-guava.jar;C:\Users\testinium\.m2\repository\com\google\code\findbugs\jsr305\3.0.2\jsr305-3.0.2.jar;C:\Users\testinium\.m2\repository\org\checkerframework\checker-qual\3.8.0\checker-qual-3.8.0.jar;C:\Users\testinium\.m2\repository\com\google\errorprone\error_prone_annotations\2.5.1\error_prone_annotations-2.5.1.jar;C:\Users\testinium\.m2\repository\com\google\j2objc\j2objc-annotations\1.3\j2objc-annotations-1.3.jar;C:\Users\testinium\.m2\repository\io\grpc\grpc-netty-shaded\1.37.0\grpc-netty-shaded-1.37.0.jar;C:\Users\testinium\.m2\repository\io\grpc\grpc-core\1.37.0\grpc-core-1.37.0.jar;C:\Users\testinium\.m2\repository\com\google\android\annotations\4.1.1.4\annotations-4.1.1.4.jar;C:\Users\testinium\.m2\repository\io\perfmark\perfmark-api\0.23.0\perfmark-api-0.23.0.jar;C:\Users\testinium\.m2\repository\io\grpc\grpc-protobuf\1.37.0\grpc-protobuf-1.37.0.jar;C:\Users\testinium\.m2\repository\io\grpc\grpc-api\1.37.0\grpc-api-1.37.0.jar;C:\Users\testinium\.m2\repository\io\grpc\grpc-context\1.37.0\grpc-context-1.37.0.jar;C:\Users\testinium\.m2\repository\com\google\api\grpc\proto-google-common-protos\2.0.1\proto-google-common-protos-2.0.1.jar;C:\Users\testinium\.m2\repository\io\grpc\grpc-protobuf-lite\1.37.0\grpc-protobuf-lite-1.37.0.jar;C:\Users\testinium\.m2\repository\org\codehaus\mojo\animal-sniffer-annotations\1.19\animal-sniffer-annotations-1.19.jar;C:\Users\testinium\.m2\repository\io\grpc\grpc-stub\1.37.0\grpc-stub-1.37.0.jar;C:\Users\testinium\.m2\repository\javax\annotation\javax.annotation-api\1.3.2\javax.annotation-api-1.3.2.jar;C:\Users\testinium\.m2\repository\io\appium\java-client\7.3.0\java-client-7.3.0.jar;C:\Users\testinium\.m2\repository\org\seleniumhq\selenium\selenium-java\3.141.59\selenium-java-3.141.59.jar;C:\Users\testinium\.m2\repository\org\seleniumhq\selenium\selenium-chrome-driver\3.141.59\selenium-chrome-driver-3.141.59.jar;C:\Users\testinium\.m2\repository\org\seleniumhq\selenium\selenium-edge-driver\3.141.59\selenium-edge-driver-3.141.59.jar;C:\Users\testinium\.m2\repository\org\seleniumhq\selenium\selenium-firefox-driver\3.141.59\selenium-firefox-driver-3.141.59.jar;C:\Users\testinium\.m2\repository\org\seleniumhq\selenium\selenium-ie-driver\3.141.59\selenium-ie-driver-3.141.59.jar;C:\Users\testinium\.m2\repository\org\seleniumhq\selenium\selenium-opera-driver\3.141.59\selenium-opera-driver-3.141.59.jar;C:\Users\testinium\.m2\repository\org\seleniumhq\selenium\selenium-remote-driver\3.141.59\selenium-remote-driver-3.141.59.jar;C:\Users\testinium\.m2\repository\org\seleniumhq\selenium\selenium-safari-driver\3.141.59\selenium-safari-driver-3.141.59.jar;C:\Users\testinium\.m2\repository\net\bytebuddy\byte-buddy\1.8.15\byte-buddy-1.8.15.jar;C:\Users\testinium\.m2\repository\org\apache\commons\commons-exec\1.3\commons-exec-1.3.jar;C:\Users\testinium\.m2\repository\com\squareup\okhttp3\okhttp\3.11.0\okhttp-3.11.0.jar;C:\Users\testinium\.m2\repository\com\squareup\okio\okio\1.14.0\okio-1.14.0.jar;C:\Users\testinium\.m2\repository\org\seleniumhq\selenium\selenium-support\3.141.59\selenium-support-3.141.59.jar;C:\Users\testinium\.m2\repository\org\seleniumhq\selenium\selenium-api\3.141.59\selenium-api-3.141.59.jar;C:\Users\testinium\.m2\repository\com\google\code\gson\gson\2.8.5\gson-2.8.5.jar;C:\Users\testinium\.m2\repository\org\apache\httpcomponents\httpclient\4.5.9\httpclient-4.5.9.jar;C:\Users\testinium\.m2\repository\org\apache\httpcomponents\httpcore\4.4.11\httpcore-4.4.11.jar;C:\Users\testinium\.m2\repository\commons-logging\commons-logging\1.2\commons-logging-1.2.jar;C:\Users\testinium\.m2\repository\commons-codec\commons-codec\1.11\commons-codec-1.11.jar;C:\Users\testinium\.m2\repository\cglib\cglib\3.2.12\cglib-3.2.12.jar;C:\Users\testinium\.m2\repository\org\ow2\asm\asm\7.1\asm-7.1.jar;C:\Users\testinium\.m2\repository\commons-validator\commons-validator\1.6\commons-validator-1.6.jar;C:\Users\testinium\.m2\repository\commons-beanutils\commons-beanutils\1.9.2\commons-beanutils-1.9.2.jar;C:\Users\testinium\.m2\repository\commons-digester\commons-digester\1.8.1\commons-digester-1.8.1.jar;C:\Users\testinium\.m2\repository\commons-collections\commons-collections\3.2.2\commons-collections-3.2.2.jar;C:\Users\testinium\.m2\repository\org\apache\commons\commons-lang3\3.9\commons-lang3-3.9.jar;C:\Users\testinium\.m2\repository\org\springframework\spring-context\5.1.8.RELEASE\spring-context-5.1.8.RELEASE.jar;C:\Users\testinium\.m2\repository\org\springframework\spring-aop\5.1.8.RELEASE\spring-aop-5.1.8.RELEASE.jar;C:\Users\testinium\.m2\repository\org\springframework\spring-beans\5.1.8.RELEASE\spring-beans-5.1.8.RELEASE.jar;C:\Users\testinium\.m2\repository\org\springframework\spring-core\5.1.8.RELEASE\spring-core-5.1.8.RELEASE.jar;C:\Users\testinium\.m2\repository\org\springframework\spring-jcl\5.1.8.RELEASE\spring-jcl-5.1.8.RELEASE.jar;C:\Users\testinium\.m2\repository\org\springframework\spring-expression\5.1.8.RELEASE\spring-expression-5.1.8.RELEASE.jar;C:\Users\testinium\.m2\repository\org\aspectj\aspectjweaver\1.9.4\aspectjweaver-1.9.4.jar;C:\Users\testinium\.m2\repository\org\slf4j\slf4j-api\1.7.30\slf4j-api-1.7.30.jar;C:\Users\testinium\.m2\repository\org\slf4j\slf4j-log4j12\1.7.30\slf4j-log4j12-1.7.30.jar;C:\Users\testinium\.m2\repository\log4j\log4j\1.2.17\log4j-1.2.17.jar
15-06-2021 17:20:27.615 [java] [DEBUG] found java executable in C:\Program Files\Java\jdk1.8.0_291\jre\bin\java.exe
15-06-2021 17:20:27.616 [java] [DEBUG] running - C:\Program Files\Java\jdk1.8.0_291\jre\bin\java.exe [-Dfile.encoding=UTF-8 com.thoughtworks.gauge.GaugeRuntime --start]
15-06-2021 17:20:27.616 [java] [DEBUG] stdout/stderr is logged to logs\20336-java.exe.out
15-06-2021 17:20:27.810 [java] [DEBUG] multithreading is set to false
15-06-2021 17:20:28.082 [java] [DEBUG] Using reflection to scan dependencies for gauge implementations...
15-06-2021 17:20:28.502 [java] [DEBUG] gauge-java took 692milliseconds to load and scan. This should be less than 'runner_connection_timeout' config value.
15-06-2021 17:20:28.502 [java] [DEBUG] run 'gauge config runner_connection_timeout' and verify that it is < 692
15-06-2021 17:20:28.502 [java] [DEBUG] starting gRPC server...
15-06-2021 17:20:28.825 [java] [DEBUG] started gRPC server on port 65343
15-06-2021 17:20:28.825 [Gauge] [DEBUG] Attempting to connect to grpc server at port: 65343
15-06-2021 17:20:28.979 [Gauge] [DEBUG] Successfully made the connection with runner with port: 65343
15-06-2021 17:20:28.980 [Gauge] [DEBUG] Validation started.
15-06-2021 17:20:32.595 [java] [DEBUG] Scanning packages for steps
15-06-2021 17:20:32.724 [java] [DEBUG] Comparing 'HomePage.goToBookFlightById' and 'HomePage.goToBookFlightById'
15-06-2021 17:20:32.724 [java] [DEBUG] Found {} id'li elemana tıkla ve bilet al sayfasına git in current project scope.
15-06-2021 17:20:32.725 [java] [DEBUG] Comparing 'Booking.getDayByXpath' and 'Booking.getDayByXpath'
15-06-2021 17:20:32.725 [java] [DEBUG] Found {} xpath'li elemana {} defa tıklanır ve yetişkin sayısı arttırılır in current project scope.
15-06-2021 17:20:32.725 [java] [DEBUG] Comparing 'Booking.getDayByXpath' and 'Booking.getDayByXpath'
15-06-2021 17:20:32.725 [java] [DEBUG] Found {} xpath ile şu an seçili günü al ve {} gün sonraki tarihi {} ile seç in current project scope.
15-06-2021 17:20:32.725 [java] [DEBUG] Comparing 'Booking.clickById' and 'Booking.clickById'
15-06-2021 17:20:32.725 [java] [DEBUG] Found {} id'li elemana tıkla in current project scope.
15-06-2021 17:20:32.725 [java] [DEBUG] Comparing 'Booking.selectByXpath' and 'Booking.selectByXpath'
15-06-2021 17:20:32.725 [java] [DEBUG] Found {} xpath'li elemanı seç in current project scope.
15-06-2021 17:20:32.725 [java] [DEBUG] Comparing 'HomePage.acceptById' and 'HomePage.acceptById'
15-06-2021 17:20:32.726 [java] [DEBUG] Found {} id'li elemana tıkla ve izni kabul et in current project scope.
15-06-2021 17:20:32.726 [java] [DEBUG] Comparing 'GeneralCases.acceptById' and 'GeneralCases.acceptById'
15-06-2021 17:20:32.726 [java] [DEBUG] Found Sayfa güncellemesi için {} sn bekle in current project scope.
15-06-2021 17:20:32.726 [java] [DEBUG] Comparing 'Booking.selectOneWayById' and 'Booking.selectOneWayById'
15-06-2021 17:20:32.726 [java] [DEBUG] Found {} id'li elemana tıkla ve tek gidiş seç in current project scope.
15-06-2021 17:20:32.726 [java] [DEBUG] Comparing 'FlightList.checkFlyList' and 'FlightList.checkFlyList'
15-06-2021 17:20:32.726 [java] [DEBUG] Found {} xpath ile uçuşların listelendiği kontrol edilir in current project scope.
15-06-2021 17:20:32.726 [java] [DEBUG] Comparing 'Booking.searchById' and 'Booking.searchById'
15-06-2021 17:20:32.726 [java] [DEBUG] Found {} id'li arama bölümüne {} verisini gönder in current project scope.
15-06-2021 17:20:32.726 [java] [DEBUG] Scanning packages for hooks
15-06-2021 17:20:32.736 [java] [DEBUG] Scanned steps (using static parsing + reflections): 
15-06-2021 17:20:32.736 [java] [DEBUG] 	{} id'li arama bölümüne {} verisini gönder : public void searchById(String key, String search)
15-06-2021 17:20:32.736 [java] [DEBUG] 	{} id'li elemana tıkla ve tek gidiş seç : public void selectOneWayById(String key)
15-06-2021 17:20:32.736 [java] [DEBUG] 	Sayfa güncellemesi için {} sn bekle : public void acceptById(ınt second)
15-06-2021 17:20:32.736 [java] [DEBUG] 	{} xpath'li elemanı seç : public void selectByXpath(String key)
15-06-2021 17:20:32.737 [java] [DEBUG] 	{} id'li elemana tıkla : public void clickById(String key)
15-06-2021 17:20:32.737 [java] [DEBUG] 	{} id'li elemana tıkla ve bilet al sayfasına git : public void goToBookFlightById(String key)
15-06-2021 17:20:32.737 [java] [DEBUG] 	{} xpath'li elemana {} defa tıklanır ve yetişkin sayısı arttırılır : public void getDayByXpath(String key, ınt n)
15-06-2021 17:20:32.737 [java] [DEBUG] 	{} xpath ile uçuşların listelendiği kontrol edilir : public void checkFlyList(String key)
15-06-2021 17:20:32.737 [java] [DEBUG] 	{} id'li elemana tıkla ve izni kabul et : public void acceptById(String key)
15-06-2021 17:20:32.737 [java] [DEBUG] 	{} xpath ile şu an seçili günü al ve {} gün sonraki tarihi {} ile seç : public void getDayByXpath(String key, ınt day, String target)
15-06-2021 17:20:36.644 [Gauge] [DEBUG] Validation completed.
15-06-2021 17:20:36.646 [Gauge] [DEBUG] Run started
15-06-2021 17:20:36.647 [Gauge] [DEBUG] Starting Html Report plugin
15-06-2021 17:20:36.673 [Gauge] [DEBUG] Attempting to connect to grpc server at port: 65349
15-06-2021 17:20:36.673 [Gauge] [DEBUG] Successfully made the connection with plugin with port: 65349
15-06-2021 17:20:36.674 [Gauge] [DEBUG] Initialising suite data store.
15-06-2021 17:20:49.964 [java] [DEBUG] Executing 'Sayfa güncellemesi için {} sn bekle' using 'class GeneralCases.acceptById
15-06-2021 17:20:50.024 [java] [DEBUG] Executing '{} id'li elemana tıkla ve izni kabul et' using 'class HomePage.acceptById
15-06-2021 17:20:52.651 [java] [DEBUG] Executing 'Sayfa güncellemesi için {} sn bekle' using 'class GeneralCases.acceptById
15-06-2021 17:20:52.669 [java] [DEBUG] Executing '{} id'li elemana tıkla ve izni kabul et' using 'class HomePage.acceptById
15-06-2021 17:20:52.731 [java] [DEBUG] Executing 'Sayfa güncellemesi için {} sn bekle' using 'class GeneralCases.acceptById
15-06-2021 17:20:52.750 [java] [DEBUG] Executing '{} id'li elemana tıkla ve bilet al sayfasına git' using 'class HomePage.goToBookFlightById
15-06-2021 17:20:53.664 [java] [DEBUG] Executing 'Sayfa güncellemesi için {} sn bekle' using 'class GeneralCases.acceptById
15-06-2021 17:20:53.683 [java] [DEBUG] Executing '{} id'li elemana tıkla ve tek gidiş seç' using 'class Booking.selectOneWayById
15-06-2021 17:20:54.987 [java] [DEBUG] Executing '{} id'li elemana tıkla' using 'class Booking.clickById
15-06-2021 17:20:55.722 [java] [DEBUG] Executing 'Sayfa güncellemesi için {} sn bekle' using 'class GeneralCases.acceptById
15-06-2021 17:20:55.766 [java] [DEBUG] Executing '{} id'li arama bölümüne {} verisini gönder' using 'class Booking.searchById
15-06-2021 17:20:58.768 [java] [DEBUG] Executing '{} xpath'li elemanı seç' using 'class Booking.selectByXpath
15-06-2021 17:20:59.726 [java] [DEBUG] Executing 'Sayfa güncellemesi için {} sn bekle' using 'class GeneralCases.acceptById
15-06-2021 17:20:59.742 [java] [DEBUG] Executing '{} id'li elemana tıkla' using 'class Booking.clickById
15-06-2021 17:21:00.673 [java] [DEBUG] Executing 'Sayfa güncellemesi için {} sn bekle' using 'class GeneralCases.acceptById
15-06-2021 17:21:00.693 [java] [DEBUG] Executing '{} id'li arama bölümüne {} verisini gönder' using 'class Booking.searchById
15-06-2021 17:21:02.878 [java] [DEBUG] Executing '{} xpath'li elemanı seç' using 'class Booking.selectByXpath
15-06-2021 17:21:03.786 [java] [DEBUG] Executing 'Sayfa güncellemesi için {} sn bekle' using 'class GeneralCases.acceptById
15-06-2021 17:21:03.805 [java] [DEBUG] Executing '{} id'li elemana tıkla' using 'class Booking.clickById
15-06-2021 17:21:05.563 [java] [DEBUG] Executing '{} xpath ile şu an seçili günü al ve {} gün sonraki tarihi {} ile seç' using 'class Booking.getDayByXpath
15-06-2021 17:21:06.461 [java] [DEBUG] Executing '{} id'li elemana tıkla' using 'class Booking.clickById
15-06-2021 17:21:07.074 [java] [DEBUG] Executing 'Sayfa güncellemesi için {} sn bekle' using 'class GeneralCases.acceptById
15-06-2021 17:21:07.095 [java] [DEBUG] Executing '{} xpath'li elemana {} defa tıklanır ve yetişkin sayısı arttırılır' using 'class Booking.getDayByXpath
15-06-2021 17:21:07.962 [java] [DEBUG] Executing '{} id'li elemana tıkla' using 'class Booking.clickById
15-06-2021 17:21:08.584 [java] [DEBUG] Executing 'Sayfa güncellemesi için {} sn bekle' using 'class GeneralCases.acceptById
15-06-2021 17:21:08.600 [java] [DEBUG] Executing '{} xpath ile uçuşların listelendiği kontrol edilir' using 'class FlightList.checkFlyList
15-06-2021 17:21:11.000 [java] [DEBUG] Executing 'Sayfa güncellemesi için {} sn bekle' using 'class GeneralCases.acceptById
15-06-2021 17:21:11.627 [html-report] [DEBUG] Transformed SuiteResult to report structure
15-06-2021 17:21:11.754 [html-report] [INFO] Successfully generated html-report to => C:\Users\testinium\Desktop\Workspace\GirişEğitimi\ApiumAndBDD\MobileTesting_w_Appium\reports\html-report\index.html
15-06-2021 17:21:11.754 [html-report] [DEBUG] Done generating HTML report using theme from C:\Users\testinium\AppData\Roaming\gauge\plugins\html-report\4.0.12\themes\default
15-06-2021 17:21:11.755 [Gauge] [DEBUG] Sending kill message to Html Report plugin.
15-06-2021 17:21:11.765 [java] [DEBUG] Killing Java runner...
15-06-2021 17:21:11.770 [java] [DEBUG] Stopping execution pool...
15-06-2021 17:21:11.772 [java] [DEBUG] Shutting down grpc server...
15-06-2021 17:21:11.823 [java] [DEBUG] Runner killed gracefully.
15-06-2021 17:21:12.735 [Gauge] [DEBUG] Runner with PID:20336 has exited
15-06-2021 17:21:12.754 [Gauge] [INFO] Specifications:	1 executed	1 passed	0 failed	0 skipped
15-06-2021 17:21:12.755 [Gauge] [INFO] Scenarios:	1 executed	1 passed	0 failed	0 skipped
15-06-2021 17:21:12.755 [Gauge] [INFO] 
Total time taken: 34.966s
15-06-2021 17:21:12.758 [Gauge] [INFO] Updates are available. Run `gauge update -c` for more info.
15-06-2021 17:37:34.775 [Gauge] [DEBUG] Created gauge_screenshots_dir at C:\Users\testinium\Desktop\Workspace\GirişEğitimi\ApiumAndBDD\MobileTesting_w_Appium\.gauge\screenshots
15-06-2021 17:37:34.788 [Gauge] [DEBUG] Plugin java is already installed.
15-06-2021 17:37:34.792 [Gauge] [DEBUG] Plugin html-report is already installed.
15-06-2021 17:37:34.793 [Gauge] [DEBUG] Parsing started.
15-06-2021 17:37:34.794 [Gauge] [DEBUG] Started concepts parsing.
15-06-2021 17:37:34.816 [Gauge] [DEBUG] 7 concepts parsing completed.
15-06-2021 17:37:34.816 [Gauge] [DEBUG] Started specifications parsing.
15-06-2021 17:37:34.819 [Gauge] [DEBUG] 1 specifications parsing completed.
15-06-2021 17:37:34.820 [Gauge] [DEBUG] Parsing completed.
15-06-2021 17:37:34.911 [java] [DEBUG] ***** Printing Properties/Env Values *****
15-06-2021 17:37:34.911 [java] [DEBUG] PATH: C:\Program Files (x86)\Common Files\Oracle\Java\javapath;C:\Windows\system32;C:\Windows;C:\Windows\System32\Wbem;C:\Windows\System32\WindowsPowerShell\v1.0\;C:\Windows\System32\OpenSSH\;C:\Program Files\nodejs\;C:\Program Files\maven\apache-maven-3.8.1\bin;C:\Program Files\Java\jdk1.8.0_291\bin;C:\Program Files\Gauge\bin;C:\WINDOWS\system32;C:\WINDOWS;C:\WINDOWS\System32\Wbem;C:\WINDOWS\System32\WindowsPowerShell\v1.0\;C:\WINDOWS\System32\OpenSSH\;C:\Program Files\Git\cmd;C:\Users\testinium\AppData\Local\Android\Sdk\platform-tools;C:\Users\testinium\AppData\Local\Android\Sdk\tools;C:\Users\testinium\AppData\Local\Android\Sdk\build-tools\30.0.3;C:\Users\testinium\AppData\Local\Microsoft\WindowsApps;C:\Users\testinium\AppData\Roaming\npm;;C:\Users\testinium\AppData\Roaming\gauge\plugins\screenshot\0.0.1
15-06-2021 17:37:34.912 [java] [DEBUG] JAVA_HOME: C:\Program Files\Java\jdk1.8.0_291
15-06-2021 17:37:34.912 [java] [DEBUG] gauge_project_root: C:\Users\testinium\Desktop\Workspace\GirişEğitimi\ApiumAndBDD\MobileTesting_w_Appium
15-06-2021 17:37:34.912 [java] [DEBUG] gauge_parallel_streams_count: 
15-06-2021 17:37:34.912 [java] [DEBUG] gauge_reports_dir: reports
15-06-2021 17:37:34.912 [java] [DEBUG] overwrite_reports: true
15-06-2021 17:37:34.912 [java] [DEBUG] logs_directory: logs
15-06-2021 17:37:34.912 [java] [DEBUG] enable_multithreading: 
15-06-2021 17:37:34.912 [java] [DEBUG] gauge_specs_dir: specs
15-06-2021 17:37:34.912 [java] [DEBUG] csv_delimiter: ,
15-06-2021 17:37:34.912 [java] [DEBUG] gauge_java_home: 
15-06-2021 17:37:34.912 [java] [DEBUG] gauge_custom_build_path: 
15-06-2021 17:37:34.912 [java] [DEBUG] gauge_additional_libs: libs/*
15-06-2021 17:37:34.912 [java] [DEBUG] gauge_jvm_args: 
15-06-2021 17:37:34.912 [java] [DEBUG] gauge_custom_compile_dir: 
15-06-2021 17:37:34.912 [java] [DEBUG] gauge_clear_state_level: scenario
15-06-2021 17:37:34.912 [java] [DEBUG] ***** END *****
15-06-2021 17:37:35.327 [Gauge] [DEBUG] Checking updates...
15-06-2021 17:37:35.335 [Gauge] [DEBUG] Downloading https://downloads.gauge.org/plugin/html-report?l=java&p=html-report,java,screenshot,spectacle,xml-report&o=windows&a=amd64
15-06-2021 17:37:36.155 [Gauge] [DEBUG] Downloading https://downloads.gauge.org/plugin/java?l=java&p=html-report,java,screenshot,spectacle,xml-report&o=windows&a=amd64
15-06-2021 17:37:36.517 [Gauge] [DEBUG] Downloading https://downloads.gauge.org/plugin/screenshot?l=java&p=html-report,java,screenshot,spectacle,xml-report&o=windows&a=amd64
15-06-2021 17:37:36.763 [Gauge] [DEBUG] Downloading https://downloads.gauge.org/plugin/spectacle?l=java&p=html-report,java,screenshot,spectacle,xml-report&o=windows&a=amd64
15-06-2021 17:37:37.027 [Gauge] [DEBUG] Downloading https://downloads.gauge.org/plugin/xml-report?l=java&p=html-report,java,screenshot,spectacle,xml-report&o=windows&a=amd64
15-06-2021 17:37:40.673 [java] [DEBUG] classpath set to C:\Program Files\Java\jdk1.8.0_291\jre\lib\charsets.jar;C:\Program Files\Java\jdk1.8.0_291\jre\lib\deploy.jar;C:\Program Files\Java\jdk1.8.0_291\jre\lib\ext\access-bridge-64.jar;C:\Program Files\Java\jdk1.8.0_291\jre\lib\ext\cldrdata.jar;C:\Program Files\Java\jdk1.8.0_291\jre\lib\ext\dnsns.jar;C:\Program Files\Java\jdk1.8.0_291\jre\lib\ext\jaccess.jar;C:\Program Files\Java\jdk1.8.0_291\jre\lib\ext\jfxrt.jar;C:\Program Files\Java\jdk1.8.0_291\jre\lib\ext\localedata.jar;C:\Program Files\Java\jdk1.8.0_291\jre\lib\ext\nashorn.jar;C:\Program Files\Java\jdk1.8.0_291\jre\lib\ext\sunec.jar;C:\Program Files\Java\jdk1.8.0_291\jre\lib\ext\sunjce_provider.jar;C:\Program Files\Java\jdk1.8.0_291\jre\lib\ext\sunmscapi.jar;C:\Program Files\Java\jdk1.8.0_291\jre\lib\ext\sunpkcs11.jar;C:\Program Files\Java\jdk1.8.0_291\jre\lib\ext\zipfs.jar;C:\Program Files\Java\jdk1.8.0_291\jre\lib\javaws.jar;C:\Program Files\Java\jdk1.8.0_291\jre\lib\jce.jar;C:\Program Files\Java\jdk1.8.0_291\jre\lib\jfr.jar;C:\Program Files\Java\jdk1.8.0_291\jre\lib\jfxswt.jar;C:\Program Files\Java\jdk1.8.0_291\jre\lib\jsse.jar;C:\Program Files\Java\jdk1.8.0_291\jre\lib\management-agent.jar;C:\Program Files\Java\jdk1.8.0_291\jre\lib\plugin.jar;C:\Program Files\Java\jdk1.8.0_291\jre\lib\resources.jar;C:\Program Files\Java\jdk1.8.0_291\jre\lib\rt.jar;C:\Users\testinium\Desktop\Workspace\GirişEğitimi\ApiumAndBDD\MobileTesting_w_Appium\target\test-classes;C:\Users\testinium\.m2\repository\junit\junit\4.12\junit-4.12.jar;C:\Users\testinium\.m2\repository\org\hamcrest\hamcrest-core\1.3\hamcrest-core-1.3.jar;C:\Users\testinium\.m2\repository\com\thoughtworks\gauge\gauge-java\0.7.15\gauge-java-0.7.15.jar;C:\Users\testinium\.m2\repository\org\assertj\assertj-core\3.19.0\assertj-core-3.19.0.jar;C:\Users\testinium\.m2\repository\org\reflections\reflections\0.9.9\reflections-0.9.9.jar;C:\Users\testinium\.m2\repository\org\javassist\javassist\3.18.2-GA\javassist-3.18.2-GA.jar;C:\Users\testinium\.m2\repository\com\google\code\findbugs\annotations\2.0.1\annotations-2.0.1.jar;C:\Users\testinium\.m2\repository\com\github\javaparser\javaparser-core\3.16.3\javaparser-core-3.16.3.jar;C:\Users\testinium\.m2\repository\commons-io\commons-io\2.8.0\commons-io-2.8.0.jar;C:\Users\testinium\.m2\repository\commons-lang\commons-lang\2.6\commons-lang-2.6.jar;C:\Users\testinium\.m2\repository\org\json\json\20210307\json-20210307.jar;C:\Users\testinium\.m2\repository\com\google\protobuf\protobuf-java\3.15.8\protobuf-java-3.15.8.jar;C:\Users\testinium\.m2\repository\com\google\guava\guava\30.1.1-jre\guava-30.1.1-jre.jar;C:\Users\testinium\.m2\repository\com\google\guava\failureaccess\1.0.1\failureaccess-1.0.1.jar;C:\Users\testinium\.m2\repository\com\google\guava\listenablefuture\9999.0-empty-to-avoid-conflict-with-guava\listenablefuture-9999.0-empty-to-avoid-conflict-with-guava.jar;C:\Users\testinium\.m2\repository\com\google\code\findbugs\jsr305\3.0.2\jsr305-3.0.2.jar;C:\Users\testinium\.m2\repository\org\checkerframework\checker-qual\3.8.0\checker-qual-3.8.0.jar;C:\Users\testinium\.m2\repository\com\google\errorprone\error_prone_annotations\2.5.1\error_prone_annotations-2.5.1.jar;C:\Users\testinium\.m2\repository\com\google\j2objc\j2objc-annotations\1.3\j2objc-annotations-1.3.jar;C:\Users\testinium\.m2\repository\io\grpc\grpc-netty-shaded\1.37.0\grpc-netty-shaded-1.37.0.jar;C:\Users\testinium\.m2\repository\io\grpc\grpc-core\1.37.0\grpc-core-1.37.0.jar;C:\Users\testinium\.m2\repository\com\google\android\annotations\4.1.1.4\annotations-4.1.1.4.jar;C:\Users\testinium\.m2\repository\io\perfmark\perfmark-api\0.23.0\perfmark-api-0.23.0.jar;C:\Users\testinium\.m2\repository\io\grpc\grpc-protobuf\1.37.0\grpc-protobuf-1.37.0.jar;C:\Users\testinium\.m2\repository\io\grpc\grpc-api\1.37.0\grpc-api-1.37.0.jar;C:\Users\testinium\.m2\repository\io\grpc\grpc-context\1.37.0\grpc-context-1.37.0.jar;C:\Users\testinium\.m2\repository\com\google\api\grpc\proto-google-common-protos\2.0.1\proto-google-common-protos-2.0.1.jar;C:\Users\testinium\.m2\repository\io\grpc\grpc-protobuf-lite\1.37.0\grpc-protobuf-lite-1.37.0.jar;C:\Users\testinium\.m2\repository\org\codehaus\mojo\animal-sniffer-annotations\1.19\animal-sniffer-annotations-1.19.jar;C:\Users\testinium\.m2\repository\io\grpc\grpc-stub\1.37.0\grpc-stub-1.37.0.jar;C:\Users\testinium\.m2\repository\javax\annotation\javax.annotation-api\1.3.2\javax.annotation-api-1.3.2.jar;C:\Users\testinium\.m2\repository\io\appium\java-client\7.3.0\java-client-7.3.0.jar;C:\Users\testinium\.m2\repository\org\seleniumhq\selenium\selenium-java\3.141.59\selenium-java-3.141.59.jar;C:\Users\testinium\.m2\repository\org\seleniumhq\selenium\selenium-chrome-driver\3.141.59\selenium-chrome-driver-3.141.59.jar;C:\Users\testinium\.m2\repository\org\seleniumhq\selenium\selenium-edge-driver\3.141.59\selenium-edge-driver-3.141.59.jar;C:\Users\testinium\.m2\repository\org\seleniumhq\selenium\selenium-firefox-driver\3.141.59\selenium-firefox-driver-3.141.59.jar;C:\Users\testinium\.m2\repository\org\seleniumhq\selenium\selenium-ie-driver\3.141.59\selenium-ie-driver-3.141.59.jar;C:\Users\testinium\.m2\repository\org\seleniumhq\selenium\selenium-opera-driver\3.141.59\selenium-opera-driver-3.141.59.jar;C:\Users\testinium\.m2\repository\org\seleniumhq\selenium\selenium-remote-driver\3.141.59\selenium-remote-driver-3.141.59.jar;C:\Users\testinium\.m2\repository\org\seleniumhq\selenium\selenium-safari-driver\3.141.59\selenium-safari-driver-3.141.59.jar;C:\Users\testinium\.m2\repository\net\bytebuddy\byte-buddy\1.8.15\byte-buddy-1.8.15.jar;C:\Users\testinium\.m2\repository\org\apache\commons\commons-exec\1.3\commons-exec-1.3.jar;C:\Users\testinium\.m2\repository\com\squareup\okhttp3\okhttp\3.11.0\okhttp-3.11.0.jar;C:\Users\testinium\.m2\repository\com\squareup\okio\okio\1.14.0\okio-1.14.0.jar;C:\Users\testinium\.m2\repository\org\seleniumhq\selenium\selenium-support\3.141.59\selenium-support-3.141.59.jar;C:\Users\testinium\.m2\repository\org\seleniumhq\selenium\selenium-api\3.141.59\selenium-api-3.141.59.jar;C:\Users\testinium\.m2\repository\com\google\code\gson\gson\2.8.5\gson-2.8.5.jar;C:\Users\testinium\.m2\repository\org\apache\httpcomponents\httpclient\4.5.9\httpclient-4.5.9.jar;C:\Users\testinium\.m2\repository\org\apache\httpcomponents\httpcore\4.4.11\httpcore-4.4.11.jar;C:\Users\testinium\.m2\repository\commons-logging\commons-logging\1.2\commons-logging-1.2.jar;C:\Users\testinium\.m2\repository\commons-codec\commons-codec\1.11\commons-codec-1.11.jar;C:\Users\testinium\.m2\repository\cglib\cglib\3.2.12\cglib-3.2.12.jar;C:\Users\testinium\.m2\repository\org\ow2\asm\asm\7.1\asm-7.1.jar;C:\Users\testinium\.m2\repository\commons-validator\commons-validator\1.6\commons-validator-1.6.jar;C:\Users\testinium\.m2\repository\commons-beanutils\commons-beanutils\1.9.2\commons-beanutils-1.9.2.jar;C:\Users\testinium\.m2\repository\commons-digester\commons-digester\1.8.1\commons-digester-1.8.1.jar;C:\Users\testinium\.m2\repository\commons-collections\commons-collections\3.2.2\commons-collections-3.2.2.jar;C:\Users\testinium\.m2\repository\org\apache\commons\commons-lang3\3.9\commons-lang3-3.9.jar;C:\Users\testinium\.m2\repository\org\springframework\spring-context\5.1.8.RELEASE\spring-context-5.1.8.RELEASE.jar;C:\Users\testinium\.m2\repository\org\springframework\spring-aop\5.1.8.RELEASE\spring-aop-5.1.8.RELEASE.jar;C:\Users\testinium\.m2\repository\org\springframework\spring-beans\5.1.8.RELEASE\spring-beans-5.1.8.RELEASE.jar;C:\Users\testinium\.m2\repository\org\springframework\spring-core\5.1.8.RELEASE\spring-core-5.1.8.RELEASE.jar;C:\Users\testinium\.m2\repository\org\springframework\spring-jcl\5.1.8.RELEASE\spring-jcl-5.1.8.RELEASE.jar;C:\Users\testinium\.m2\repository\org\springframework\spring-expression\5.1.8.RELEASE\spring-expression-5.1.8.RELEASE.jar;C:\Users\testinium\.m2\repository\org\aspectj\aspectjweaver\1.9.4\aspectjweaver-1.9.4.jar;C:\Users\testinium\.m2\repository\org\slf4j\slf4j-api\1.7.30\slf4j-api-1.7.30.jar;C:\Users\testinium\.m2\repository\org\slf4j\slf4j-log4j12\1.7.30\slf4j-log4j12-1.7.30.jar;C:\Users\testinium\.m2\repository\log4j\log4j\1.2.17\log4j-1.2.17.jar
15-06-2021 17:37:40.800 [java] [DEBUG] found java executable in C:\Program Files\Java\jdk1.8.0_291\jre\bin\java.exe
15-06-2021 17:37:40.800 [java] [DEBUG] running - C:\Program Files\Java\jdk1.8.0_291\jre\bin\java.exe [-Dfile.encoding=UTF-8 com.thoughtworks.gauge.GaugeRuntime --start]
15-06-2021 17:37:40.800 [java] [DEBUG] stdout/stderr is logged to logs\11624-java.exe.out
15-06-2021 17:37:41.016 [java] [DEBUG] multithreading is set to false
15-06-2021 17:37:41.366 [java] [DEBUG] Using reflection to scan dependencies for gauge implementations...
15-06-2021 17:37:41.921 [java] [DEBUG] gauge-java took 905milliseconds to load and scan. This should be less than 'runner_connection_timeout' config value.
15-06-2021 17:37:41.921 [java] [DEBUG] run 'gauge config runner_connection_timeout' and verify that it is < 905
15-06-2021 17:37:41.922 [java] [DEBUG] starting gRPC server...
15-06-2021 17:37:42.432 [java] [DEBUG] started gRPC server on port 54458
15-06-2021 17:37:42.432 [Gauge] [DEBUG] Attempting to connect to grpc server at port: 54458
15-06-2021 17:37:42.630 [Gauge] [DEBUG] Successfully made the connection with runner with port: 54458
15-06-2021 17:37:42.630 [Gauge] [DEBUG] Validation started.
15-06-2021 17:37:45.320 [java] [DEBUG] Scanning packages for steps
15-06-2021 17:37:45.449 [java] [DEBUG] Comparing 'HomePage.goToBookFlightById' and 'HomePage.goToBookFlightById'
15-06-2021 17:37:45.449 [java] [DEBUG] Found {} id'li elemana tıkla ve bilet al sayfasına git in current project scope.
15-06-2021 17:37:45.449 [java] [DEBUG] Comparing 'Booking.getDayByXpath' and 'Booking.getDayByXpath'
15-06-2021 17:37:45.450 [java] [DEBUG] Found {} xpath ile şu an seçili günü al ve {} gün sonraki tarihi {} ile seç in current project scope.
15-06-2021 17:37:45.450 [java] [DEBUG] Comparing 'Booking.getDayByXpath' and 'Booking.getDayByXpath'
15-06-2021 17:37:45.450 [java] [DEBUG] Found {} xpath'li elemana {} defa tıklanır ve yetişkin sayısı arttırılır in current project scope.
15-06-2021 17:37:45.450 [java] [DEBUG] Comparing 'Booking.clickById' and 'Booking.clickById'
15-06-2021 17:37:45.450 [java] [DEBUG] Found {} id'li elemana tıkla in current project scope.
15-06-2021 17:37:45.450 [java] [DEBUG] Comparing 'Booking.selectByXpath' and 'Booking.selectByXpath'
15-06-2021 17:37:45.450 [java] [DEBUG] Found {} xpath'li elemanı seç in current project scope.
15-06-2021 17:37:45.451 [java] [DEBUG] Comparing 'FlightList.clickContinueById' and 'FlightList.clickContinueById'
15-06-2021 17:37:45.451 [java] [DEBUG] Found {} id'li elemana devam etmek için tıkla in current project scope.
15-06-2021 17:37:45.451 [java] [DEBUG] Comparing 'FlightList.selectFlyByXpath' and 'FlightList.selectFlyByXpath'
15-06-2021 17:37:45.451 [java] [DEBUG] Found {} xpath ile uçuşu veya tipini seç in current project scope.
15-06-2021 17:37:45.451 [java] [DEBUG] Comparing 'HomePage.acceptById' and 'HomePage.acceptById'
15-06-2021 17:37:45.451 [java] [DEBUG] Found {} id'li elemana tıkla ve izni kabul et in current project scope.
15-06-2021 17:37:45.451 [java] [DEBUG] Comparing 'GeneralCases.acceptById' and 'GeneralCases.acceptById'
15-06-2021 17:37:45.451 [java] [DEBUG] Found Sayfa güncellemesi için {} sn bekle in current project scope.
15-06-2021 17:37:45.451 [java] [DEBUG] Comparing 'Booking.selectOneWayById' and 'Booking.selectOneWayById'
15-06-2021 17:37:45.451 [java] [DEBUG] Found {} id'li elemana tıkla ve tek gidiş seç in current project scope.
15-06-2021 17:37:45.452 [java] [DEBUG] Comparing 'FlightList.checkFlyList' and 'FlightList.checkFlyList'
15-06-2021 17:37:45.452 [java] [DEBUG] Found {} xpath ile uçuşların listelendiği kontrol edilir in current project scope.
15-06-2021 17:37:45.452 [java] [DEBUG] Comparing 'Booking.searchById' and 'Booking.searchById'
15-06-2021 17:37:45.452 [java] [DEBUG] Found {} id'li arama bölümüne {} verisini gönder in current project scope.
15-06-2021 17:37:45.452 [java] [DEBUG] Scanning packages for hooks
15-06-2021 17:37:45.472 [java] [DEBUG] Scanned steps (using static parsing + reflections): 
15-06-2021 17:37:45.472 [java] [DEBUG] 	{} id'li arama bölümüne {} verisini gönder : public void searchById(String key, String search)
15-06-2021 17:37:45.472 [java] [DEBUG] 	{} xpath ile uçuşu veya tipini seç : public void selectFlyByXpath(String key)
15-06-2021 17:37:45.472 [java] [DEBUG] 	Sayfa güncellemesi için {} sn bekle : public void acceptById(ınt second)
15-06-2021 17:37:45.472 [java] [DEBUG] 	{} xpath ile uçuşların listelendiği kontrol edilir : public void checkFlyList(String key)
15-06-2021 17:37:45.472 [java] [DEBUG] 	{} xpath'li elemana {} defa tıklanır ve yetişkin sayısı arttırılır : public void getDayByXpath(String key, ınt n)
15-06-2021 17:37:45.472 [java] [DEBUG] 	{} xpath ile şu an seçili günü al ve {} gün sonraki tarihi {} ile seç : public void getDayByXpath(String key, ınt day, String target)
15-06-2021 17:37:45.472 [java] [DEBUG] 	{} id'li elemana tıkla ve tek gidiş seç : public void selectOneWayById(String key)
15-06-2021 17:37:45.472 [java] [DEBUG] 	{} xpath'li elemanı seç : public void selectByXpath(String key)
15-06-2021 17:37:45.472 [java] [DEBUG] 	{} id'li elemana tıkla : public void clickById(String key)
15-06-2021 17:37:45.472 [java] [DEBUG] 	{} id'li elemana tıkla ve bilet al sayfasına git : public void goToBookFlightById(String key)
15-06-2021 17:37:45.472 [java] [DEBUG] 	{} id'li elemana tıkla ve izni kabul et : public void acceptById(String key)
15-06-2021 17:37:45.472 [java] [DEBUG] 	{} id'li elemana devam etmek için tıkla : public void clickContinueById(String key)
15-06-2021 17:37:50.516 [Gauge] [DEBUG] Validation completed.
15-06-2021 17:37:50.518 [Gauge] [DEBUG] Run started
15-06-2021 17:37:50.519 [Gauge] [DEBUG] Starting Html Report plugin
15-06-2021 17:37:50.571 [Gauge] [DEBUG] Attempting to connect to grpc server at port: 54465
15-06-2021 17:37:50.576 [Gauge] [DEBUG] Successfully made the connection with plugin with port: 54465
15-06-2021 17:37:50.578 [Gauge] [DEBUG] Initialising suite data store.
15-06-2021 17:37:59.809 [java] [DEBUG] Executing 'Sayfa güncellemesi için {} sn bekle' using 'class GeneralCases.acceptById
15-06-2021 17:37:59.843 [java] [DEBUG] Executing '{} id'li elemana tıkla ve izni kabul et' using 'class HomePage.acceptById
15-06-2021 17:38:01.196 [java] [DEBUG] Executing 'Sayfa güncellemesi için {} sn bekle' using 'class GeneralCases.acceptById
15-06-2021 17:38:01.208 [java] [DEBUG] Executing '{} id'li elemana tıkla ve izni kabul et' using 'class HomePage.acceptById
15-06-2021 17:38:02.539 [java] [DEBUG] Executing 'Sayfa güncellemesi için {} sn bekle' using 'class GeneralCases.acceptById
15-06-2021 17:38:02.556 [java] [DEBUG] Executing '{} id'li elemana tıkla ve bilet al sayfasına git' using 'class HomePage.goToBookFlightById
15-06-2021 17:38:03.750 [java] [DEBUG] Executing 'Sayfa güncellemesi için {} sn bekle' using 'class GeneralCases.acceptById
15-06-2021 17:38:03.770 [java] [DEBUG] Executing '{} id'li elemana tıkla ve tek gidiş seç' using 'class Booking.selectOneWayById
15-06-2021 17:38:05.010 [java] [DEBUG] Executing '{} id'li elemana tıkla' using 'class Booking.clickById
15-06-2021 17:38:05.746 [java] [DEBUG] Executing 'Sayfa güncellemesi için {} sn bekle' using 'class GeneralCases.acceptById
15-06-2021 17:38:05.774 [java] [DEBUG] Executing '{} id'li arama bölümüne {} verisini gönder' using 'class Booking.searchById
15-06-2021 17:38:08.358 [java] [DEBUG] Executing '{} xpath'li elemanı seç' using 'class Booking.selectByXpath
15-06-2021 17:38:09.309 [java] [DEBUG] Executing 'Sayfa güncellemesi için {} sn bekle' using 'class GeneralCases.acceptById
15-06-2021 17:38:09.331 [java] [DEBUG] Executing '{} id'li elemana tıkla' using 'class Booking.clickById
15-06-2021 17:38:10.234 [java] [DEBUG] Executing 'Sayfa güncellemesi için {} sn bekle' using 'class GeneralCases.acceptById
15-06-2021 17:38:10.254 [java] [DEBUG] Executing '{} id'li arama bölümüne {} verisini gönder' using 'class Booking.searchById
15-06-2021 17:38:12.337 [java] [DEBUG] Executing '{} xpath'li elemanı seç' using 'class Booking.selectByXpath
15-06-2021 17:38:13.254 [java] [DEBUG] Executing 'Sayfa güncellemesi için {} sn bekle' using 'class GeneralCases.acceptById
15-06-2021 17:38:13.270 [java] [DEBUG] Executing '{} id'li elemana tıkla' using 'class Booking.clickById
15-06-2021 17:38:14.295 [java] [DEBUG] Executing '{} xpath ile şu an seçili günü al ve {} gün sonraki tarihi {} ile seç' using 'class Booking.getDayByXpath
15-06-2021 17:38:15.187 [java] [DEBUG] Executing '{} id'li elemana tıkla' using 'class Booking.clickById
15-06-2021 17:38:15.815 [java] [DEBUG] Executing 'Sayfa güncellemesi için {} sn bekle' using 'class GeneralCases.acceptById
15-06-2021 17:38:15.829 [java] [DEBUG] Executing '{} xpath'li elemana {} defa tıklanır ve yetişkin sayısı arttırılır' using 'class Booking.getDayByXpath
15-06-2021 17:38:16.810 [java] [DEBUG] Executing '{} id'li elemana tıkla' using 'class Booking.clickById
15-06-2021 17:38:17.450 [java] [DEBUG] Executing 'Sayfa güncellemesi için {} sn bekle' using 'class GeneralCases.acceptById
15-06-2021 17:38:17.469 [java] [DEBUG] Executing '{} xpath ile uçuşların listelendiği kontrol edilir' using 'class FlightList.checkFlyList
15-06-2021 17:38:20.077 [java] [DEBUG] Executing 'Sayfa güncellemesi için {} sn bekle' using 'class GeneralCases.acceptById
15-06-2021 17:38:20.090 [java] [DEBUG] Executing '{} xpath ile uçuşu veya tipini seç' using 'class FlightList.selectFlyByXpath
15-06-2021 17:38:20.166 [java] [DEBUG] Executing 'Sayfa güncellemesi için {} sn bekle' using 'class GeneralCases.acceptById
15-06-2021 17:38:20.186 [java] [DEBUG] Executing '{} xpath ile uçuşu veya tipini seç' using 'class FlightList.selectFlyByXpath
15-06-2021 17:38:31.216 [html-report] [DEBUG] Transformed SuiteResult to report structure
15-06-2021 17:38:31.317 [html-report] [INFO] Successfully generated html-report to => C:\Users\testinium\Desktop\Workspace\GirişEğitimi\ApiumAndBDD\MobileTesting_w_Appium\reports\html-report\index.html
15-06-2021 17:38:31.318 [html-report] [DEBUG] Done generating HTML report using theme from C:\Users\testinium\AppData\Roaming\gauge\plugins\html-report\4.0.12\themes\default
15-06-2021 17:38:31.317 [Gauge] [DEBUG] Sending kill message to Html Report plugin.
15-06-2021 17:38:31.322 [java] [DEBUG] Killing Java runner...
15-06-2021 17:38:31.324 [java] [DEBUG] Stopping execution pool...
15-06-2021 17:38:31.324 [java] [DEBUG] Shutting down grpc server...
15-06-2021 17:38:31.346 [java] [DEBUG] Runner killed gracefully.
15-06-2021 17:38:32.248 [Gauge] [DEBUG] Runner with PID:11624 has exited
15-06-2021 17:38:32.248 [Gauge] [INFO] Specifications:	1 executed	0 passed	1 failed	0 skipped
15-06-2021 17:38:32.248 [Gauge] [INFO] Scenarios:	1 executed	0 passed	1 failed	0 skipped
15-06-2021 17:38:32.248 [Gauge] [INFO] 
Total time taken: 40.689s
15-06-2021 17:38:32.249 [Gauge] [INFO] Updates are available. Run `gauge update -c` for more info.
15-06-2021 17:51:45.406 [Gauge] [DEBUG] Created gauge_screenshots_dir at C:\Users\testinium\Desktop\Workspace\GirişEğitimi\ApiumAndBDD\MobileTesting_w_Appium\.gauge\screenshots
15-06-2021 17:51:45.413 [Gauge] [DEBUG] Plugin java is already installed.
15-06-2021 17:51:45.414 [Gauge] [DEBUG] Plugin html-report is already installed.
15-06-2021 17:51:45.415 [Gauge] [DEBUG] Parsing started.
15-06-2021 17:51:45.415 [Gauge] [DEBUG] Started concepts parsing.
15-06-2021 17:51:45.423 [Gauge] [DEBUG] 7 concepts parsing completed.
15-06-2021 17:51:45.423 [Gauge] [DEBUG] Started specifications parsing.
15-06-2021 17:51:45.424 [Gauge] [DEBUG] 1 specifications parsing completed.
15-06-2021 17:51:45.425 [Gauge] [DEBUG] Parsing completed.
15-06-2021 17:51:45.453 [java] [DEBUG] ***** Printing Properties/Env Values *****
15-06-2021 17:51:45.453 [java] [DEBUG] PATH: C:\Program Files (x86)\Common Files\Oracle\Java\javapath;C:\Windows\system32;C:\Windows;C:\Windows\System32\Wbem;C:\Windows\System32\WindowsPowerShell\v1.0\;C:\Windows\System32\OpenSSH\;C:\Program Files\nodejs\;C:\Program Files\maven\apache-maven-3.8.1\bin;C:\Program Files\Java\jdk1.8.0_291\bin;C:\Program Files\Gauge\bin;C:\WINDOWS\system32;C:\WINDOWS;C:\WINDOWS\System32\Wbem;C:\WINDOWS\System32\WindowsPowerShell\v1.0\;C:\WINDOWS\System32\OpenSSH\;C:\Program Files\Git\cmd;C:\Users\testinium\AppData\Local\Android\Sdk\platform-tools;C:\Users\testinium\AppData\Local\Android\Sdk\tools;C:\Users\testinium\AppData\Local\Android\Sdk\build-tools\30.0.3;C:\Users\testinium\AppData\Local\Microsoft\WindowsApps;C:\Users\testinium\AppData\Roaming\npm;;C:\Users\testinium\AppData\Roaming\gauge\plugins\screenshot\0.0.1
15-06-2021 17:51:45.453 [java] [DEBUG] JAVA_HOME: C:\Program Files\Java\jdk1.8.0_291
15-06-2021 17:51:45.453 [java] [DEBUG] gauge_project_root: C:\Users\testinium\Desktop\Workspace\GirişEğitimi\ApiumAndBDD\MobileTesting_w_Appium
15-06-2021 17:51:45.453 [java] [DEBUG] gauge_parallel_streams_count: 
15-06-2021 17:51:45.453 [java] [DEBUG] gauge_reports_dir: reports
15-06-2021 17:51:45.454 [java] [DEBUG] overwrite_reports: true
15-06-2021 17:51:45.454 [java] [DEBUG] logs_directory: logs
15-06-2021 17:51:45.454 [java] [DEBUG] enable_multithreading: 
15-06-2021 17:51:45.454 [java] [DEBUG] gauge_specs_dir: specs
15-06-2021 17:51:45.454 [java] [DEBUG] csv_delimiter: ,
15-06-2021 17:51:45.454 [java] [DEBUG] gauge_java_home: 
15-06-2021 17:51:45.454 [java] [DEBUG] gauge_custom_build_path: 
15-06-2021 17:51:45.454 [java] [DEBUG] gauge_additional_libs: libs/*
15-06-2021 17:51:45.454 [java] [DEBUG] gauge_jvm_args: 
15-06-2021 17:51:45.454 [java] [DEBUG] gauge_custom_compile_dir: 
15-06-2021 17:51:45.454 [java] [DEBUG] gauge_clear_state_level: scenario
15-06-2021 17:51:45.454 [java] [DEBUG] ***** END *****
15-06-2021 17:51:45.790 [Gauge] [DEBUG] Checking updates...
15-06-2021 17:51:45.791 [Gauge] [DEBUG] Downloading https://downloads.gauge.org/plugin/html-report?l=java&p=html-report,java,screenshot,spectacle,xml-report&o=windows&a=amd64
15-06-2021 17:51:46.395 [Gauge] [DEBUG] Downloading https://downloads.gauge.org/plugin/java?l=java&p=html-report,java,screenshot,spectacle,xml-report&o=windows&a=amd64
15-06-2021 17:51:46.653 [Gauge] [DEBUG] Downloading https://downloads.gauge.org/plugin/screenshot?l=java&p=html-report,java,screenshot,spectacle,xml-report&o=windows&a=amd64
15-06-2021 17:51:46.911 [Gauge] [DEBUG] Downloading https://downloads.gauge.org/plugin/spectacle?l=java&p=html-report,java,screenshot,spectacle,xml-report&o=windows&a=amd64
15-06-2021 17:51:47.208 [Gauge] [DEBUG] Downloading https://downloads.gauge.org/plugin/xml-report?l=java&p=html-report,java,screenshot,spectacle,xml-report&o=windows&a=amd64
15-06-2021 17:51:50.365 [java] [DEBUG] classpath set to C:\Program Files\Java\jdk1.8.0_291\jre\lib\charsets.jar;C:\Program Files\Java\jdk1.8.0_291\jre\lib\deploy.jar;C:\Program Files\Java\jdk1.8.0_291\jre\lib\ext\access-bridge-64.jar;C:\Program Files\Java\jdk1.8.0_291\jre\lib\ext\cldrdata.jar;C:\Program Files\Java\jdk1.8.0_291\jre\lib\ext\dnsns.jar;C:\Program Files\Java\jdk1.8.0_291\jre\lib\ext\jaccess.jar;C:\Program Files\Java\jdk1.8.0_291\jre\lib\ext\jfxrt.jar;C:\Program Files\Java\jdk1.8.0_291\jre\lib\ext\localedata.jar;C:\Program Files\Java\jdk1.8.0_291\jre\lib\ext\nashorn.jar;C:\Program Files\Java\jdk1.8.0_291\jre\lib\ext\sunec.jar;C:\Program Files\Java\jdk1.8.0_291\jre\lib\ext\sunjce_provider.jar;C:\Program Files\Java\jdk1.8.0_291\jre\lib\ext\sunmscapi.jar;C:\Program Files\Java\jdk1.8.0_291\jre\lib\ext\sunpkcs11.jar;C:\Program Files\Java\jdk1.8.0_291\jre\lib\ext\zipfs.jar;C:\Program Files\Java\jdk1.8.0_291\jre\lib\javaws.jar;C:\Program Files\Java\jdk1.8.0_291\jre\lib\jce.jar;C:\Program Files\Java\jdk1.8.0_291\jre\lib\jfr.jar;C:\Program Files\Java\jdk1.8.0_291\jre\lib\jfxswt.jar;C:\Program Files\Java\jdk1.8.0_291\jre\lib\jsse.jar;C:\Program Files\Java\jdk1.8.0_291\jre\lib\management-agent.jar;C:\Program Files\Java\jdk1.8.0_291\jre\lib\plugin.jar;C:\Program Files\Java\jdk1.8.0_291\jre\lib\resources.jar;C:\Program Files\Java\jdk1.8.0_291\jre\lib\rt.jar;C:\Users\testinium\Desktop\Workspace\GirişEğitimi\ApiumAndBDD\MobileTesting_w_Appium\target\test-classes;C:\Users\testinium\.m2\repository\junit\junit\4.12\junit-4.12.jar;C:\Users\testinium\.m2\repository\org\hamcrest\hamcrest-core\1.3\hamcrest-core-1.3.jar;C:\Users\testinium\.m2\repository\com\thoughtworks\gauge\gauge-java\0.7.15\gauge-java-0.7.15.jar;C:\Users\testinium\.m2\repository\org\assertj\assertj-core\3.19.0\assertj-core-3.19.0.jar;C:\Users\testinium\.m2\repository\org\reflections\reflections\0.9.9\reflections-0.9.9.jar;C:\Users\testinium\.m2\repository\org\javassist\javassist\3.18.2-GA\javassist-3.18.2-GA.jar;C:\Users\testinium\.m2\repository\com\google\code\findbugs\annotations\2.0.1\annotations-2.0.1.jar;C:\Users\testinium\.m2\repository\com\github\javaparser\javaparser-core\3.16.3\javaparser-core-3.16.3.jar;C:\Users\testinium\.m2\repository\commons-io\commons-io\2.8.0\commons-io-2.8.0.jar;C:\Users\testinium\.m2\repository\commons-lang\commons-lang\2.6\commons-lang-2.6.jar;C:\Users\testinium\.m2\repository\org\json\json\20210307\json-20210307.jar;C:\Users\testinium\.m2\repository\com\google\protobuf\protobuf-java\3.15.8\protobuf-java-3.15.8.jar;C:\Users\testinium\.m2\repository\com\google\guava\guava\30.1.1-jre\guava-30.1.1-jre.jar;C:\Users\testinium\.m2\repository\com\google\guava\failureaccess\1.0.1\failureaccess-1.0.1.jar;C:\Users\testinium\.m2\repository\com\google\guava\listenablefuture\9999.0-empty-to-avoid-conflict-with-guava\listenablefuture-9999.0-empty-to-avoid-conflict-with-guava.jar;C:\Users\testinium\.m2\repository\com\google\code\findbugs\jsr305\3.0.2\jsr305-3.0.2.jar;C:\Users\testinium\.m2\repository\org\checkerframework\checker-qual\3.8.0\checker-qual-3.8.0.jar;C:\Users\testinium\.m2\repository\com\google\errorprone\error_prone_annotations\2.5.1\error_prone_annotations-2.5.1.jar;C:\Users\testinium\.m2\repository\com\google\j2objc\j2objc-annotations\1.3\j2objc-annotations-1.3.jar;C:\Users\testinium\.m2\repository\io\grpc\grpc-netty-shaded\1.37.0\grpc-netty-shaded-1.37.0.jar;C:\Users\testinium\.m2\repository\io\grpc\grpc-core\1.37.0\grpc-core-1.37.0.jar;C:\Users\testinium\.m2\repository\com\google\android\annotations\4.1.1.4\annotations-4.1.1.4.jar;C:\Users\testinium\.m2\repository\io\perfmark\perfmark-api\0.23.0\perfmark-api-0.23.0.jar;C:\Users\testinium\.m2\repository\io\grpc\grpc-protobuf\1.37.0\grpc-protobuf-1.37.0.jar;C:\Users\testinium\.m2\repository\io\grpc\grpc-api\1.37.0\grpc-api-1.37.0.jar;C:\Users\testinium\.m2\repository\io\grpc\grpc-context\1.37.0\grpc-context-1.37.0.jar;C:\Users\testinium\.m2\repository\com\google\api\grpc\proto-google-common-protos\2.0.1\proto-google-common-protos-2.0.1.jar;C:\Users\testinium\.m2\repository\io\grpc\grpc-protobuf-lite\1.37.0\grpc-protobuf-lite-1.37.0.jar;C:\Users\testinium\.m2\repository\org\codehaus\mojo\animal-sniffer-annotations\1.19\animal-sniffer-annotations-1.19.jar;C:\Users\testinium\.m2\repository\io\grpc\grpc-stub\1.37.0\grpc-stub-1.37.0.jar;C:\Users\testinium\.m2\repository\javax\annotation\javax.annotation-api\1.3.2\javax.annotation-api-1.3.2.jar;C:\Users\testinium\.m2\repository\io\appium\java-client\7.3.0\java-client-7.3.0.jar;C:\Users\testinium\.m2\repository\org\seleniumhq\selenium\selenium-java\3.141.59\selenium-java-3.141.59.jar;C:\Users\testinium\.m2\repository\org\seleniumhq\selenium\selenium-chrome-driver\3.141.59\selenium-chrome-driver-3.141.59.jar;C:\Users\testinium\.m2\repository\org\seleniumhq\selenium\selenium-edge-driver\3.141.59\selenium-edge-driver-3.141.59.jar;C:\Users\testinium\.m2\repository\org\seleniumhq\selenium\selenium-firefox-driver\3.141.59\selenium-firefox-driver-3.141.59.jar;C:\Users\testinium\.m2\repository\org\seleniumhq\selenium\selenium-ie-driver\3.141.59\selenium-ie-driver-3.141.59.jar;C:\Users\testinium\.m2\repository\org\seleniumhq\selenium\selenium-opera-driver\3.141.59\selenium-opera-driver-3.141.59.jar;C:\Users\testinium\.m2\repository\org\seleniumhq\selenium\selenium-remote-driver\3.141.59\selenium-remote-driver-3.141.59.jar;C:\Users\testinium\.m2\repository\org\seleniumhq\selenium\selenium-safari-driver\3.141.59\selenium-safari-driver-3.141.59.jar;C:\Users\testinium\.m2\repository\net\bytebuddy\byte-buddy\1.8.15\byte-buddy-1.8.15.jar;C:\Users\testinium\.m2\repository\org\apache\commons\commons-exec\1.3\commons-exec-1.3.jar;C:\Users\testinium\.m2\repository\com\squareup\okhttp3\okhttp\3.11.0\okhttp-3.11.0.jar;C:\Users\testinium\.m2\repository\com\squareup\okio\okio\1.14.0\okio-1.14.0.jar;C:\Users\testinium\.m2\repository\org\seleniumhq\selenium\selenium-support\3.141.59\selenium-support-3.141.59.jar;C:\Users\testinium\.m2\repository\org\seleniumhq\selenium\selenium-api\3.141.59\selenium-api-3.141.59.jar;C:\Users\testinium\.m2\repository\com\google\code\gson\gson\2.8.5\gson-2.8.5.jar;C:\Users\testinium\.m2\repository\org\apache\httpcomponents\httpclient\4.5.9\httpclient-4.5.9.jar;C:\Users\testinium\.m2\repository\org\apache\httpcomponents\httpcore\4.4.11\httpcore-4.4.11.jar;C:\Users\testinium\.m2\repository\commons-logging\commons-logging\1.2\commons-logging-1.2.jar;C:\Users\testinium\.m2\repository\commons-codec\commons-codec\1.11\commons-codec-1.11.jar;C:\Users\testinium\.m2\repository\cglib\cglib\3.2.12\cglib-3.2.12.jar;C:\Users\testinium\.m2\repository\org\ow2\asm\asm\7.1\asm-7.1.jar;C:\Users\testinium\.m2\repository\commons-validator\commons-validator\1.6\commons-validator-1.6.jar;C:\Users\testinium\.m2\repository\commons-beanutils\commons-beanutils\1.9.2\commons-beanutils-1.9.2.jar;C:\Users\testinium\.m2\repository\commons-digester\commons-digester\1.8.1\commons-digester-1.8.1.jar;C:\Users\testinium\.m2\repository\commons-collections\commons-collections\3.2.2\commons-collections-3.2.2.jar;C:\Users\testinium\.m2\repository\org\apache\commons\commons-lang3\3.9\commons-lang3-3.9.jar;C:\Users\testinium\.m2\repository\org\springframework\spring-context\5.1.8.RELEASE\spring-context-5.1.8.RELEASE.jar;C:\Users\testinium\.m2\repository\org\springframework\spring-aop\5.1.8.RELEASE\spring-aop-5.1.8.RELEASE.jar;C:\Users\testinium\.m2\repository\org\springframework\spring-beans\5.1.8.RELEASE\spring-beans-5.1.8.RELEASE.jar;C:\Users\testinium\.m2\repository\org\springframework\spring-core\5.1.8.RELEASE\spring-core-5.1.8.RELEASE.jar;C:\Users\testinium\.m2\repository\org\springframework\spring-jcl\5.1.8.RELEASE\spring-jcl-5.1.8.RELEASE.jar;C:\Users\testinium\.m2\repository\org\springframework\spring-expression\5.1.8.RELEASE\spring-expression-5.1.8.RELEASE.jar;C:\Users\testinium\.m2\repository\org\aspectj\aspectjweaver\1.9.4\aspectjweaver-1.9.4.jar;C:\Users\testinium\.m2\repository\org\slf4j\slf4j-api\1.7.30\slf4j-api-1.7.30.jar;C:\Users\testinium\.m2\repository\org\slf4j\slf4j-log4j12\1.7.30\slf4j-log4j12-1.7.30.jar;C:\Users\testinium\.m2\repository\log4j\log4j\1.2.17\log4j-1.2.17.jar
15-06-2021 17:51:50.484 [java] [DEBUG] found java executable in C:\Program Files\Java\jdk1.8.0_291\jre\bin\java.exe
15-06-2021 17:51:50.484 [java] [DEBUG] running - C:\Program Files\Java\jdk1.8.0_291\jre\bin\java.exe [-Dfile.encoding=UTF-8 com.thoughtworks.gauge.GaugeRuntime --start]
15-06-2021 17:51:50.484 [java] [DEBUG] stdout/stderr is logged to logs\14036-java.exe.out
15-06-2021 17:51:50.823 [java] [DEBUG] multithreading is set to false
15-06-2021 17:51:51.302 [java] [DEBUG] Using reflection to scan dependencies for gauge implementations...
15-06-2021 17:51:51.798 [java] [DEBUG] gauge-java took 975milliseconds to load and scan. This should be less than 'runner_connection_timeout' config value.
15-06-2021 17:51:51.798 [java] [DEBUG] run 'gauge config runner_connection_timeout' and verify that it is < 975
15-06-2021 17:51:51.798 [java] [DEBUG] starting gRPC server...
15-06-2021 17:51:52.269 [java] [DEBUG] started gRPC server on port 55748
15-06-2021 17:51:52.270 [Gauge] [DEBUG] Attempting to connect to grpc server at port: 55748
15-06-2021 17:51:52.462 [Gauge] [DEBUG] Successfully made the connection with runner with port: 55748
15-06-2021 17:51:52.462 [Gauge] [DEBUG] Validation started.
15-06-2021 17:51:54.962 [java] [DEBUG] Scanning packages for steps
15-06-2021 17:51:55.007 [java] [DEBUG] Comparing 'HomePage.goToBookFlightById' and 'HomePage.goToBookFlightById'
15-06-2021 17:51:55.007 [java] [DEBUG] Found {} id'li elemana tıkla ve bilet al sayfasına git in current project scope.
15-06-2021 17:51:55.007 [java] [DEBUG] Comparing 'Booking.getDayByXpath' and 'Booking.getDayByXpath'
15-06-2021 17:51:55.007 [java] [DEBUG] Found {} xpath ile şu an seçili günü al ve {} gün sonraki tarihi {} ile seç in current project scope.
15-06-2021 17:51:55.008 [java] [DEBUG] Comparing 'Booking.getDayByXpath' and 'Booking.getDayByXpath'
15-06-2021 17:51:55.008 [java] [DEBUG] Found {} xpath'li elemana {} defa tıklanır ve yetişkin sayısı arttırılır in current project scope.
15-06-2021 17:51:55.008 [java] [DEBUG] Comparing 'Booking.clickById' and 'Booking.clickById'
15-06-2021 17:51:55.008 [java] [DEBUG] Found {} id'li elemana tıkla in current project scope.
15-06-2021 17:51:55.008 [java] [DEBUG] Comparing 'Booking.selectByXpath' and 'Booking.selectByXpath'
15-06-2021 17:51:55.008 [java] [DEBUG] Found {} xpath'li elemanı seç in current project scope.
15-06-2021 17:51:55.008 [java] [DEBUG] Comparing 'FlightList.clickContinueById' and 'FlightList.clickContinueById'
15-06-2021 17:51:55.008 [java] [DEBUG] Found {} id'li elemana devam etmek için tıkla in current project scope.
15-06-2021 17:51:55.008 [java] [DEBUG] Comparing 'FlightList.selectFlyByXpath' and 'FlightList.selectFlyByXpath'
15-06-2021 17:51:55.009 [java] [DEBUG] Found {} xpath ile uçuşu veya tipini seç in current project scope.
15-06-2021 17:51:55.009 [java] [DEBUG] Comparing 'HomePage.acceptById' and 'HomePage.acceptById'
15-06-2021 17:51:55.009 [java] [DEBUG] Found {} id'li elemana tıkla ve izni kabul et in current project scope.
15-06-2021 17:51:55.009 [java] [DEBUG] Comparing 'GeneralCases.acceptById' and 'GeneralCases.acceptById'
15-06-2021 17:51:55.009 [java] [DEBUG] Found Sayfa güncellemesi için {} sn bekle in current project scope.
15-06-2021 17:51:55.009 [java] [DEBUG] Comparing 'Booking.selectOneWayById' and 'Booking.selectOneWayById'
15-06-2021 17:51:55.009 [java] [DEBUG] Found {} id'li elemana tıkla ve tek gidiş seç in current project scope.
15-06-2021 17:51:55.009 [java] [DEBUG] Comparing 'FlightList.checkFlyList' and 'FlightList.checkFlyList'
15-06-2021 17:51:55.009 [java] [DEBUG] Found {} xpath ile uçuşların listelendiği kontrol edilir in current project scope.
15-06-2021 17:51:55.009 [java] [DEBUG] Comparing 'Booking.searchById' and 'Booking.searchById'
15-06-2021 17:51:55.009 [java] [DEBUG] Found {} id'li arama bölümüne {} verisini gönder in current project scope.
15-06-2021 17:51:55.009 [java] [DEBUG] Scanning packages for hooks
15-06-2021 17:51:55.015 [java] [DEBUG] Scanned steps (using static parsing + reflections): 
15-06-2021 17:51:55.015 [java] [DEBUG] 	{} id'li arama bölümüne {} verisini gönder : public void searchById(String key, String search)
15-06-2021 17:51:55.015 [java] [DEBUG] 	{} xpath ile uçuşu veya tipini seç : public void selectFlyByXpath(String key)
15-06-2021 17:51:55.015 [java] [DEBUG] 	Sayfa güncellemesi için {} sn bekle : public void acceptById(ınt second)
15-06-2021 17:51:55.015 [java] [DEBUG] 	{} xpath ile uçuşların listelendiği kontrol edilir : public void checkFlyList(String key)
15-06-2021 17:51:55.015 [java] [DEBUG] 	{} xpath'li elemana {} defa tıklanır ve yetişkin sayısı arttırılır : public void getDayByXpath(String key, ınt n)
15-06-2021 17:51:55.015 [java] [DEBUG] 	{} xpath ile şu an seçili günü al ve {} gün sonraki tarihi {} ile seç : public void getDayByXpath(String key, ınt day, String target)
15-06-2021 17:51:55.015 [java] [DEBUG] 	{} id'li elemana tıkla ve tek gidiş seç : public void selectOneWayById(String key)
15-06-2021 17:51:55.015 [java] [DEBUG] 	{} xpath'li elemanı seç : public void selectByXpath(String key)
15-06-2021 17:51:55.015 [java] [DEBUG] 	{} id'li elemana tıkla : public void clickById(String key)
15-06-2021 17:51:55.015 [java] [DEBUG] 	{} id'li elemana tıkla ve bilet al sayfasına git : public void goToBookFlightById(String key)
15-06-2021 17:51:55.015 [java] [DEBUG] 	{} id'li elemana tıkla ve izni kabul et : public void acceptById(String key)
15-06-2021 17:51:55.015 [java] [DEBUG] 	{} id'li elemana devam etmek için tıkla : public void clickContinueById(String key)
15-06-2021 17:51:58.495 [Gauge] [DEBUG] Validation completed.
15-06-2021 17:51:58.498 [Gauge] [DEBUG] Run started
15-06-2021 17:51:58.501 [Gauge] [DEBUG] Starting Html Report plugin
15-06-2021 17:51:58.525 [Gauge] [DEBUG] Attempting to connect to grpc server at port: 55753
15-06-2021 17:51:58.526 [Gauge] [DEBUG] Successfully made the connection with plugin with port: 55753
15-06-2021 17:51:58.527 [Gauge] [DEBUG] Initialising suite data store.
15-06-2021 17:52:08.451 [java] [DEBUG] Executing 'Sayfa güncellemesi için {} sn bekle' using 'class GeneralCases.acceptById
15-06-2021 17:52:08.496 [java] [DEBUG] Executing '{} id'li elemana tıkla ve izni kabul et' using 'class HomePage.acceptById
15-06-2021 17:52:09.787 [java] [DEBUG] Executing 'Sayfa güncellemesi için {} sn bekle' using 'class GeneralCases.acceptById
15-06-2021 17:52:09.802 [java] [DEBUG] Executing '{} id'li elemana tıkla ve izni kabul et' using 'class HomePage.acceptById
15-06-2021 17:52:11.253 [java] [DEBUG] Executing 'Sayfa güncellemesi için {} sn bekle' using 'class GeneralCases.acceptById
15-06-2021 17:52:11.279 [java] [DEBUG] Executing '{} id'li elemana tıkla ve bilet al sayfasına git' using 'class HomePage.goToBookFlightById
15-06-2021 17:52:12.348 [java] [DEBUG] Executing 'Sayfa güncellemesi için {} sn bekle' using 'class GeneralCases.acceptById
15-06-2021 17:52:12.367 [java] [DEBUG] Executing '{} id'li elemana tıkla ve tek gidiş seç' using 'class Booking.selectOneWayById
15-06-2021 17:52:13.681 [java] [DEBUG] Executing '{} id'li elemana tıkla' using 'class Booking.clickById
15-06-2021 17:52:14.383 [java] [DEBUG] Executing 'Sayfa güncellemesi için {} sn bekle' using 'class GeneralCases.acceptById
15-06-2021 17:52:14.398 [java] [DEBUG] Executing '{} id'li arama bölümüne {} verisini gönder' using 'class Booking.searchById
15-06-2021 17:52:16.862 [java] [DEBUG] Executing '{} xpath'li elemanı seç' using 'class Booking.selectByXpath
15-06-2021 17:52:17.788 [java] [DEBUG] Executing 'Sayfa güncellemesi için {} sn bekle' using 'class GeneralCases.acceptById
15-06-2021 17:52:17.809 [java] [DEBUG] Executing '{} id'li elemana tıkla' using 'class Booking.clickById
15-06-2021 17:52:18.653 [java] [DEBUG] Executing 'Sayfa güncellemesi için {} sn bekle' using 'class GeneralCases.acceptById
15-06-2021 17:52:18.673 [java] [DEBUG] Executing '{} id'li arama bölümüne {} verisini gönder' using 'class Booking.searchById
15-06-2021 17:52:20.629 [java] [DEBUG] Executing '{} xpath'li elemanı seç' using 'class Booking.selectByXpath
15-06-2021 17:52:21.536 [java] [DEBUG] Executing 'Sayfa güncellemesi için {} sn bekle' using 'class GeneralCases.acceptById
15-06-2021 17:52:21.559 [java] [DEBUG] Executing '{} id'li elemana tıkla' using 'class Booking.clickById
15-06-2021 17:52:22.578 [java] [DEBUG] Executing '{} xpath ile şu an seçili günü al ve {} gün sonraki tarihi {} ile seç' using 'class Booking.getDayByXpath
15-06-2021 17:52:23.493 [java] [DEBUG] Executing '{} id'li elemana tıkla' using 'class Booking.clickById
15-06-2021 17:52:24.125 [java] [DEBUG] Executing 'Sayfa güncellemesi için {} sn bekle' using 'class GeneralCases.acceptById
15-06-2021 17:52:24.149 [java] [DEBUG] Executing '{} xpath'li elemana {} defa tıklanır ve yetişkin sayısı arttırılır' using 'class Booking.getDayByXpath
15-06-2021 17:52:25.029 [java] [DEBUG] Executing '{} id'li elemana tıkla' using 'class Booking.clickById
15-06-2021 17:52:25.652 [java] [DEBUG] Executing 'Sayfa güncellemesi için {} sn bekle' using 'class GeneralCases.acceptById
15-06-2021 17:52:25.664 [java] [DEBUG] Executing '{} xpath ile uçuşların listelendiği kontrol edilir' using 'class FlightList.checkFlyList
15-06-2021 17:52:28.004 [java] [DEBUG] Executing 'Sayfa güncellemesi için {} sn bekle' using 'class GeneralCases.acceptById
15-06-2021 17:52:28.014 [java] [DEBUG] Executing '{} xpath ile uçuşu veya tipini seç' using 'class FlightList.selectFlyByXpath
15-06-2021 17:52:28.106 [java] [DEBUG] Executing 'Sayfa güncellemesi için {} sn bekle' using 'class GeneralCases.acceptById
15-06-2021 17:52:28.123 [java] [DEBUG] Executing '{} xpath ile uçuşu veya tipini seç' using 'class FlightList.selectFlyByXpath
15-06-2021 17:52:29.001 [java] [DEBUG] Executing 'Sayfa güncellemesi için {} sn bekle' using 'class GeneralCases.acceptById
15-06-2021 17:52:29.019 [java] [DEBUG] Executing '{} id'li elemana devam etmek için tıkla' using 'class FlightList.clickContinueById
15-06-2021 17:52:29.823 [java] [DEBUG] Executing 'Sayfa güncellemesi için {} sn bekle' using 'class GeneralCases.acceptById
15-06-2021 17:52:30.310 [html-report] [DEBUG] Transformed SuiteResult to report structure
15-06-2021 17:52:30.372 [html-report] [INFO] Successfully generated html-report to => C:\Users\testinium\Desktop\Workspace\GirişEğitimi\ApiumAndBDD\MobileTesting_w_Appium\reports\html-report\index.html
15-06-2021 17:52:30.372 [html-report] [DEBUG] Done generating HTML report using theme from C:\Users\testinium\AppData\Roaming\gauge\plugins\html-report\4.0.12\themes\default
15-06-2021 17:52:30.372 [Gauge] [DEBUG] Sending kill message to Html Report plugin.
15-06-2021 17:52:30.375 [java] [DEBUG] Killing Java runner...
15-06-2021 17:52:30.376 [java] [DEBUG] Stopping execution pool...
15-06-2021 17:52:30.376 [java] [DEBUG] Shutting down grpc server...
15-06-2021 17:52:30.396 [java] [DEBUG] Runner killed gracefully.
15-06-2021 17:52:31.003 [Gauge] [DEBUG] Runner with PID:14036 has exited
15-06-2021 17:52:31.003 [Gauge] [INFO] Specifications:	1 executed	1 passed	0 failed	0 skipped
15-06-2021 17:52:31.003 [Gauge] [INFO] Scenarios:	1 executed	1 passed	0 failed	0 skipped
15-06-2021 17:52:31.004 [Gauge] [INFO] 
Total time taken: 31.808s
15-06-2021 17:52:31.007 [Gauge] [INFO] Updates are available. Run `gauge update -c` for more info.
